2023-08-23 08:53:50.755 DEBUG 3108 --- [http-nio-8888-exec-5] c.m.c.i.d.F.selectFilesByFolderId        : ==>  Preparing: SELECT * FROM sys_file WHERE folder_id = ? AND deleted = 0
2023-08-23 08:53:50.770 DEBUG 3108 --- [http-nio-8888-exec-5] c.m.c.i.d.F.selectFilesByFolderId        : ==> Parameters: 1(Long)
2023-08-23 08:53:50.787 DEBUG 3108 --- [http-nio-8888-exec-5] c.m.c.i.d.F.selectFilesByFolderId        : <==      Total: 1
2023-08-23 08:53:50.791 DEBUG 3108 --- [http-nio-8888-exec-5] c.m.c.i.d.FolderMapper.selectSubFolders  : ==>  Preparing: SELECT * FROM sys_folder WHERE user_id = ? AND parent_id = ? AND deleted = 0
2023-08-23 08:53:50.792 DEBUG 3108 --- [http-nio-8888-exec-5] c.m.c.i.d.FolderMapper.selectSubFolders  : ==> Parameters: 1(Long), 1(Long)
2023-08-23 08:53:50.795 DEBUG 3108 --- [http-nio-8888-exec-5] c.m.c.i.d.FolderMapper.selectSubFolders  : <==      Total: 2
2023-08-23 08:53:50.795 DEBUG 3108 --- [http-nio-8888-exec-5] c.m.c.i.dao.FolderMapper.getFolderPath   : ==>  Preparing: SELECT id, name, parent_id FROM sys_folder WHERE find_in_set(id, get_parent_list(?))
2023-08-23 08:53:50.795 DEBUG 3108 --- [http-nio-8888-exec-5] c.m.c.i.dao.FolderMapper.getFolderPath   : ==> Parameters: 1(Long)
2023-08-23 08:53:50.797 DEBUG 3108 --- [http-nio-8888-exec-5] c.m.c.i.dao.FolderMapper.getFolderPath   : <==      Total: 1
2023-08-23 08:53:58.402 DEBUG 3108 --- [http-nio-8888-exec-7] c.m.c.i.d.F.selectFilesByFolderId        : ==>  Preparing: SELECT * FROM sys_file WHERE folder_id = ? AND deleted = 0
2023-08-23 08:53:58.403 DEBUG 3108 --- [http-nio-8888-exec-7] c.m.c.i.d.F.selectFilesByFolderId        : ==> Parameters: 1(Long)
2023-08-23 08:53:58.406 DEBUG 3108 --- [http-nio-8888-exec-7] c.m.c.i.d.F.selectFilesByFolderId        : <==      Total: 1
2023-08-23 08:53:58.406 DEBUG 3108 --- [http-nio-8888-exec-7] c.m.c.i.d.FolderMapper.selectSubFolders  : ==>  Preparing: SELECT * FROM sys_folder WHERE user_id = ? AND parent_id = ? AND deleted = 0
2023-08-23 08:53:58.406 DEBUG 3108 --- [http-nio-8888-exec-7] c.m.c.i.d.FolderMapper.selectSubFolders  : ==> Parameters: 1(Long), 1(Long)
2023-08-23 08:53:58.408 DEBUG 3108 --- [http-nio-8888-exec-7] c.m.c.i.d.FolderMapper.selectSubFolders  : <==      Total: 2
2023-08-23 08:53:58.408 DEBUG 3108 --- [http-nio-8888-exec-7] c.m.c.i.dao.FolderMapper.getFolderPath   : ==>  Preparing: SELECT id, name, parent_id FROM sys_folder WHERE find_in_set(id, get_parent_list(?))
2023-08-23 08:53:58.409 DEBUG 3108 --- [http-nio-8888-exec-7] c.m.c.i.dao.FolderMapper.getFolderPath   : ==> Parameters: 1(Long)
2023-08-23 08:53:58.410 DEBUG 3108 --- [http-nio-8888-exec-7] c.m.c.i.dao.FolderMapper.getFolderPath   : <==      Total: 1
2023-08-23 08:54:11.182 DEBUG 3108 --- [http-nio-8888-exec-9] c.m.c.i.d.F.selectFilesByFolderId        : ==>  Preparing: SELECT * FROM sys_file WHERE folder_id = ? AND deleted = 0
2023-08-23 08:54:11.182 DEBUG 3108 --- [http-nio-8888-exec-9] c.m.c.i.d.F.selectFilesByFolderId        : ==> Parameters: 1(Long)
2023-08-23 08:54:11.186 DEBUG 3108 --- [http-nio-8888-exec-9] c.m.c.i.d.F.selectFilesByFolderId        : <==      Total: 1
2023-08-23 08:54:11.187 DEBUG 3108 --- [http-nio-8888-exec-9] c.m.c.i.d.FolderMapper.selectSubFolders  : ==>  Preparing: SELECT * FROM sys_folder WHERE user_id = ? AND parent_id = ? AND deleted = 0
2023-08-23 08:54:11.187 DEBUG 3108 --- [http-nio-8888-exec-9] c.m.c.i.d.FolderMapper.selectSubFolders  : ==> Parameters: 1(Long), 1(Long)
2023-08-23 08:54:11.190 DEBUG 3108 --- [http-nio-8888-exec-9] c.m.c.i.d.FolderMapper.selectSubFolders  : <==      Total: 2
2023-08-23 08:54:11.191 DEBUG 3108 --- [http-nio-8888-exec-9] c.m.c.i.dao.FolderMapper.getFolderPath   : ==>  Preparing: SELECT id, name, parent_id FROM sys_folder WHERE find_in_set(id, get_parent_list(?))
2023-08-23 08:54:11.191 DEBUG 3108 --- [http-nio-8888-exec-9] c.m.c.i.dao.FolderMapper.getFolderPath   : ==> Parameters: 1(Long)
2023-08-23 08:54:11.194 DEBUG 3108 --- [http-nio-8888-exec-9] c.m.c.i.dao.FolderMapper.getFolderPath   : <==      Total: 1
2023-08-23 08:55:29.987 DEBUG 3108 --- [http-nio-8888-exec-2] c.m.c.i.d.F.selectFilesByFolderId        : ==>  Preparing: SELECT * FROM sys_file WHERE folder_id = ? AND deleted = 0
2023-08-23 08:55:29.988 DEBUG 3108 --- [http-nio-8888-exec-2] c.m.c.i.d.F.selectFilesByFolderId        : ==> Parameters: 1(Long)
2023-08-23 08:55:29.990 DEBUG 3108 --- [http-nio-8888-exec-2] c.m.c.i.d.F.selectFilesByFolderId        : <==      Total: 1
2023-08-23 08:55:36.159 DEBUG 3108 --- [http-nio-8888-exec-2] c.m.c.i.d.FolderMapper.selectSubFolders  : ==>  Preparing: SELECT * FROM sys_folder WHERE user_id = ? AND parent_id = ? AND deleted = 0
2023-08-23 08:55:36.162 DEBUG 3108 --- [http-nio-8888-exec-2] c.m.c.i.d.FolderMapper.selectSubFolders  : ==> Parameters: 1(Long), 1(Long)
2023-08-23 08:55:36.170 DEBUG 3108 --- [http-nio-8888-exec-2] c.m.c.i.d.FolderMapper.selectSubFolders  : <==      Total: 2
2023-08-23 08:55:36.998 DEBUG 3108 --- [http-nio-8888-exec-2] c.m.c.i.dao.FolderMapper.getFolderPath   : ==>  Preparing: SELECT id, name, parent_id FROM sys_folder WHERE find_in_set(id, get_parent_list(?))
2023-08-23 08:55:36.999 DEBUG 3108 --- [http-nio-8888-exec-2] c.m.c.i.dao.FolderMapper.getFolderPath   : ==> Parameters: 1(Long)
2023-08-23 08:55:37.001 DEBUG 3108 --- [http-nio-8888-exec-2] c.m.c.i.dao.FolderMapper.getFolderPath   : <==      Total: 1
2023-08-23 09:31:43.011 DEBUG 3847 --- [http-nio-8888-exec-5] c.m.c.i.d.F.selectFilesByFolderId        : ==>  Preparing: SELECT * FROM sys_file WHERE folder_id = ? AND deleted = 0
2023-08-23 09:31:43.043 DEBUG 3847 --- [http-nio-8888-exec-5] c.m.c.i.d.F.selectFilesByFolderId        : ==> Parameters: 1(Long)
2023-08-23 09:31:43.059 DEBUG 3847 --- [http-nio-8888-exec-5] c.m.c.i.d.F.selectFilesByFolderId        : <==      Total: 1
2023-08-23 09:31:50.454 DEBUG 3847 --- [http-nio-8888-exec-5] c.m.c.i.d.FolderMapper.selectSubFolders  : ==>  Preparing: SELECT * FROM sys_folder WHERE user_id = ? AND parent_id = ? AND deleted = 0
2023-08-23 09:31:50.456 DEBUG 3847 --- [http-nio-8888-exec-5] c.m.c.i.d.FolderMapper.selectSubFolders  : ==> Parameters: 1(Long), 1(Long)
2023-08-23 09:31:50.463 DEBUG 3847 --- [http-nio-8888-exec-5] c.m.c.i.d.FolderMapper.selectSubFolders  : <==      Total: 2
2023-08-23 09:31:52.519 DEBUG 3847 --- [http-nio-8888-exec-5] c.m.c.i.dao.FolderMapper.getFolderPath   : ==>  Preparing: SELECT id, name, parent_id FROM sys_folder WHERE find_in_set(id, get_parent_list(?))
2023-08-23 09:31:52.520 DEBUG 3847 --- [http-nio-8888-exec-5] c.m.c.i.dao.FolderMapper.getFolderPath   : ==> Parameters: 1(Long)
2023-08-23 09:31:52.522 DEBUG 3847 --- [http-nio-8888-exec-5] c.m.c.i.dao.FolderMapper.getFolderPath   : <==      Total: 1
2023-08-23 09:32:41.132 DEBUG 3847 --- [http-nio-8888-exec-7] c.m.c.i.d.F.selectFilesByFolderId        : ==>  Preparing: SELECT * FROM sys_file WHERE folder_id = ? AND deleted = 0
2023-08-23 09:32:41.133 DEBUG 3847 --- [http-nio-8888-exec-7] c.m.c.i.d.F.selectFilesByFolderId        : ==> Parameters: 1(Long)
2023-08-23 09:32:41.135 DEBUG 3847 --- [http-nio-8888-exec-7] c.m.c.i.d.F.selectFilesByFolderId        : <==      Total: 1
2023-08-23 09:32:43.821 DEBUG 3847 --- [http-nio-8888-exec-7] c.m.c.i.d.FolderMapper.selectSubFolders  : ==>  Preparing: SELECT * FROM sys_folder WHERE user_id = ? AND parent_id = ? AND deleted = 0
2023-08-23 09:32:43.822 DEBUG 3847 --- [http-nio-8888-exec-7] c.m.c.i.d.FolderMapper.selectSubFolders  : ==> Parameters: 1(Long), 1(Long)
2023-08-23 09:32:43.824 DEBUG 3847 --- [http-nio-8888-exec-7] c.m.c.i.d.FolderMapper.selectSubFolders  : <==      Total: 2
2023-08-23 09:32:43.825 DEBUG 3847 --- [http-nio-8888-exec-7] c.m.c.i.dao.FolderMapper.getFolderPath   : ==>  Preparing: SELECT id, name, parent_id FROM sys_folder WHERE find_in_set(id, get_parent_list(?))
2023-08-23 09:32:43.825 DEBUG 3847 --- [http-nio-8888-exec-7] c.m.c.i.dao.FolderMapper.getFolderPath   : ==> Parameters: 1(Long)
2023-08-23 09:32:43.828 DEBUG 3847 --- [http-nio-8888-exec-7] c.m.c.i.dao.FolderMapper.getFolderPath   : <==      Total: 1
2023-08-23 09:32:52.635 DEBUG 3877 --- [http-nio-8888-exec-5] c.m.c.i.d.F.selectFilesByFolderId        : ==>  Preparing: SELECT * FROM sys_file WHERE folder_id = ? AND deleted = 0
2023-08-23 09:32:52.651 DEBUG 3877 --- [http-nio-8888-exec-5] c.m.c.i.d.F.selectFilesByFolderId        : ==> Parameters: 1(Long)
2023-08-23 09:32:52.666 DEBUG 3877 --- [http-nio-8888-exec-5] c.m.c.i.d.F.selectFilesByFolderId        : <==      Total: 1
2023-08-23 09:32:55.966 DEBUG 3877 --- [http-nio-8888-exec-5] c.m.c.i.d.FolderMapper.selectSubFolders  : ==>  Preparing: SELECT * FROM sys_folder WHERE user_id = ? AND parent_id = ? AND deleted = 0
2023-08-23 09:32:55.968 DEBUG 3877 --- [http-nio-8888-exec-5] c.m.c.i.d.FolderMapper.selectSubFolders  : ==> Parameters: 1(Long), 1(Long)
2023-08-23 09:32:55.971 DEBUG 3877 --- [http-nio-8888-exec-5] c.m.c.i.d.FolderMapper.selectSubFolders  : <==      Total: 2
2023-08-23 09:32:55.972 DEBUG 3877 --- [http-nio-8888-exec-5] c.m.c.i.dao.FolderMapper.getFolderPath   : ==>  Preparing: SELECT id, name, parent_id FROM sys_folder WHERE find_in_set(id, get_parent_list(?))
2023-08-23 09:32:55.972 DEBUG 3877 --- [http-nio-8888-exec-5] c.m.c.i.dao.FolderMapper.getFolderPath   : ==> Parameters: 1(Long)
2023-08-23 09:32:55.975 DEBUG 3877 --- [http-nio-8888-exec-5] c.m.c.i.dao.FolderMapper.getFolderPath   : <==      Total: 1
2023-08-23 09:32:58.996 DEBUG 3877 --- [http-nio-8888-exec-7] c.m.c.i.d.F.selectFilesByFolderId        : ==>  Preparing: SELECT * FROM sys_file WHERE folder_id = ? AND deleted = 0
2023-08-23 09:32:58.997 DEBUG 3877 --- [http-nio-8888-exec-7] c.m.c.i.d.F.selectFilesByFolderId        : ==> Parameters: 1(Long)
2023-08-23 09:32:59.000 DEBUG 3877 --- [http-nio-8888-exec-7] c.m.c.i.d.F.selectFilesByFolderId        : <==      Total: 1
2023-08-23 09:33:46.142 DEBUG 3877 --- [http-nio-8888-exec-7] c.m.c.i.d.FolderMapper.selectSubFolders  : ==>  Preparing: SELECT * FROM sys_folder WHERE user_id = ? AND parent_id = ? AND deleted = 0
2023-08-23 09:33:46.143 DEBUG 3877 --- [http-nio-8888-exec-7] c.m.c.i.d.FolderMapper.selectSubFolders  : ==> Parameters: 1(Long), 1(Long)
2023-08-23 09:33:46.145 DEBUG 3877 --- [http-nio-8888-exec-7] c.m.c.i.d.FolderMapper.selectSubFolders  : <==      Total: 2
2023-08-23 09:33:46.146 DEBUG 3877 --- [http-nio-8888-exec-7] c.m.c.i.dao.FolderMapper.getFolderPath   : ==>  Preparing: SELECT id, name, parent_id FROM sys_folder WHERE find_in_set(id, get_parent_list(?))
2023-08-23 09:33:46.146 DEBUG 3877 --- [http-nio-8888-exec-2] c.m.c.i.d.F.selectFilesByFolderId        : ==>  Preparing: SELECT * FROM sys_file WHERE folder_id = ? AND deleted = 0
2023-08-23 09:33:46.146 DEBUG 3877 --- [http-nio-8888-exec-7] c.m.c.i.dao.FolderMapper.getFolderPath   : ==> Parameters: 1(Long)
2023-08-23 09:33:46.146 DEBUG 3877 --- [http-nio-8888-exec-2] c.m.c.i.d.F.selectFilesByFolderId        : ==> Parameters: 1(Long)
2023-08-23 09:33:46.148 DEBUG 3877 --- [http-nio-8888-exec-7] c.m.c.i.dao.FolderMapper.getFolderPath   : <==      Total: 1
2023-08-23 09:33:46.149 DEBUG 3877 --- [http-nio-8888-exec-2] c.m.c.i.d.F.selectFilesByFolderId        : <==      Total: 1
2023-08-23 09:33:46.150 DEBUG 3877 --- [http-nio-8888-exec-2] c.m.c.i.d.FolderMapper.selectSubFolders  : ==>  Preparing: SELECT * FROM sys_folder WHERE user_id = ? AND parent_id = ? AND deleted = 0
2023-08-23 09:33:46.150 DEBUG 3877 --- [http-nio-8888-exec-2] c.m.c.i.d.FolderMapper.selectSubFolders  : ==> Parameters: 1(Long), 1(Long)
2023-08-23 09:33:46.152 DEBUG 3877 --- [http-nio-8888-exec-2] c.m.c.i.d.FolderMapper.selectSubFolders  : <==      Total: 2
2023-08-23 09:33:46.153 DEBUG 3877 --- [http-nio-8888-exec-2] c.m.c.i.dao.FolderMapper.getFolderPath   : ==>  Preparing: SELECT id, name, parent_id FROM sys_folder WHERE find_in_set(id, get_parent_list(?))
2023-08-23 09:33:46.153 DEBUG 3877 --- [http-nio-8888-exec-2] c.m.c.i.dao.FolderMapper.getFolderPath   : ==> Parameters: 1(Long)
2023-08-23 09:33:46.155 DEBUG 3877 --- [http-nio-8888-exec-2] c.m.c.i.dao.FolderMapper.getFolderPath   : <==      Total: 1
2023-08-23 09:33:53.417 DEBUG 3877 --- [http-nio-8888-exec-4] c.m.c.i.d.F.selectFilesByFolderId        : ==>  Preparing: SELECT * FROM sys_file WHERE folder_id = ? AND deleted = 0
2023-08-23 09:33:53.418 DEBUG 3877 --- [http-nio-8888-exec-4] c.m.c.i.d.F.selectFilesByFolderId        : ==> Parameters: 1(Long)
2023-08-23 09:33:53.421 DEBUG 3877 --- [http-nio-8888-exec-4] c.m.c.i.d.F.selectFilesByFolderId        : <==      Total: 1
2023-08-23 09:33:53.422 DEBUG 3877 --- [http-nio-8888-exec-4] c.m.c.i.d.FolderMapper.selectSubFolders  : ==>  Preparing: SELECT * FROM sys_folder WHERE user_id = ? AND parent_id = ? AND deleted = 0
2023-08-23 09:33:53.422 DEBUG 3877 --- [http-nio-8888-exec-4] c.m.c.i.d.FolderMapper.selectSubFolders  : ==> Parameters: 1(Long), 1(Long)
2023-08-23 09:33:53.425 DEBUG 3877 --- [http-nio-8888-exec-4] c.m.c.i.d.FolderMapper.selectSubFolders  : <==      Total: 2
2023-08-23 09:33:53.425 DEBUG 3877 --- [http-nio-8888-exec-4] c.m.c.i.dao.FolderMapper.getFolderPath   : ==>  Preparing: SELECT id, name, parent_id FROM sys_folder WHERE find_in_set(id, get_parent_list(?))
2023-08-23 09:33:53.426 DEBUG 3877 --- [http-nio-8888-exec-4] c.m.c.i.dao.FolderMapper.getFolderPath   : ==> Parameters: 1(Long)
2023-08-23 09:33:53.428 DEBUG 3877 --- [http-nio-8888-exec-4] c.m.c.i.dao.FolderMapper.getFolderPath   : <==      Total: 1
2023-08-23 09:34:21.093 DEBUG 3877 --- [http-nio-8888-exec-6] c.m.c.i.d.F.selectFilesByFolderId        : ==>  Preparing: SELECT * FROM sys_file WHERE folder_id = ? AND deleted = 0
2023-08-23 09:34:21.094 DEBUG 3877 --- [http-nio-8888-exec-6] c.m.c.i.d.F.selectFilesByFolderId        : ==> Parameters: 1693970865265446913(Long)
2023-08-23 09:34:21.096 DEBUG 3877 --- [http-nio-8888-exec-6] c.m.c.i.d.F.selectFilesByFolderId        : <==      Total: 2
2023-08-23 09:34:21.096 DEBUG 3877 --- [http-nio-8888-exec-6] c.m.c.i.d.FolderMapper.selectSubFolders  : ==>  Preparing: SELECT * FROM sys_folder WHERE user_id = ? AND parent_id = ? AND deleted = 0
2023-08-23 09:34:21.097 DEBUG 3877 --- [http-nio-8888-exec-6] c.m.c.i.d.FolderMapper.selectSubFolders  : ==> Parameters: 1(Long), 1693970865265446913(Long)
2023-08-23 09:34:21.098 DEBUG 3877 --- [http-nio-8888-exec-6] c.m.c.i.d.FolderMapper.selectSubFolders  : <==      Total: 0
2023-08-23 09:34:21.099 DEBUG 3877 --- [http-nio-8888-exec-6] c.m.c.i.dao.FolderMapper.getFolderPath   : ==>  Preparing: SELECT id, name, parent_id FROM sys_folder WHERE find_in_set(id, get_parent_list(?))
2023-08-23 09:34:21.099 DEBUG 3877 --- [http-nio-8888-exec-6] c.m.c.i.dao.FolderMapper.getFolderPath   : ==> Parameters: 1693970865265446913(Long)
2023-08-23 09:34:21.101 DEBUG 3877 --- [http-nio-8888-exec-6] c.m.c.i.dao.FolderMapper.getFolderPath   : <==      Total: 2
2023-08-23 09:34:21.894 DEBUG 3877 --- [http-nio-8888-exec-8] c.m.c.i.d.F.selectFilesByFolderId        : ==>  Preparing: SELECT * FROM sys_file WHERE folder_id = ? AND deleted = 0
2023-08-23 09:34:21.895 DEBUG 3877 --- [http-nio-8888-exec-8] c.m.c.i.d.F.selectFilesByFolderId        : ==> Parameters: 1(Long)
2023-08-23 09:34:21.897 DEBUG 3877 --- [http-nio-8888-exec-8] c.m.c.i.d.F.selectFilesByFolderId        : <==      Total: 1
2023-08-23 09:34:21.898 DEBUG 3877 --- [http-nio-8888-exec-8] c.m.c.i.d.FolderMapper.selectSubFolders  : ==>  Preparing: SELECT * FROM sys_folder WHERE user_id = ? AND parent_id = ? AND deleted = 0
2023-08-23 09:34:21.898 DEBUG 3877 --- [http-nio-8888-exec-8] c.m.c.i.d.FolderMapper.selectSubFolders  : ==> Parameters: 1(Long), 1(Long)
2023-08-23 09:34:21.900 DEBUG 3877 --- [http-nio-8888-exec-8] c.m.c.i.d.FolderMapper.selectSubFolders  : <==      Total: 2
2023-08-23 09:34:21.901 DEBUG 3877 --- [http-nio-8888-exec-8] c.m.c.i.dao.FolderMapper.getFolderPath   : ==>  Preparing: SELECT id, name, parent_id FROM sys_folder WHERE find_in_set(id, get_parent_list(?))
2023-08-23 09:34:21.901 DEBUG 3877 --- [http-nio-8888-exec-8] c.m.c.i.dao.FolderMapper.getFolderPath   : ==> Parameters: 1(Long)
2023-08-23 09:34:21.902 DEBUG 3877 --- [http-nio-8888-exec-8] c.m.c.i.dao.FolderMapper.getFolderPath   : <==      Total: 1
2023-08-23 09:44:51.638 DEBUG 3877 --- [http-nio-8888-exec-7] c.m.c.i.d.F.selectFilesByFolderId        : ==>  Preparing: SELECT * FROM sys_file WHERE folder_id = ? AND deleted = 0
2023-08-23 09:44:51.639 DEBUG 3877 --- [http-nio-8888-exec-7] c.m.c.i.d.F.selectFilesByFolderId        : ==> Parameters: 1693970865265446913(Long)
2023-08-23 09:44:51.641 DEBUG 3877 --- [http-nio-8888-exec-7] c.m.c.i.d.F.selectFilesByFolderId        : <==      Total: 2
2023-08-23 09:44:51.641 DEBUG 3877 --- [http-nio-8888-exec-7] c.m.c.i.d.FolderMapper.selectSubFolders  : ==>  Preparing: SELECT * FROM sys_folder WHERE user_id = ? AND parent_id = ? AND deleted = 0
2023-08-23 09:44:51.641 DEBUG 3877 --- [http-nio-8888-exec-7] c.m.c.i.d.FolderMapper.selectSubFolders  : ==> Parameters: 1(Long), 1693970865265446913(Long)
2023-08-23 09:44:51.643 DEBUG 3877 --- [http-nio-8888-exec-7] c.m.c.i.d.FolderMapper.selectSubFolders  : <==      Total: 0
2023-08-23 09:44:51.644 DEBUG 3877 --- [http-nio-8888-exec-7] c.m.c.i.dao.FolderMapper.getFolderPath   : ==>  Preparing: SELECT id, name, parent_id FROM sys_folder WHERE find_in_set(id, get_parent_list(?))
2023-08-23 09:44:51.644 DEBUG 3877 --- [http-nio-8888-exec-7] c.m.c.i.dao.FolderMapper.getFolderPath   : ==> Parameters: 1693970865265446913(Long)
2023-08-23 09:44:51.646 DEBUG 3877 --- [http-nio-8888-exec-7] c.m.c.i.dao.FolderMapper.getFolderPath   : <==      Total: 2
2023-08-23 09:44:52.639 DEBUG 3877 --- [http-nio-8888-exec-3] c.m.c.i.d.F.selectFilesByFolderId        : ==>  Preparing: SELECT * FROM sys_file WHERE folder_id = ? AND deleted = 0
2023-08-23 09:44:52.639 DEBUG 3877 --- [http-nio-8888-exec-3] c.m.c.i.d.F.selectFilesByFolderId        : ==> Parameters: 1(Long)
2023-08-23 09:44:52.641 DEBUG 3877 --- [http-nio-8888-exec-3] c.m.c.i.d.F.selectFilesByFolderId        : <==      Total: 1
2023-08-23 09:44:52.641 DEBUG 3877 --- [http-nio-8888-exec-3] c.m.c.i.d.FolderMapper.selectSubFolders  : ==>  Preparing: SELECT * FROM sys_folder WHERE user_id = ? AND parent_id = ? AND deleted = 0
2023-08-23 09:44:52.642 DEBUG 3877 --- [http-nio-8888-exec-3] c.m.c.i.d.FolderMapper.selectSubFolders  : ==> Parameters: 1(Long), 1(Long)
2023-08-23 09:44:52.643 DEBUG 3877 --- [http-nio-8888-exec-3] c.m.c.i.d.FolderMapper.selectSubFolders  : <==      Total: 2
2023-08-23 09:44:52.644 DEBUG 3877 --- [http-nio-8888-exec-3] c.m.c.i.dao.FolderMapper.getFolderPath   : ==>  Preparing: SELECT id, name, parent_id FROM sys_folder WHERE find_in_set(id, get_parent_list(?))
2023-08-23 09:44:52.644 DEBUG 3877 --- [http-nio-8888-exec-3] c.m.c.i.dao.FolderMapper.getFolderPath   : ==> Parameters: 1(Long)
2023-08-23 09:44:52.645 DEBUG 3877 --- [http-nio-8888-exec-3] c.m.c.i.dao.FolderMapper.getFolderPath   : <==      Total: 1
2023-08-23 09:46:39.420 DEBUG 4178 --- [http-nio-8888-exec-5] c.m.c.i.d.F.selectFilesByFolderId        : ==>  Preparing: SELECT * FROM sys_file WHERE folder_id = ? AND deleted = 0
2023-08-23 09:46:39.601 DEBUG 4178 --- [http-nio-8888-exec-5] c.m.c.i.d.F.selectFilesByFolderId        : ==> Parameters: 1(Long)
2023-08-23 09:46:39.751 DEBUG 4178 --- [http-nio-8888-exec-5] c.m.c.i.d.F.selectFilesByFolderId        : <==      Total: 1
2023-08-23 09:46:49.575 DEBUG 4178 --- [http-nio-8888-exec-5] c.m.c.i.d.FolderMapper.selectSubFolders  : ==>  Preparing: SELECT * FROM sys_folder WHERE user_id = ? AND parent_id = ? AND deleted = 0
2023-08-23 09:46:49.576 DEBUG 4178 --- [http-nio-8888-exec-5] c.m.c.i.d.FolderMapper.selectSubFolders  : ==> Parameters: 1(Long), 1(Long)
2023-08-23 09:46:49.578 DEBUG 4178 --- [http-nio-8888-exec-5] c.m.c.i.d.FolderMapper.selectSubFolders  : <==      Total: 2
2023-08-23 09:46:49.579 DEBUG 4178 --- [http-nio-8888-exec-5] c.m.c.i.dao.FolderMapper.getFolderPath   : ==>  Preparing: SELECT id, name, parent_id FROM sys_folder WHERE find_in_set(id, get_parent_list(?))
2023-08-23 09:46:49.579 DEBUG 4178 --- [http-nio-8888-exec-5] c.m.c.i.dao.FolderMapper.getFolderPath   : ==> Parameters: 1(Long)
2023-08-23 09:46:49.581 DEBUG 4178 --- [http-nio-8888-exec-5] c.m.c.i.dao.FolderMapper.getFolderPath   : <==      Total: 1
2023-08-23 09:47:00.475 DEBUG 4178 --- [http-nio-8888-exec-7] c.m.c.i.d.F.selectFilesByFolderId        : ==>  Preparing: SELECT * FROM sys_file WHERE folder_id = ? AND deleted = 0
2023-08-23 09:47:00.476 DEBUG 4178 --- [http-nio-8888-exec-7] c.m.c.i.d.F.selectFilesByFolderId        : ==> Parameters: 1(Long)
2023-08-23 09:47:00.479 DEBUG 4178 --- [http-nio-8888-exec-7] c.m.c.i.d.F.selectFilesByFolderId        : <==      Total: 1
2023-08-23 09:47:00.480 DEBUG 4178 --- [http-nio-8888-exec-7] c.m.c.i.d.FolderMapper.selectSubFolders  : ==>  Preparing: SELECT * FROM sys_folder WHERE user_id = ? AND parent_id = ? AND deleted = 0
2023-08-23 09:47:00.480 DEBUG 4178 --- [http-nio-8888-exec-7] c.m.c.i.d.FolderMapper.selectSubFolders  : ==> Parameters: 1(Long), 1(Long)
2023-08-23 09:47:00.482 DEBUG 4178 --- [http-nio-8888-exec-7] c.m.c.i.d.FolderMapper.selectSubFolders  : <==      Total: 2
2023-08-23 09:47:00.482 DEBUG 4178 --- [http-nio-8888-exec-7] c.m.c.i.dao.FolderMapper.getFolderPath   : ==>  Preparing: SELECT id, name, parent_id FROM sys_folder WHERE find_in_set(id, get_parent_list(?))
2023-08-23 09:47:00.482 DEBUG 4178 --- [http-nio-8888-exec-7] c.m.c.i.dao.FolderMapper.getFolderPath   : ==> Parameters: 1(Long)
2023-08-23 09:47:00.484 DEBUG 4178 --- [http-nio-8888-exec-7] c.m.c.i.dao.FolderMapper.getFolderPath   : <==      Total: 1
2023-08-23 09:49:11.266 DEBUG 4229 --- [http-nio-8888-exec-5] c.m.c.i.d.F.selectFilesByFolderId        : ==>  Preparing: SELECT * FROM sys_file WHERE folder_id = ? AND deleted = 0
2023-08-23 09:49:11.281 DEBUG 4229 --- [http-nio-8888-exec-5] c.m.c.i.d.F.selectFilesByFolderId        : ==> Parameters: 1(Long)
2023-08-23 09:49:11.297 DEBUG 4229 --- [http-nio-8888-exec-5] c.m.c.i.d.F.selectFilesByFolderId        : <==      Total: 1
2023-08-23 09:49:11.301 DEBUG 4229 --- [http-nio-8888-exec-5] c.m.c.i.d.FolderMapper.selectSubFolders  : ==>  Preparing: SELECT * FROM sys_folder WHERE user_id = ? AND parent_id = ? AND deleted = 0
2023-08-23 09:49:11.301 DEBUG 4229 --- [http-nio-8888-exec-5] c.m.c.i.d.FolderMapper.selectSubFolders  : ==> Parameters: 1(Long), 1(Long)
2023-08-23 09:49:11.303 DEBUG 4229 --- [http-nio-8888-exec-5] c.m.c.i.d.FolderMapper.selectSubFolders  : <==      Total: 2
2023-08-23 09:49:11.304 DEBUG 4229 --- [http-nio-8888-exec-5] c.m.c.i.dao.FolderMapper.getFolderPath   : ==>  Preparing: SELECT id, name, parent_id FROM sys_folder WHERE find_in_set(id, get_parent_list(?))
2023-08-23 09:49:11.304 DEBUG 4229 --- [http-nio-8888-exec-5] c.m.c.i.dao.FolderMapper.getFolderPath   : ==> Parameters: 1(Long)
2023-08-23 09:49:11.306 DEBUG 4229 --- [http-nio-8888-exec-5] c.m.c.i.dao.FolderMapper.getFolderPath   : <==      Total: 1
2023-08-23 09:49:18.049 DEBUG 4229 --- [http-nio-8888-exec-7] c.m.c.i.d.F.selectFilesByFolderId        : ==>  Preparing: SELECT * FROM sys_file WHERE folder_id = ? AND deleted = 0
2023-08-23 09:49:18.050 DEBUG 4229 --- [http-nio-8888-exec-7] c.m.c.i.d.F.selectFilesByFolderId        : ==> Parameters: 1(Long)
2023-08-23 09:49:18.053 DEBUG 4229 --- [http-nio-8888-exec-7] c.m.c.i.d.F.selectFilesByFolderId        : <==      Total: 1
2023-08-23 09:49:18.054 DEBUG 4229 --- [http-nio-8888-exec-7] c.m.c.i.d.FolderMapper.selectSubFolders  : ==>  Preparing: SELECT * FROM sys_folder WHERE user_id = ? AND parent_id = ? AND deleted = 0
2023-08-23 09:49:18.054 DEBUG 4229 --- [http-nio-8888-exec-7] c.m.c.i.d.FolderMapper.selectSubFolders  : ==> Parameters: 1(Long), 1(Long)
2023-08-23 09:49:18.056 DEBUG 4229 --- [http-nio-8888-exec-7] c.m.c.i.d.FolderMapper.selectSubFolders  : <==      Total: 2
2023-08-23 09:49:18.056 DEBUG 4229 --- [http-nio-8888-exec-7] c.m.c.i.dao.FolderMapper.getFolderPath   : ==>  Preparing: SELECT id, name, parent_id FROM sys_folder WHERE find_in_set(id, get_parent_list(?))
2023-08-23 09:49:18.057 DEBUG 4229 --- [http-nio-8888-exec-7] c.m.c.i.dao.FolderMapper.getFolderPath   : ==> Parameters: 1(Long)
2023-08-23 09:49:18.059 DEBUG 4229 --- [http-nio-8888-exec-7] c.m.c.i.dao.FolderMapper.getFolderPath   : <==      Total: 1
2023-08-23 09:49:19.402 DEBUG 4229 --- [http-nio-8888-exec-8] c.m.c.i.d.F.selectFilesByFolderId        : ==>  Preparing: SELECT * FROM sys_file WHERE folder_id = ? AND deleted = 0
2023-08-23 09:49:19.403 DEBUG 4229 --- [http-nio-8888-exec-8] c.m.c.i.d.F.selectFilesByFolderId        : ==> Parameters: 1(Long)
2023-08-23 09:49:19.407 DEBUG 4229 --- [http-nio-8888-exec-8] c.m.c.i.d.F.selectFilesByFolderId        : <==      Total: 1
2023-08-23 09:49:19.407 DEBUG 4229 --- [http-nio-8888-exec-8] c.m.c.i.d.FolderMapper.selectSubFolders  : ==>  Preparing: SELECT * FROM sys_folder WHERE user_id = ? AND parent_id = ? AND deleted = 0
2023-08-23 09:49:19.408 DEBUG 4229 --- [http-nio-8888-exec-8] c.m.c.i.d.FolderMapper.selectSubFolders  : ==> Parameters: 1(Long), 1(Long)
2023-08-23 09:49:19.411 DEBUG 4229 --- [http-nio-8888-exec-8] c.m.c.i.d.FolderMapper.selectSubFolders  : <==      Total: 2
2023-08-23 09:49:19.412 DEBUG 4229 --- [http-nio-8888-exec-8] c.m.c.i.dao.FolderMapper.getFolderPath   : ==>  Preparing: SELECT id, name, parent_id FROM sys_folder WHERE find_in_set(id, get_parent_list(?))
2023-08-23 09:49:19.413 DEBUG 4229 --- [http-nio-8888-exec-8] c.m.c.i.dao.FolderMapper.getFolderPath   : ==> Parameters: 1(Long)
2023-08-23 09:49:19.416 DEBUG 4229 --- [http-nio-8888-exec-8] c.m.c.i.dao.FolderMapper.getFolderPath   : <==      Total: 1
2023-08-23 09:49:31.301 DEBUG 4229 --- [http-nio-8888-exec-10] c.m.c.i.d.F.selectFilesByFolderId        : ==>  Preparing: SELECT * FROM sys_file WHERE folder_id = ? AND deleted = 0
2023-08-23 09:49:31.301 DEBUG 4229 --- [http-nio-8888-exec-10] c.m.c.i.d.F.selectFilesByFolderId        : ==> Parameters: 1(Long)
2023-08-23 09:49:31.304 DEBUG 4229 --- [http-nio-8888-exec-10] c.m.c.i.d.F.selectFilesByFolderId        : <==      Total: 1
2023-08-23 09:49:31.304 DEBUG 4229 --- [http-nio-8888-exec-10] c.m.c.i.d.FolderMapper.selectSubFolders  : ==>  Preparing: SELECT * FROM sys_folder WHERE user_id = ? AND parent_id = ? AND deleted = 0
2023-08-23 09:49:31.304 DEBUG 4229 --- [http-nio-8888-exec-10] c.m.c.i.d.FolderMapper.selectSubFolders  : ==> Parameters: 1(Long), 1(Long)
2023-08-23 09:49:31.307 DEBUG 4229 --- [http-nio-8888-exec-10] c.m.c.i.d.FolderMapper.selectSubFolders  : <==      Total: 2
2023-08-23 09:49:31.307 DEBUG 4229 --- [http-nio-8888-exec-10] c.m.c.i.dao.FolderMapper.getFolderPath   : ==>  Preparing: SELECT id, name, parent_id FROM sys_folder WHERE find_in_set(id, get_parent_list(?))
2023-08-23 09:49:31.308 DEBUG 4229 --- [http-nio-8888-exec-10] c.m.c.i.dao.FolderMapper.getFolderPath   : ==> Parameters: 1(Long)
2023-08-23 09:49:31.310 DEBUG 4229 --- [http-nio-8888-exec-10] c.m.c.i.dao.FolderMapper.getFolderPath   : <==      Total: 1
2023-08-23 09:54:19.327 DEBUG 4335 --- [http-nio-8888-exec-5] c.m.c.i.d.F.selectFilesByFolderId        : ==>  Preparing: SELECT * FROM sys_file WHERE folder_id = ? AND deleted = 0
2023-08-23 09:54:19.342 DEBUG 4335 --- [http-nio-8888-exec-5] c.m.c.i.d.F.selectFilesByFolderId        : ==> Parameters: 1(Long)
2023-08-23 09:54:19.358 DEBUG 4335 --- [http-nio-8888-exec-5] c.m.c.i.d.F.selectFilesByFolderId        : <==      Total: 1
2023-08-23 09:54:20.929 DEBUG 4335 --- [http-nio-8888-exec-6] c.m.c.i.d.F.selectFilesByFolderId        : ==>  Preparing: SELECT * FROM sys_file WHERE folder_id = ? AND deleted = 0
2023-08-23 09:54:20.929 DEBUG 4335 --- [http-nio-8888-exec-6] c.m.c.i.d.F.selectFilesByFolderId        : ==> Parameters: 1(Long)
2023-08-23 09:54:20.932 DEBUG 4335 --- [http-nio-8888-exec-6] c.m.c.i.d.F.selectFilesByFolderId        : <==      Total: 1
2023-08-23 10:03:17.855 DEBUG 4491 --- [http-nio-8888-exec-5] c.m.c.i.d.F.selectFilesByFolderId        : ==>  Preparing: SELECT * FROM sys_file WHERE folder_id = ? AND deleted = 0
2023-08-23 10:03:17.888 DEBUG 4491 --- [http-nio-8888-exec-5] c.m.c.i.d.F.selectFilesByFolderId        : ==> Parameters: 1(Long)
2023-08-23 10:03:17.905 DEBUG 4491 --- [http-nio-8888-exec-5] c.m.c.i.d.F.selectFilesByFolderId        : <==      Total: 1
2023-08-23 10:03:17.909 DEBUG 4491 --- [http-nio-8888-exec-5] c.m.c.i.d.FolderMapper.selectSubFolders  : ==>  Preparing: SELECT * FROM sys_folder WHERE user_id = ? AND parent_id = ? AND deleted = 0
2023-08-23 10:03:17.910 DEBUG 4491 --- [http-nio-8888-exec-5] c.m.c.i.d.FolderMapper.selectSubFolders  : ==> Parameters: 1(Long), 1(Long)
2023-08-23 10:03:17.913 DEBUG 4491 --- [http-nio-8888-exec-5] c.m.c.i.d.FolderMapper.selectSubFolders  : <==      Total: 2
2023-08-23 10:03:17.913 DEBUG 4491 --- [http-nio-8888-exec-5] c.m.c.i.dao.FolderMapper.getFolderPath   : ==>  Preparing: SELECT id, name, parent_id FROM sys_folder WHERE find_in_set(id, get_parent_list(?))
2023-08-23 10:03:17.913 DEBUG 4491 --- [http-nio-8888-exec-5] c.m.c.i.dao.FolderMapper.getFolderPath   : ==> Parameters: 1(Long)
2023-08-23 10:03:17.915 DEBUG 4491 --- [http-nio-8888-exec-5] c.m.c.i.dao.FolderMapper.getFolderPath   : <==      Total: 1
2023-08-23 10:03:19.097 DEBUG 4491 --- [http-nio-8888-exec-7] c.m.c.i.dao.FileMapper.selectFileById    : ==>  Preparing: SELECT * FROM sys_file WHERE id = ? AND deleted = 0
2023-08-23 10:03:19.098 DEBUG 4491 --- [http-nio-8888-exec-7] c.m.c.i.dao.FileMapper.selectFileById    : ==> Parameters: 1693970571102130176(Long)
2023-08-23 10:03:19.100 DEBUG 4491 --- [http-nio-8888-exec-7] c.m.c.i.dao.FileMapper.selectFileById    : <==      Total: 1
2023-08-23 10:03:34.649 DEBUG 4491 --- [http-nio-8888-exec-10] c.m.c.i.dao.FileMapper.selectFileById    : ==>  Preparing: SELECT * FROM sys_file WHERE id = ? AND deleted = 0
2023-08-23 10:03:34.650 DEBUG 4491 --- [http-nio-8888-exec-10] c.m.c.i.dao.FileMapper.selectFileById    : ==> Parameters: 1693970865265446913(Long)
2023-08-23 10:03:34.651 DEBUG 4491 --- [http-nio-8888-exec-10] c.m.c.i.dao.FileMapper.selectFileById    : <==      Total: 0
2023-08-23 10:03:34.652 DEBUG 4491 --- [http-nio-8888-exec-10] c.m.c.i.d.FolderMapper.selectFolderById  : ==>  Preparing: SELECT * FROM sys_folder WHERE id = ? AND deleted = 0
2023-08-23 10:03:34.652 DEBUG 4491 --- [http-nio-8888-exec-10] c.m.c.i.d.FolderMapper.selectFolderById  : ==> Parameters: 1693970865265446913(Long)
2023-08-23 10:03:34.653 DEBUG 4491 --- [http-nio-8888-exec-10] c.m.c.i.d.FolderMapper.selectFolderById  : <==      Total: 1
2023-08-23 10:03:34.654 DEBUG 4491 --- [http-nio-8888-exec-10] c.m.c.i.d.FolderMapper.selectSubFolders  : ==>  Preparing: SELECT * FROM sys_folder WHERE user_id = ? AND parent_id = ? AND deleted = 0
2023-08-23 10:03:34.654 DEBUG 4491 --- [http-nio-8888-exec-10] c.m.c.i.d.FolderMapper.selectSubFolders  : ==> Parameters: 1(Long), 1693970865265446913(Long)
2023-08-23 10:03:34.655 DEBUG 4491 --- [http-nio-8888-exec-10] c.m.c.i.d.FolderMapper.selectSubFolders  : <==      Total: 0
2023-08-23 10:03:34.655 DEBUG 4491 --- [http-nio-8888-exec-10] c.m.c.i.d.F.selectFilesByFolderId        : ==>  Preparing: SELECT * FROM sys_file WHERE folder_id = ? AND deleted = 0
2023-08-23 10:03:34.656 DEBUG 4491 --- [http-nio-8888-exec-10] c.m.c.i.d.F.selectFilesByFolderId        : ==> Parameters: 1693970865265446913(Long)
2023-08-23 10:03:34.658 DEBUG 4491 --- [http-nio-8888-exec-10] c.m.c.i.d.F.selectFilesByFolderId        : <==      Total: 2
2023-08-23 10:03:34.658 DEBUG 4491 --- [http-nio-8888-exec-10] c.m.c.i.d.FolderMapper.selectFolderById  : ==>  Preparing: SELECT * FROM sys_folder WHERE id = ? AND deleted = 0
2023-08-23 10:03:34.658 DEBUG 4491 --- [http-nio-8888-exec-10] c.m.c.i.d.FolderMapper.selectFolderById  : ==> Parameters: 1693970865265446913(Long)
2023-08-23 10:03:34.660 DEBUG 4491 --- [http-nio-8888-exec-10] c.m.c.i.d.FolderMapper.selectFolderById  : <==      Total: 1
2023-08-23 10:03:34.663 DEBUG 4491 --- [http-nio-8888-exec-10] c.m.c.i.dao.FileMapper.selectFileById    : ==>  Preparing: SELECT * FROM sys_file WHERE id = ? AND deleted = 0
2023-08-23 10:03:34.664 DEBUG 4491 --- [http-nio-8888-exec-10] c.m.c.i.dao.FileMapper.selectFileById    : ==> Parameters: 1693970865328361472(Long)
2023-08-23 10:03:34.665 DEBUG 4491 --- [http-nio-8888-exec-10] c.m.c.i.dao.FileMapper.selectFileById    : <==      Total: 1
2023-08-23 10:03:34.670 DEBUG 4491 --- [http-nio-8888-exec-10] c.m.c.i.dao.FileMapper.selectFileById    : ==>  Preparing: SELECT * FROM sys_file WHERE id = ? AND deleted = 0
2023-08-23 10:03:34.671 DEBUG 4491 --- [http-nio-8888-exec-10] c.m.c.i.dao.FileMapper.selectFileById    : ==> Parameters: 1693970865374498816(Long)
2023-08-23 10:03:34.674 DEBUG 4491 --- [http-nio-8888-exec-10] c.m.c.i.dao.FileMapper.selectFileById    : <==      Total: 1
2023-08-23 10:05:41.625 DEBUG 4566 --- [http-nio-8888-exec-5] c.m.c.i.d.F.selectFilesByFolderId        : ==>  Preparing: SELECT * FROM sys_file WHERE folder_id = ? AND deleted = 0
2023-08-23 10:05:41.641 DEBUG 4566 --- [http-nio-8888-exec-5] c.m.c.i.d.F.selectFilesByFolderId        : ==> Parameters: 1(Long)
2023-08-23 10:05:41.659 DEBUG 4566 --- [http-nio-8888-exec-5] c.m.c.i.d.F.selectFilesByFolderId        : <==      Total: 1
2023-08-23 10:05:41.663 DEBUG 4566 --- [http-nio-8888-exec-5] c.m.c.i.d.FolderMapper.selectSubFolders  : ==>  Preparing: SELECT * FROM sys_folder WHERE user_id = ? AND parent_id = ? AND deleted = 0
2023-08-23 10:05:41.664 DEBUG 4566 --- [http-nio-8888-exec-5] c.m.c.i.d.FolderMapper.selectSubFolders  : ==> Parameters: 1(Long), 1(Long)
2023-08-23 10:05:41.666 DEBUG 4566 --- [http-nio-8888-exec-5] c.m.c.i.d.FolderMapper.selectSubFolders  : <==      Total: 2
2023-08-23 10:05:41.666 DEBUG 4566 --- [http-nio-8888-exec-5] c.m.c.i.dao.FolderMapper.getFolderPath   : ==>  Preparing: SELECT id, name, parent_id FROM sys_folder WHERE find_in_set(id, get_parent_list(?))
2023-08-23 10:05:41.667 DEBUG 4566 --- [http-nio-8888-exec-5] c.m.c.i.dao.FolderMapper.getFolderPath   : ==> Parameters: 1(Long)
2023-08-23 10:05:41.669 DEBUG 4566 --- [http-nio-8888-exec-5] c.m.c.i.dao.FolderMapper.getFolderPath   : <==      Total: 1
2023-08-23 10:05:42.866 DEBUG 4566 --- [http-nio-8888-exec-6] c.m.c.i.d.F.selectFilesByFolderId        : ==>  Preparing: SELECT * FROM sys_file WHERE folder_id = ? AND deleted = 0
2023-08-23 10:05:42.867 DEBUG 4566 --- [http-nio-8888-exec-6] c.m.c.i.d.F.selectFilesByFolderId        : ==> Parameters: 1(Long)
2023-08-23 10:05:42.869 DEBUG 4566 --- [http-nio-8888-exec-6] c.m.c.i.d.F.selectFilesByFolderId        : <==      Total: 1
2023-08-23 10:05:42.870 DEBUG 4566 --- [http-nio-8888-exec-6] c.m.c.i.d.FolderMapper.selectSubFolders  : ==>  Preparing: SELECT * FROM sys_folder WHERE user_id = ? AND parent_id = ? AND deleted = 0
2023-08-23 10:05:42.870 DEBUG 4566 --- [http-nio-8888-exec-6] c.m.c.i.d.FolderMapper.selectSubFolders  : ==> Parameters: 1(Long), 1(Long)
2023-08-23 10:05:42.872 DEBUG 4566 --- [http-nio-8888-exec-6] c.m.c.i.d.FolderMapper.selectSubFolders  : <==      Total: 2
2023-08-23 10:05:42.873 DEBUG 4566 --- [http-nio-8888-exec-6] c.m.c.i.dao.FolderMapper.getFolderPath   : ==>  Preparing: SELECT id, name, parent_id FROM sys_folder WHERE find_in_set(id, get_parent_list(?))
2023-08-23 10:05:42.873 DEBUG 4566 --- [http-nio-8888-exec-6] c.m.c.i.dao.FolderMapper.getFolderPath   : ==> Parameters: 1(Long)
2023-08-23 10:05:42.875 DEBUG 4566 --- [http-nio-8888-exec-6] c.m.c.i.dao.FolderMapper.getFolderPath   : <==      Total: 1
2023-08-23 10:05:43.627 DEBUG 4566 --- [http-nio-8888-exec-8] c.m.c.i.d.F.selectFilesByFolderId        : ==>  Preparing: SELECT * FROM sys_file WHERE folder_id = ? AND deleted = 0
2023-08-23 10:05:43.627 DEBUG 4566 --- [http-nio-8888-exec-8] c.m.c.i.d.F.selectFilesByFolderId        : ==> Parameters: 1693970596246982656(Long)
2023-08-23 10:05:43.629 DEBUG 4566 --- [http-nio-8888-exec-8] c.m.c.i.d.F.selectFilesByFolderId        : <==      Total: 3
2023-08-23 10:05:43.630 DEBUG 4566 --- [http-nio-8888-exec-8] c.m.c.i.d.FolderMapper.selectSubFolders  : ==>  Preparing: SELECT * FROM sys_folder WHERE user_id = ? AND parent_id = ? AND deleted = 0
2023-08-23 10:05:43.630 DEBUG 4566 --- [http-nio-8888-exec-8] c.m.c.i.d.FolderMapper.selectSubFolders  : ==> Parameters: 1(Long), 1693970596246982656(Long)
2023-08-23 10:05:43.632 DEBUG 4566 --- [http-nio-8888-exec-8] c.m.c.i.d.FolderMapper.selectSubFolders  : <==      Total: 1
2023-08-23 10:05:43.632 DEBUG 4566 --- [http-nio-8888-exec-8] c.m.c.i.dao.FolderMapper.getFolderPath   : ==>  Preparing: SELECT id, name, parent_id FROM sys_folder WHERE find_in_set(id, get_parent_list(?))
2023-08-23 10:05:43.632 DEBUG 4566 --- [http-nio-8888-exec-8] c.m.c.i.dao.FolderMapper.getFolderPath   : ==> Parameters: 1693970596246982656(Long)
2023-08-23 10:05:43.634 DEBUG 4566 --- [http-nio-8888-exec-8] c.m.c.i.dao.FolderMapper.getFolderPath   : <==      Total: 2
2023-08-23 10:05:44.500 DEBUG 4566 --- [http-nio-8888-exec-9] c.m.c.i.d.F.selectFilesByFolderId        : ==>  Preparing: SELECT * FROM sys_file WHERE folder_id = ? AND deleted = 0
2023-08-23 10:05:44.501 DEBUG 4566 --- [http-nio-8888-exec-9] c.m.c.i.d.F.selectFilesByFolderId        : ==> Parameters: 1(Long)
2023-08-23 10:05:44.503 DEBUG 4566 --- [http-nio-8888-exec-9] c.m.c.i.d.F.selectFilesByFolderId        : <==      Total: 1
2023-08-23 10:05:44.503 DEBUG 4566 --- [http-nio-8888-exec-9] c.m.c.i.d.FolderMapper.selectSubFolders  : ==>  Preparing: SELECT * FROM sys_folder WHERE user_id = ? AND parent_id = ? AND deleted = 0
2023-08-23 10:05:44.503 DEBUG 4566 --- [http-nio-8888-exec-9] c.m.c.i.d.FolderMapper.selectSubFolders  : ==> Parameters: 1(Long), 1(Long)
2023-08-23 10:05:44.505 DEBUG 4566 --- [http-nio-8888-exec-9] c.m.c.i.d.FolderMapper.selectSubFolders  : <==      Total: 2
2023-08-23 10:05:44.506 DEBUG 4566 --- [http-nio-8888-exec-9] c.m.c.i.dao.FolderMapper.getFolderPath   : ==>  Preparing: SELECT id, name, parent_id FROM sys_folder WHERE find_in_set(id, get_parent_list(?))
2023-08-23 10:05:44.506 DEBUG 4566 --- [http-nio-8888-exec-9] c.m.c.i.dao.FolderMapper.getFolderPath   : ==> Parameters: 1(Long)
2023-08-23 10:05:44.507 DEBUG 4566 --- [http-nio-8888-exec-9] c.m.c.i.dao.FolderMapper.getFolderPath   : <==      Total: 1
2023-08-23 10:05:59.701 DEBUG 4566 --- [http-nio-8888-exec-5] c.m.c.i.dao.FolderMapper.createFolders   : ==>  Preparing: INSERT INTO sys_folder (id, user_id, name, parent_id, create_time, modify_time) VALUES (?, ?, ?, ?, NOW(), NOW())
2023-08-23 10:05:59.702 DEBUG 4566 --- [http-nio-8888-exec-5] c.m.c.i.dao.FolderMapper.createFolders   : ==> Parameters: 1694169080933781505(Long), 1(Long), MP4(String), 1(Long)
2023-08-23 10:05:59.707 DEBUG 4566 --- [http-nio-8888-exec-5] c.m.c.i.dao.FolderMapper.createFolders   : <==    Updates: 1
2023-08-23 10:06:00.025 DEBUG 4566 --- [http-nio-8888-exec-5] c.m.c.i.d.F.selectFilesByFolderId        : ==>  Preparing: SELECT * FROM sys_file WHERE folder_id = ? AND deleted = 0
2023-08-23 10:06:00.026 DEBUG 4566 --- [http-nio-8888-exec-5] c.m.c.i.d.F.selectFilesByFolderId        : ==> Parameters: 1694169080933781505(Long)
2023-08-23 10:06:00.027 DEBUG 4566 --- [http-nio-8888-exec-5] c.m.c.i.d.F.selectFilesByFolderId        : <==      Total: 0
2023-08-23 10:06:00.029 DEBUG 4566 --- [http-nio-8888-exec-5] c.m.c.i.dao.FileMapper.insertFile        : ==>  Preparing: INSERT INTO sys_file(id, name, size, type, folder_id, md5, origin_name, create_time) VALUES (?, ?, ?, ?, ?, ?, ?, NOW())
2023-08-23 10:06:00.029 DEBUG 4566 --- [http-nio-8888-exec-5] c.m.c.i.dao.FileMapper.insertFile        : ==> Parameters: 1694169082347261952(Long), 4K-Moving-Stars-Live-Wallpaper+(1).mp4(String), 61924509(Long), 图片(String), 1694169080933781505(Long), c723af72808e66190b8319ec0cd342e4(String), 4K-Moving-Stars-Live-Wallpaper+(1).mp4(String)
2023-08-23 10:06:00.032 DEBUG 4566 --- [http-nio-8888-exec-5] c.m.c.i.dao.FileMapper.insertFile        : <==    Updates: 1
2023-08-23 10:06:00.051 DEBUG 4566 --- [http-nio-8888-exec-3] c.m.c.i.d.F.selectFilesByFolderId        : ==>  Preparing: SELECT * FROM sys_file WHERE folder_id = ? AND deleted = 0
2023-08-23 10:06:00.051 DEBUG 4566 --- [http-nio-8888-exec-3] c.m.c.i.d.F.selectFilesByFolderId        : ==> Parameters: 1(Long)
2023-08-23 10:06:00.054 DEBUG 4566 --- [http-nio-8888-exec-3] c.m.c.i.d.F.selectFilesByFolderId        : <==      Total: 1
2023-08-23 10:06:00.054 DEBUG 4566 --- [http-nio-8888-exec-3] c.m.c.i.d.FolderMapper.selectSubFolders  : ==>  Preparing: SELECT * FROM sys_folder WHERE user_id = ? AND parent_id = ? AND deleted = 0
2023-08-23 10:06:00.055 DEBUG 4566 --- [http-nio-8888-exec-3] c.m.c.i.d.FolderMapper.selectSubFolders  : ==> Parameters: 1(Long), 1(Long)
2023-08-23 10:06:00.057 DEBUG 4566 --- [http-nio-8888-exec-3] c.m.c.i.d.FolderMapper.selectSubFolders  : <==      Total: 3
2023-08-23 10:06:00.058 DEBUG 4566 --- [http-nio-8888-exec-3] c.m.c.i.dao.FolderMapper.getFolderPath   : ==>  Preparing: SELECT id, name, parent_id FROM sys_folder WHERE find_in_set(id, get_parent_list(?))
2023-08-23 10:06:00.059 DEBUG 4566 --- [http-nio-8888-exec-3] c.m.c.i.dao.FolderMapper.getFolderPath   : ==> Parameters: 1(Long)
2023-08-23 10:06:00.062 DEBUG 4566 --- [http-nio-8888-exec-3] c.m.c.i.dao.FolderMapper.getFolderPath   : <==      Total: 1
2023-08-23 10:06:03.189 DEBUG 4566 --- [http-nio-8888-exec-7] c.m.c.i.d.F.selectFilesByFolderId        : ==>  Preparing: SELECT * FROM sys_file WHERE folder_id = ? AND deleted = 0
2023-08-23 10:06:03.189 DEBUG 4566 --- [http-nio-8888-exec-7] c.m.c.i.d.F.selectFilesByFolderId        : ==> Parameters: 1694169080933781505(Long)
2023-08-23 10:06:03.191 DEBUG 4566 --- [http-nio-8888-exec-7] c.m.c.i.d.F.selectFilesByFolderId        : <==      Total: 1
2023-08-23 10:06:03.191 DEBUG 4566 --- [http-nio-8888-exec-7] c.m.c.i.d.FolderMapper.selectSubFolders  : ==>  Preparing: SELECT * FROM sys_folder WHERE user_id = ? AND parent_id = ? AND deleted = 0
2023-08-23 10:06:03.191 DEBUG 4566 --- [http-nio-8888-exec-7] c.m.c.i.d.FolderMapper.selectSubFolders  : ==> Parameters: 1(Long), 1694169080933781505(Long)
2023-08-23 10:06:03.193 DEBUG 4566 --- [http-nio-8888-exec-7] c.m.c.i.d.FolderMapper.selectSubFolders  : <==      Total: 0
2023-08-23 10:06:03.193 DEBUG 4566 --- [http-nio-8888-exec-7] c.m.c.i.dao.FolderMapper.getFolderPath   : ==>  Preparing: SELECT id, name, parent_id FROM sys_folder WHERE find_in_set(id, get_parent_list(?))
2023-08-23 10:06:03.193 DEBUG 4566 --- [http-nio-8888-exec-7] c.m.c.i.dao.FolderMapper.getFolderPath   : ==> Parameters: 1694169080933781505(Long)
2023-08-23 10:06:03.195 DEBUG 4566 --- [http-nio-8888-exec-7] c.m.c.i.dao.FolderMapper.getFolderPath   : <==      Total: 2
2023-08-23 10:06:04.384 DEBUG 4566 --- [http-nio-8888-exec-9] c.m.c.i.d.F.selectFilesByFolderId        : ==>  Preparing: SELECT * FROM sys_file WHERE folder_id = ? AND deleted = 0
2023-08-23 10:06:04.385 DEBUG 4566 --- [http-nio-8888-exec-9] c.m.c.i.d.F.selectFilesByFolderId        : ==> Parameters: 1(Long)
2023-08-23 10:06:04.386 DEBUG 4566 --- [http-nio-8888-exec-9] c.m.c.i.d.F.selectFilesByFolderId        : <==      Total: 1
2023-08-23 10:06:04.387 DEBUG 4566 --- [http-nio-8888-exec-9] c.m.c.i.d.FolderMapper.selectSubFolders  : ==>  Preparing: SELECT * FROM sys_folder WHERE user_id = ? AND parent_id = ? AND deleted = 0
2023-08-23 10:06:04.387 DEBUG 4566 --- [http-nio-8888-exec-9] c.m.c.i.d.FolderMapper.selectSubFolders  : ==> Parameters: 1(Long), 1(Long)
2023-08-23 10:06:04.389 DEBUG 4566 --- [http-nio-8888-exec-9] c.m.c.i.d.FolderMapper.selectSubFolders  : <==      Total: 3
2023-08-23 10:06:04.389 DEBUG 4566 --- [http-nio-8888-exec-9] c.m.c.i.dao.FolderMapper.getFolderPath   : ==>  Preparing: SELECT id, name, parent_id FROM sys_folder WHERE find_in_set(id, get_parent_list(?))
2023-08-23 10:06:04.389 DEBUG 4566 --- [http-nio-8888-exec-9] c.m.c.i.dao.FolderMapper.getFolderPath   : ==> Parameters: 1(Long)
2023-08-23 10:06:04.390 DEBUG 4566 --- [http-nio-8888-exec-9] c.m.c.i.dao.FolderMapper.getFolderPath   : <==      Total: 1
2023-08-23 10:06:14.137 DEBUG 4566 --- [http-nio-8888-exec-9] c.m.c.i.dao.FolderMapper.createFolders   : ==>  Preparing: INSERT INTO sys_folder (id, user_id, name, parent_id, create_time, modify_time) VALUES (?, ?, ?, ?, NOW(), NOW()) ; INSERT INTO sys_folder (id, user_id, name, parent_id, create_time, modify_time) VALUES (?, ?, ?, ?, NOW(), NOW())
2023-08-23 10:06:14.138 DEBUG 4566 --- [http-nio-8888-exec-9] c.m.c.i.dao.FolderMapper.createFolders   : ==> Parameters: 1694169141520502785(Long), 1(Long), wallpaper(String), 1(Long), 1694169141520502786(Long), 1(Long), MP4(String), 1694169141520502785(Long)
2023-08-23 10:06:14.147 DEBUG 4566 --- [http-nio-8888-exec-9] c.m.c.i.dao.FolderMapper.createFolders   : <==    Updates: 1
2023-08-23 10:06:14.149 DEBUG 4566 --- [http-nio-8888-exec-9] c.m.c.i.d.F.selectFilesByFolderId        : ==>  Preparing: SELECT * FROM sys_file WHERE folder_id = ? AND deleted = 0
2023-08-23 10:06:14.150 DEBUG 4566 --- [http-nio-8888-exec-9] c.m.c.i.d.F.selectFilesByFolderId        : ==> Parameters: 1694169141520502785(Long)
2023-08-23 10:06:14.151 DEBUG 4566 --- [http-nio-8888-exec-9] c.m.c.i.d.F.selectFilesByFolderId        : <==      Total: 0
2023-08-23 10:06:14.151 DEBUG 4566 --- [http-nio-8888-exec-9] c.m.c.i.dao.FileMapper.insertFile        : ==>  Preparing: INSERT INTO sys_file(id, name, size, type, folder_id, md5, origin_name, create_time) VALUES (?, ?, ?, ?, ?, ?, ?, NOW())
2023-08-23 10:06:14.152 DEBUG 4566 --- [http-nio-8888-exec-9] c.m.c.i.dao.FileMapper.insertFile        : ==> Parameters: 1694169141583417344(Long), 1609063819209.jpg(String), 162833(Long), 图片(String), 1694169141520502785(Long), 1bcb728641720acae06def36d8a1fe2b(String), 1609063819209.jpg(String)
2023-08-23 10:06:14.153 DEBUG 4566 --- [http-nio-8888-exec-9] c.m.c.i.dao.FileMapper.insertFile        : <==    Updates: 1
2023-08-23 10:06:14.159 DEBUG 4566 --- [http-nio-8888-exec-9] c.m.c.i.d.F.selectFilesByFolderId        : ==>  Preparing: SELECT * FROM sys_file WHERE folder_id = ? AND deleted = 0
2023-08-23 10:06:14.160 DEBUG 4566 --- [http-nio-8888-exec-9] c.m.c.i.d.F.selectFilesByFolderId        : ==> Parameters: 1694169141520502785(Long)
2023-08-23 10:06:14.161 DEBUG 4566 --- [http-nio-8888-exec-9] c.m.c.i.d.F.selectFilesByFolderId        : <==      Total: 1
2023-08-23 10:06:14.161 DEBUG 4566 --- [http-nio-8888-exec-9] c.m.c.i.dao.FileMapper.insertFile        : ==>  Preparing: INSERT INTO sys_file(id, name, size, type, folder_id, md5, origin_name, create_time) VALUES (?, ?, ?, ?, ?, ?, ?, NOW())
2023-08-23 10:06:14.162 DEBUG 4566 --- [http-nio-8888-exec-9] c.m.c.i.dao.FileMapper.insertFile        : ==> Parameters: 1694169141625360384(Long), 1609499623213.jpg(String), 48405(Long), 图片(String), 1694169141520502785(Long), 869dc5fe32dbbc945a1d4195b3d82a6f(String), 1609499623213.jpg(String)
2023-08-23 10:06:14.163 DEBUG 4566 --- [http-nio-8888-exec-9] c.m.c.i.dao.FileMapper.insertFile        : <==    Updates: 1
2023-08-23 10:06:14.178 DEBUG 4566 --- [http-nio-8888-exec-9] c.m.c.i.d.F.selectFilesByFolderId        : ==>  Preparing: SELECT * FROM sys_file WHERE folder_id = ? AND deleted = 0
2023-08-23 10:06:14.178 DEBUG 4566 --- [http-nio-8888-exec-9] c.m.c.i.d.F.selectFilesByFolderId        : ==> Parameters: 1694169141520502785(Long)
2023-08-23 10:06:14.180 DEBUG 4566 --- [http-nio-8888-exec-9] c.m.c.i.d.F.selectFilesByFolderId        : <==      Total: 2
2023-08-23 10:06:14.180 DEBUG 4566 --- [http-nio-8888-exec-9] c.m.c.i.dao.FileMapper.insertFile        : ==>  Preparing: INSERT INTO sys_file(id, name, size, type, folder_id, md5, origin_name, create_time) VALUES (?, ?, ?, ?, ?, ?, ?, NOW())
2023-08-23 10:06:14.181 DEBUG 4566 --- [http-nio-8888-exec-9] c.m.c.i.dao.FileMapper.insertFile        : ==> Parameters: 1694169141705052160(Long), bg1546.jpg(String), 1694699(Long), 图片(String), 1694169141520502785(Long), 807e7db0b967be10ff92e2cc7c0da71c(String), bg1546.jpg(String)
2023-08-23 10:06:14.182 DEBUG 4566 --- [http-nio-8888-exec-9] c.m.c.i.dao.FileMapper.insertFile        : <==    Updates: 1
2023-08-23 10:06:14.189 DEBUG 4566 --- [http-nio-8888-exec-9] c.m.c.i.d.F.selectFilesByFolderId        : ==>  Preparing: SELECT * FROM sys_file WHERE folder_id = ? AND deleted = 0
2023-08-23 10:06:14.189 DEBUG 4566 --- [http-nio-8888-exec-9] c.m.c.i.d.F.selectFilesByFolderId        : ==> Parameters: 1694169141520502785(Long)
2023-08-23 10:06:14.191 DEBUG 4566 --- [http-nio-8888-exec-9] c.m.c.i.d.F.selectFilesByFolderId        : <==      Total: 3
2023-08-23 10:06:14.192 DEBUG 4566 --- [http-nio-8888-exec-9] c.m.c.i.dao.FileMapper.insertFile        : ==>  Preparing: INSERT INTO sys_file(id, name, size, type, folder_id, md5, origin_name, create_time) VALUES (?, ?, ?, ?, ?, ?, ?, NOW())
2023-08-23 10:06:14.192 DEBUG 4566 --- [http-nio-8888-exec-9] c.m.c.i.dao.FileMapper.insertFile        : ==> Parameters: 1694169141751189504(Long), 1609063706942.jpg(String), 182564(Long), 图片(String), 1694169141520502785(Long), d44b689fdf3b10104f39d2133c6fd17c(String), 1609063706942.jpg(String)
2023-08-23 10:06:14.193 DEBUG 4566 --- [http-nio-8888-exec-9] c.m.c.i.dao.FileMapper.insertFile        : <==    Updates: 1
2023-08-23 10:06:14.445 DEBUG 4566 --- [http-nio-8888-exec-9] c.m.c.i.d.F.selectFilesByFolderId        : ==>  Preparing: SELECT * FROM sys_file WHERE folder_id = ? AND deleted = 0
2023-08-23 10:06:14.445 DEBUG 4566 --- [http-nio-8888-exec-9] c.m.c.i.d.F.selectFilesByFolderId        : ==> Parameters: 1694169141520502786(Long)
2023-08-23 10:06:14.447 DEBUG 4566 --- [http-nio-8888-exec-9] c.m.c.i.d.F.selectFilesByFolderId        : <==      Total: 0
2023-08-23 10:06:14.447 DEBUG 4566 --- [http-nio-8888-exec-9] c.m.c.i.dao.FileMapper.insertFile        : ==>  Preparing: INSERT INTO sys_file(id, name, size, type, folder_id, md5, origin_name, create_time) VALUES (?, ?, ?, ?, ?, ?, ?, NOW())
2023-08-23 10:06:14.447 DEBUG 4566 --- [http-nio-8888-exec-9] c.m.c.i.dao.FileMapper.insertFile        : ==> Parameters: 1694169142824931328(Long), 4K-Moving-Stars-Live-Wallpaper+(1).mp4(String), 61924509(Long), 图片(String), 1694169141520502786(Long), c723af72808e66190b8319ec0cd342e4(String), 4K-Moving-Stars-Live-Wallpaper+(1).mp4(String)
2023-08-23 10:06:14.449 DEBUG 4566 --- [http-nio-8888-exec-9] c.m.c.i.dao.FileMapper.insertFile        : <==    Updates: 1
2023-08-23 10:06:14.467 DEBUG 4566 --- [http-nio-8888-exec-9] c.m.c.i.d.F.selectFilesByFolderId        : ==>  Preparing: SELECT * FROM sys_file WHERE folder_id = ? AND deleted = 0
2023-08-23 10:06:14.468 DEBUG 4566 --- [http-nio-8888-exec-9] c.m.c.i.d.F.selectFilesByFolderId        : ==> Parameters: 1694169141520502785(Long)
2023-08-23 10:06:14.471 DEBUG 4566 --- [http-nio-8888-exec-9] c.m.c.i.d.F.selectFilesByFolderId        : <==      Total: 4
2023-08-23 10:06:14.472 DEBUG 4566 --- [http-nio-8888-exec-9] c.m.c.i.dao.FileMapper.insertFile        : ==>  Preparing: INSERT INTO sys_file(id, name, size, type, folder_id, md5, origin_name, create_time) VALUES (?, ?, ?, ?, ?, ?, ?, NOW())
2023-08-23 10:06:14.473 DEBUG 4566 --- [http-nio-8888-exec-9] c.m.c.i.dao.FileMapper.insertFile        : ==> Parameters: 1694169142929788928(Long), 架子鼓.jpg(String), 2648514(Long), 图片(String), 1694169141520502785(Long), 74d274aaea0aadad3af7527441bc8191(String), 架子鼓.jpg(String)
2023-08-23 10:06:14.475 DEBUG 4566 --- [http-nio-8888-exec-9] c.m.c.i.dao.FileMapper.insertFile        : <==    Updates: 1
2023-08-23 10:06:14.483 DEBUG 4566 --- [http-nio-8888-exec-9] c.m.c.i.d.F.selectFilesByFolderId        : ==>  Preparing: SELECT * FROM sys_file WHERE folder_id = ? AND deleted = 0
2023-08-23 10:06:14.483 DEBUG 4566 --- [http-nio-8888-exec-9] c.m.c.i.d.F.selectFilesByFolderId        : ==> Parameters: 1694169141520502785(Long)
2023-08-23 10:06:14.485 DEBUG 4566 --- [http-nio-8888-exec-9] c.m.c.i.d.F.selectFilesByFolderId        : <==      Total: 5
2023-08-23 10:06:14.486 DEBUG 4566 --- [http-nio-8888-exec-9] c.m.c.i.dao.FileMapper.insertFile        : ==>  Preparing: INSERT INTO sys_file(id, name, size, type, folder_id, md5, origin_name, create_time) VALUES (?, ?, ?, ?, ?, ?, ?, NOW())
2023-08-23 10:06:14.486 DEBUG 4566 --- [http-nio-8888-exec-9] c.m.c.i.dao.FileMapper.insertFile        : ==> Parameters: 1694169142988509184(Long), 1609499455807.jpg(String), 88185(Long), 图片(String), 1694169141520502785(Long), dee1305b2c71bd149ac146d465338de9(String), 1609499455807.jpg(String)
2023-08-23 10:06:14.488 DEBUG 4566 --- [http-nio-8888-exec-9] c.m.c.i.dao.FileMapper.insertFile        : <==    Updates: 1
2023-08-23 10:06:14.499 DEBUG 4566 --- [http-nio-8888-exec-9] c.m.c.i.d.F.selectFilesByFolderId        : ==>  Preparing: SELECT * FROM sys_file WHERE folder_id = ? AND deleted = 0
2023-08-23 10:06:14.500 DEBUG 4566 --- [http-nio-8888-exec-9] c.m.c.i.d.F.selectFilesByFolderId        : ==> Parameters: 1694169141520502785(Long)
2023-08-23 10:06:14.502 DEBUG 4566 --- [http-nio-8888-exec-9] c.m.c.i.d.F.selectFilesByFolderId        : <==      Total: 6
2023-08-23 10:06:14.502 DEBUG 4566 --- [http-nio-8888-exec-9] c.m.c.i.dao.FileMapper.insertFile        : ==>  Preparing: INSERT INTO sys_file(id, name, size, type, folder_id, md5, origin_name, create_time) VALUES (?, ?, ?, ?, ?, ?, ?, NOW())
2023-08-23 10:06:14.502 DEBUG 4566 --- [http-nio-8888-exec-9] c.m.c.i.dao.FileMapper.insertFile        : ==> Parameters: 1694169143055618048(Long), 1609063531713.jpg(String), 985520(Long), 图片(String), 1694169141520502785(Long), 0b89d5717bd261762afe1fbf7c726a6d(String), 1609063531713.jpg(String)
2023-08-23 10:06:14.505 DEBUG 4566 --- [http-nio-8888-exec-9] c.m.c.i.dao.FileMapper.insertFile        : <==    Updates: 1
2023-08-23 10:06:14.512 DEBUG 4566 --- [http-nio-8888-exec-9] c.m.c.i.d.F.selectFilesByFolderId        : ==>  Preparing: SELECT * FROM sys_file WHERE folder_id = ? AND deleted = 0
2023-08-23 10:06:14.512 DEBUG 4566 --- [http-nio-8888-exec-9] c.m.c.i.d.F.selectFilesByFolderId        : ==> Parameters: 1694169141520502785(Long)
2023-08-23 10:06:14.514 DEBUG 4566 --- [http-nio-8888-exec-9] c.m.c.i.d.F.selectFilesByFolderId        : <==      Total: 7
2023-08-23 10:06:14.515 DEBUG 4566 --- [http-nio-8888-exec-9] c.m.c.i.dao.FileMapper.insertFile        : ==>  Preparing: INSERT INTO sys_file(id, name, size, type, folder_id, md5, origin_name, create_time) VALUES (?, ?, ?, ?, ?, ?, ?, NOW())
2023-08-23 10:06:14.515 DEBUG 4566 --- [http-nio-8888-exec-9] c.m.c.i.dao.FileMapper.insertFile        : ==> Parameters: 1694169143110144000(Long), psc.jpg(String), 322987(Long), 图片(String), 1694169141520502785(Long), de7c6c3e7643eb663fe4e38cf19b74d6(String), psc.jpg(String)
2023-08-23 10:06:14.517 DEBUG 4566 --- [http-nio-8888-exec-9] c.m.c.i.dao.FileMapper.insertFile        : <==    Updates: 1
2023-08-23 10:06:14.526 DEBUG 4566 --- [http-nio-8888-exec-9] c.m.c.i.d.F.selectFilesByFolderId        : ==>  Preparing: SELECT * FROM sys_file WHERE folder_id = ? AND deleted = 0
2023-08-23 10:06:14.526 DEBUG 4566 --- [http-nio-8888-exec-9] c.m.c.i.d.F.selectFilesByFolderId        : ==> Parameters: 1694169141520502785(Long)
2023-08-23 10:06:14.528 DEBUG 4566 --- [http-nio-8888-exec-9] c.m.c.i.d.F.selectFilesByFolderId        : <==      Total: 8
2023-08-23 10:06:14.528 DEBUG 4566 --- [http-nio-8888-exec-9] c.m.c.i.dao.FileMapper.insertFile        : ==>  Preparing: INSERT INTO sys_file(id, name, size, type, folder_id, md5, origin_name, create_time) VALUES (?, ?, ?, ?, ?, ?, ?, NOW())
2023-08-23 10:06:14.529 DEBUG 4566 --- [http-nio-8888-exec-9] c.m.c.i.dao.FileMapper.insertFile        : ==> Parameters: 1694169143164669952(Long), bg3.jpg(String), 418086(Long), 图片(String), 1694169141520502785(Long), 6ca33b17af23e9cfc34e6c1cdc0b39c7(String), bg3.jpg(String)
2023-08-23 10:06:14.530 DEBUG 4566 --- [http-nio-8888-exec-9] c.m.c.i.dao.FileMapper.insertFile        : <==    Updates: 1
2023-08-23 10:06:14.539 DEBUG 4566 --- [http-nio-8888-exec-9] c.m.c.i.d.F.selectFilesByFolderId        : ==>  Preparing: SELECT * FROM sys_file WHERE folder_id = ? AND deleted = 0
2023-08-23 10:06:14.539 DEBUG 4566 --- [http-nio-8888-exec-9] c.m.c.i.d.F.selectFilesByFolderId        : ==> Parameters: 1694169141520502785(Long)
2023-08-23 10:06:14.541 DEBUG 4566 --- [http-nio-8888-exec-9] c.m.c.i.d.F.selectFilesByFolderId        : <==      Total: 9
2023-08-23 10:06:14.541 DEBUG 4566 --- [http-nio-8888-exec-9] c.m.c.i.dao.FileMapper.insertFile        : ==>  Preparing: INSERT INTO sys_file(id, name, size, type, folder_id, md5, origin_name, create_time) VALUES (?, ?, ?, ?, ?, ?, ?, NOW())
2023-08-23 10:06:14.542 DEBUG 4566 --- [http-nio-8888-exec-9] c.m.c.i.dao.FileMapper.insertFile        : ==> Parameters: 1694169143219195904(Long), 1607224717833.jpg(String), 603233(Long), 图片(String), 1694169141520502785(Long), 24ffe7deb008b816ba059f11baacb1b7(String), 1607224717833.jpg(String)
2023-08-23 10:06:14.544 DEBUG 4566 --- [http-nio-8888-exec-9] c.m.c.i.dao.FileMapper.insertFile        : <==    Updates: 1
2023-08-23 10:06:14.551 DEBUG 4566 --- [http-nio-8888-exec-9] c.m.c.i.d.F.selectFilesByFolderId        : ==>  Preparing: SELECT * FROM sys_file WHERE folder_id = ? AND deleted = 0
2023-08-23 10:06:14.551 DEBUG 4566 --- [http-nio-8888-exec-9] c.m.c.i.d.F.selectFilesByFolderId        : ==> Parameters: 1694169141520502785(Long)
2023-08-23 10:06:14.553 DEBUG 4566 --- [http-nio-8888-exec-9] c.m.c.i.d.F.selectFilesByFolderId        : <==      Total: 10
2023-08-23 10:06:14.554 DEBUG 4566 --- [http-nio-8888-exec-9] c.m.c.i.dao.FileMapper.insertFile        : ==>  Preparing: INSERT INTO sys_file(id, name, size, type, folder_id, md5, origin_name, create_time) VALUES (?, ?, ?, ?, ?, ?, ?, NOW())
2023-08-23 10:06:14.554 DEBUG 4566 --- [http-nio-8888-exec-9] c.m.c.i.dao.FileMapper.insertFile        : ==> Parameters: 1694169143273721856(Long), 1609063611307.jpg(String), 71980(Long), 图片(String), 1694169141520502785(Long), e62e68b4f8929cb8427406699b66c0dd(String), 1609063611307.jpg(String)
2023-08-23 10:06:14.556 DEBUG 4566 --- [http-nio-8888-exec-9] c.m.c.i.dao.FileMapper.insertFile        : <==    Updates: 1
2023-08-23 10:06:14.564 DEBUG 4566 --- [http-nio-8888-exec-9] c.m.c.i.d.F.selectFilesByFolderId        : ==>  Preparing: SELECT * FROM sys_file WHERE folder_id = ? AND deleted = 0
2023-08-23 10:06:14.565 DEBUG 4566 --- [http-nio-8888-exec-9] c.m.c.i.d.F.selectFilesByFolderId        : ==> Parameters: 1694169141520502785(Long)
2023-08-23 10:06:14.566 DEBUG 4566 --- [http-nio-8888-exec-9] c.m.c.i.d.F.selectFilesByFolderId        : <==      Total: 11
2023-08-23 10:06:14.567 DEBUG 4566 --- [http-nio-8888-exec-9] c.m.c.i.dao.FileMapper.insertFile        : ==>  Preparing: INSERT INTO sys_file(id, name, size, type, folder_id, md5, origin_name, create_time) VALUES (?, ?, ?, ?, ?, ?, ?, NOW())
2023-08-23 10:06:14.567 DEBUG 4566 --- [http-nio-8888-exec-9] c.m.c.i.dao.FileMapper.insertFile        : ==> Parameters: 1694169143328247808(Long), 1609499436379.jpg(String), 472551(Long), 图片(String), 1694169141520502785(Long), b9140d61e80a9d819667931e033b815c(String), 1609499436379.jpg(String)
2023-08-23 10:06:14.569 DEBUG 4566 --- [http-nio-8888-exec-9] c.m.c.i.dao.FileMapper.insertFile        : <==    Updates: 1
2023-08-23 10:06:14.576 DEBUG 4566 --- [http-nio-8888-exec-9] c.m.c.i.d.F.selectFilesByFolderId        : ==>  Preparing: SELECT * FROM sys_file WHERE folder_id = ? AND deleted = 0
2023-08-23 10:06:14.576 DEBUG 4566 --- [http-nio-8888-exec-9] c.m.c.i.d.F.selectFilesByFolderId        : ==> Parameters: 1694169141520502785(Long)
2023-08-23 10:06:14.578 DEBUG 4566 --- [http-nio-8888-exec-9] c.m.c.i.d.F.selectFilesByFolderId        : <==      Total: 12
2023-08-23 10:06:14.578 DEBUG 4566 --- [http-nio-8888-exec-9] c.m.c.i.dao.FileMapper.insertFile        : ==>  Preparing: INSERT INTO sys_file(id, name, size, type, folder_id, md5, origin_name, create_time) VALUES (?, ?, ?, ?, ?, ?, ?, NOW())
2023-08-23 10:06:14.578 DEBUG 4566 --- [http-nio-8888-exec-9] c.m.c.i.dao.FileMapper.insertFile        : ==> Parameters: 1694169143374385152(Long), 1609063761987.jpg(String), 81940(Long), 图片(String), 1694169141520502785(Long), 212bf236ca04bd7adf488bfb21332194(String), 1609063761987.jpg(String)
2023-08-23 10:06:14.580 DEBUG 4566 --- [http-nio-8888-exec-9] c.m.c.i.dao.FileMapper.insertFile        : <==    Updates: 1
2023-08-23 10:06:14.586 DEBUG 4566 --- [http-nio-8888-exec-9] c.m.c.i.d.F.selectFilesByFolderId        : ==>  Preparing: SELECT * FROM sys_file WHERE folder_id = ? AND deleted = 0
2023-08-23 10:06:14.587 DEBUG 4566 --- [http-nio-8888-exec-9] c.m.c.i.d.F.selectFilesByFolderId        : ==> Parameters: 1694169141520502785(Long)
2023-08-23 10:06:14.589 DEBUG 4566 --- [http-nio-8888-exec-9] c.m.c.i.d.F.selectFilesByFolderId        : <==      Total: 13
2023-08-23 10:06:14.589 DEBUG 4566 --- [http-nio-8888-exec-9] c.m.c.i.dao.FileMapper.insertFile        : ==>  Preparing: INSERT INTO sys_file(id, name, size, type, folder_id, md5, origin_name, create_time) VALUES (?, ?, ?, ?, ?, ?, ?, NOW())
2023-08-23 10:06:14.589 DEBUG 4566 --- [http-nio-8888-exec-9] c.m.c.i.dao.FileMapper.insertFile        : ==> Parameters: 1694169143420522496(Long), 1609063772740.jpg(String), 87913(Long), 图片(String), 1694169141520502785(Long), 217f75ac2bcfac79bd46e5f6152bed8d(String), 1609063772740.jpg(String)
2023-08-23 10:06:14.591 DEBUG 4566 --- [http-nio-8888-exec-9] c.m.c.i.dao.FileMapper.insertFile        : <==    Updates: 1
2023-08-23 10:06:14.600 DEBUG 4566 --- [http-nio-8888-exec-9] c.m.c.i.d.F.selectFilesByFolderId        : ==>  Preparing: SELECT * FROM sys_file WHERE folder_id = ? AND deleted = 0
2023-08-23 10:06:14.600 DEBUG 4566 --- [http-nio-8888-exec-9] c.m.c.i.d.F.selectFilesByFolderId        : ==> Parameters: 1694169141520502785(Long)
2023-08-23 10:06:14.602 DEBUG 4566 --- [http-nio-8888-exec-9] c.m.c.i.d.F.selectFilesByFolderId        : <==      Total: 14
2023-08-23 10:06:14.602 DEBUG 4566 --- [http-nio-8888-exec-9] c.m.c.i.dao.FileMapper.insertFile        : ==>  Preparing: INSERT INTO sys_file(id, name, size, type, folder_id, md5, origin_name, create_time) VALUES (?, ?, ?, ?, ?, ?, ?, NOW())
2023-08-23 10:06:14.603 DEBUG 4566 --- [http-nio-8888-exec-9] c.m.c.i.dao.FileMapper.insertFile        : ==> Parameters: 1694169143475048448(Long), 魔幻森林壁纸.jpg(String), 652419(Long), 图片(String), 1694169141520502785(Long), 2104553e30e76b949a1d06865e3575cf(String), 魔幻森林壁纸.jpg(String)
2023-08-23 10:06:14.604 DEBUG 4566 --- [http-nio-8888-exec-9] c.m.c.i.dao.FileMapper.insertFile        : <==    Updates: 1
2023-08-23 10:06:14.611 DEBUG 4566 --- [http-nio-8888-exec-9] c.m.c.i.d.F.selectFilesByFolderId        : ==>  Preparing: SELECT * FROM sys_file WHERE folder_id = ? AND deleted = 0
2023-08-23 10:06:14.611 DEBUG 4566 --- [http-nio-8888-exec-9] c.m.c.i.d.F.selectFilesByFolderId        : ==> Parameters: 1694169141520502785(Long)
2023-08-23 10:06:14.613 DEBUG 4566 --- [http-nio-8888-exec-9] c.m.c.i.d.F.selectFilesByFolderId        : <==      Total: 15
2023-08-23 10:06:14.613 DEBUG 4566 --- [http-nio-8888-exec-9] c.m.c.i.dao.FileMapper.insertFile        : ==>  Preparing: INSERT INTO sys_file(id, name, size, type, folder_id, md5, origin_name, create_time) VALUES (?, ?, ?, ?, ?, ?, ?, NOW())
2023-08-23 10:06:14.614 DEBUG 4566 --- [http-nio-8888-exec-9] c.m.c.i.dao.FileMapper.insertFile        : ==> Parameters: 1694169143521185792(Long), 1609499462669.jpg(String), 65190(Long), 图片(String), 1694169141520502785(Long), 1ff73cd014666fa5fa385526390cdebc(String), 1609499462669.jpg(String)
2023-08-23 10:06:14.616 DEBUG 4566 --- [http-nio-8888-exec-9] c.m.c.i.dao.FileMapper.insertFile        : <==    Updates: 1
2023-08-23 10:06:14.659 DEBUG 4566 --- [http-nio-8888-exec-9] c.m.c.i.d.F.selectFilesByFolderId        : ==>  Preparing: SELECT * FROM sys_file WHERE folder_id = ? AND deleted = 0
2023-08-23 10:06:14.660 DEBUG 4566 --- [http-nio-8888-exec-9] c.m.c.i.d.F.selectFilesByFolderId        : ==> Parameters: 1694169141520502785(Long)
2023-08-23 10:06:14.662 DEBUG 4566 --- [http-nio-8888-exec-9] c.m.c.i.d.F.selectFilesByFolderId        : <==      Total: 16
2023-08-23 10:06:14.662 DEBUG 4566 --- [http-nio-8888-exec-9] c.m.c.i.dao.FileMapper.insertFile        : ==>  Preparing: INSERT INTO sys_file(id, name, size, type, folder_id, md5, origin_name, create_time) VALUES (?, ?, ?, ?, ?, ?, ?, NOW())
2023-08-23 10:06:14.662 DEBUG 4566 --- [http-nio-8888-exec-9] c.m.c.i.dao.FileMapper.insertFile        : ==> Parameters: 1694169143726706688(Long), bg15461.jpg(String), 9872549(Long), 图片(String), 1694169141520502785(Long), 724055733047bec21ad96ce4dad37013(String), bg15461.jpg(String)
2023-08-23 10:06:14.665 DEBUG 4566 --- [http-nio-8888-exec-9] c.m.c.i.dao.FileMapper.insertFile        : <==    Updates: 1
2023-08-23 10:06:14.673 DEBUG 4566 --- [http-nio-8888-exec-9] c.m.c.i.d.F.selectFilesByFolderId        : ==>  Preparing: SELECT * FROM sys_file WHERE folder_id = ? AND deleted = 0
2023-08-23 10:06:14.673 DEBUG 4566 --- [http-nio-8888-exec-9] c.m.c.i.d.F.selectFilesByFolderId        : ==> Parameters: 1694169141520502785(Long)
2023-08-23 10:06:14.676 DEBUG 4566 --- [http-nio-8888-exec-9] c.m.c.i.d.F.selectFilesByFolderId        : <==      Total: 17
2023-08-23 10:06:14.676 DEBUG 4566 --- [http-nio-8888-exec-9] c.m.c.i.dao.FileMapper.insertFile        : ==>  Preparing: INSERT INTO sys_file(id, name, size, type, folder_id, md5, origin_name, create_time) VALUES (?, ?, ?, ?, ?, ?, ?, NOW())
2023-08-23 10:06:14.676 DEBUG 4566 --- [http-nio-8888-exec-9] c.m.c.i.dao.FileMapper.insertFile        : ==> Parameters: 1694169143785426944(Long), IMG_20210102_104509.jpg(String), 400482(Long), 图片(String), 1694169141520502785(Long), e9903885ce4a6fa9213952b268319a3d(String), IMG_20210102_104509.jpg(String)
2023-08-23 10:06:14.679 DEBUG 4566 --- [http-nio-8888-exec-9] c.m.c.i.dao.FileMapper.insertFile        : <==    Updates: 1
2023-08-23 10:06:14.687 DEBUG 4566 --- [http-nio-8888-exec-9] c.m.c.i.d.F.selectFilesByFolderId        : ==>  Preparing: SELECT * FROM sys_file WHERE folder_id = ? AND deleted = 0
2023-08-23 10:06:14.687 DEBUG 4566 --- [http-nio-8888-exec-9] c.m.c.i.d.F.selectFilesByFolderId        : ==> Parameters: 1694169141520502785(Long)
2023-08-23 10:06:14.690 DEBUG 4566 --- [http-nio-8888-exec-9] c.m.c.i.d.F.selectFilesByFolderId        : <==      Total: 18
2023-08-23 10:06:14.691 DEBUG 4566 --- [http-nio-8888-exec-9] c.m.c.i.dao.FileMapper.insertFile        : ==>  Preparing: INSERT INTO sys_file(id, name, size, type, folder_id, md5, origin_name, create_time) VALUES (?, ?, ?, ?, ?, ?, ?, NOW())
2023-08-23 10:06:14.691 DEBUG 4566 --- [http-nio-8888-exec-9] c.m.c.i.dao.FileMapper.insertFile        : ==> Parameters: 1694169143848341504(Long), Snipaste_2023-01-17_19-22-58.jpg(String), 80133(Long), 图片(String), 1694169141520502785(Long), d064c7ea170c0e992fca637de618283a(String), Snipaste_2023-01-17_19-22-58.jpg(String)
2023-08-23 10:06:14.693 DEBUG 4566 --- [http-nio-8888-exec-9] c.m.c.i.dao.FileMapper.insertFile        : <==    Updates: 1
2023-08-23 10:06:14.711 DEBUG 4566 --- [http-nio-8888-exec-9] c.m.c.i.d.F.selectFilesByFolderId        : ==>  Preparing: SELECT * FROM sys_file WHERE folder_id = ? AND deleted = 0
2023-08-23 10:06:14.712 DEBUG 4566 --- [http-nio-8888-exec-9] c.m.c.i.d.F.selectFilesByFolderId        : ==> Parameters: 1694169141520502785(Long)
2023-08-23 10:06:14.714 DEBUG 4566 --- [http-nio-8888-exec-9] c.m.c.i.d.F.selectFilesByFolderId        : <==      Total: 19
2023-08-23 10:06:14.714 DEBUG 4566 --- [http-nio-8888-exec-9] c.m.c.i.dao.FileMapper.insertFile        : ==>  Preparing: INSERT INTO sys_file(id, name, size, type, folder_id, md5, origin_name, create_time) VALUES (?, ?, ?, ?, ?, ?, ?, NOW())
2023-08-23 10:06:14.715 DEBUG 4566 --- [http-nio-8888-exec-9] c.m.c.i.dao.FileMapper.insertFile        : ==> Parameters: 1694169143944810496(Long), 马尾2.jpg(String), 2388758(Long), 图片(String), 1694169141520502785(Long), 2865f0707076c075852ffe4d0c11d5be(String), 马尾2.jpg(String)
2023-08-23 10:06:14.716 DEBUG 4566 --- [http-nio-8888-exec-9] c.m.c.i.dao.FileMapper.insertFile        : <==    Updates: 1
2023-08-23 10:06:14.728 DEBUG 4566 --- [http-nio-8888-exec-9] c.m.c.i.d.F.selectFilesByFolderId        : ==>  Preparing: SELECT * FROM sys_file WHERE folder_id = ? AND deleted = 0
2023-08-23 10:06:14.728 DEBUG 4566 --- [http-nio-8888-exec-9] c.m.c.i.d.F.selectFilesByFolderId        : ==> Parameters: 1694169141520502785(Long)
2023-08-23 10:06:14.730 DEBUG 4566 --- [http-nio-8888-exec-9] c.m.c.i.d.F.selectFilesByFolderId        : <==      Total: 20
2023-08-23 10:06:14.730 DEBUG 4566 --- [http-nio-8888-exec-9] c.m.c.i.dao.FileMapper.insertFile        : ==>  Preparing: INSERT INTO sys_file(id, name, size, type, folder_id, md5, origin_name, create_time) VALUES (?, ?, ?, ?, ?, ?, ?, NOW())
2023-08-23 10:06:14.730 DEBUG 4566 --- [http-nio-8888-exec-9] c.m.c.i.dao.FileMapper.insertFile        : ==> Parameters: 1694169144011919360(Long), bg2.jpg(String), 1482971(Long), 图片(String), 1694169141520502785(Long), 7e964b2df9a6567ba8804044d4c60a1d(String), bg2.jpg(String)
2023-08-23 10:06:14.733 DEBUG 4566 --- [http-nio-8888-exec-9] c.m.c.i.dao.FileMapper.insertFile        : <==    Updates: 1
2023-08-23 10:06:14.740 DEBUG 4566 --- [http-nio-8888-exec-9] c.m.c.i.d.F.selectFilesByFolderId        : ==>  Preparing: SELECT * FROM sys_file WHERE folder_id = ? AND deleted = 0
2023-08-23 10:06:14.740 DEBUG 4566 --- [http-nio-8888-exec-9] c.m.c.i.d.F.selectFilesByFolderId        : ==> Parameters: 1694169141520502785(Long)
2023-08-23 10:06:14.742 DEBUG 4566 --- [http-nio-8888-exec-9] c.m.c.i.d.F.selectFilesByFolderId        : <==      Total: 21
2023-08-23 10:06:14.742 DEBUG 4566 --- [http-nio-8888-exec-9] c.m.c.i.dao.FileMapper.insertFile        : ==>  Preparing: INSERT INTO sys_file(id, name, size, type, folder_id, md5, origin_name, create_time) VALUES (?, ?, ?, ?, ?, ?, ?, NOW())
2023-08-23 10:06:14.743 DEBUG 4566 --- [http-nio-8888-exec-9] c.m.c.i.dao.FileMapper.insertFile        : ==> Parameters: 1694169144062251008(Long), 1609499596722.jpg(String), 95772(Long), 图片(String), 1694169141520502785(Long), 58b12fa07630ad9bd0b0ead761e17ae2(String), 1609499596722.jpg(String)
2023-08-23 10:06:14.745 DEBUG 4566 --- [http-nio-8888-exec-9] c.m.c.i.dao.FileMapper.insertFile        : <==    Updates: 1
2023-08-23 10:06:14.763 DEBUG 4566 --- [http-nio-8888-exec-9] c.m.c.i.d.F.selectFilesByFolderId        : ==>  Preparing: SELECT * FROM sys_file WHERE folder_id = ? AND deleted = 0
2023-08-23 10:06:14.763 DEBUG 4566 --- [http-nio-8888-exec-9] c.m.c.i.d.F.selectFilesByFolderId        : ==> Parameters: 1694169141520502785(Long)
2023-08-23 10:06:14.766 DEBUG 4566 --- [http-nio-8888-exec-9] c.m.c.i.d.F.selectFilesByFolderId        : <==      Total: 22
2023-08-23 10:06:14.766 DEBUG 4566 --- [http-nio-8888-exec-9] c.m.c.i.dao.FileMapper.insertFile        : ==>  Preparing: INSERT INTO sys_file(id, name, size, type, folder_id, md5, origin_name, create_time) VALUES (?, ?, ?, ?, ?, ?, ?, NOW())
2023-08-23 10:06:14.766 DEBUG 4566 --- [http-nio-8888-exec-9] c.m.c.i.dao.FileMapper.insertFile        : ==> Parameters: 1694169144162914304(Long), 极简壁纸02.png(String), 3154691(Long), 图片(String), 1694169141520502785(Long), 0585f8662780a019a5025f2c85760f33(String), 极简壁纸02.png(String)
2023-08-23 10:06:14.768 DEBUG 4566 --- [http-nio-8888-exec-9] c.m.c.i.dao.FileMapper.insertFile        : <==    Updates: 1
2023-08-23 10:06:14.776 DEBUG 4566 --- [http-nio-8888-exec-9] c.m.c.i.d.F.selectFilesByFolderId        : ==>  Preparing: SELECT * FROM sys_file WHERE folder_id = ? AND deleted = 0
2023-08-23 10:06:14.777 DEBUG 4566 --- [http-nio-8888-exec-9] c.m.c.i.d.F.selectFilesByFolderId        : ==> Parameters: 1694169141520502785(Long)
2023-08-23 10:06:14.778 DEBUG 4566 --- [http-nio-8888-exec-9] c.m.c.i.d.F.selectFilesByFolderId        : <==      Total: 23
2023-08-23 10:06:14.779 DEBUG 4566 --- [http-nio-8888-exec-9] c.m.c.i.dao.FileMapper.insertFile        : ==>  Preparing: INSERT INTO sys_file(id, name, size, type, folder_id, md5, origin_name, create_time) VALUES (?, ?, ?, ?, ?, ?, ?, NOW())
2023-08-23 10:06:14.779 DEBUG 4566 --- [http-nio-8888-exec-9] c.m.c.i.dao.FileMapper.insertFile        : ==> Parameters: 1694169144217440256(Long), 极简壁纸01.jpg(String), 430246(Long), 图片(String), 1694169141520502785(Long), 0f5cd5b259f3f62705c38e8fa4ab07d0(String), 极简壁纸01.jpg(String)
2023-08-23 10:06:14.781 DEBUG 4566 --- [http-nio-8888-exec-9] c.m.c.i.dao.FileMapper.insertFile        : <==    Updates: 1
2023-08-23 10:06:14.816 DEBUG 4566 --- [http-nio-8888-exec-9] c.m.c.i.d.F.selectFilesByFolderId        : ==>  Preparing: SELECT * FROM sys_file WHERE folder_id = ? AND deleted = 0
2023-08-23 10:06:14.816 DEBUG 4566 --- [http-nio-8888-exec-9] c.m.c.i.d.F.selectFilesByFolderId        : ==> Parameters: 1694169141520502785(Long)
2023-08-23 10:06:14.818 DEBUG 4566 --- [http-nio-8888-exec-9] c.m.c.i.d.F.selectFilesByFolderId        : <==      Total: 24
2023-08-23 10:06:14.818 DEBUG 4566 --- [http-nio-8888-exec-9] c.m.c.i.dao.FileMapper.insertFile        : ==>  Preparing: INSERT INTO sys_file(id, name, size, type, folder_id, md5, origin_name, create_time) VALUES (?, ?, ?, ?, ?, ?, ?, NOW())
2023-08-23 10:06:14.818 DEBUG 4566 --- [http-nio-8888-exec-9] c.m.c.i.dao.FileMapper.insertFile        : ==> Parameters: 1694169144381018112(Long), Snipaste_2022-09-18_00-31-32.png(String), 7446682(Long), 图片(String), 1694169141520502785(Long), cbb11dc549b2d1891fd880014807d38f(String), Snipaste_2022-09-18_00-31-32.png(String)
2023-08-23 10:06:14.820 DEBUG 4566 --- [http-nio-8888-exec-9] c.m.c.i.dao.FileMapper.insertFile        : <==    Updates: 1
2023-08-23 10:06:14.833 DEBUG 4566 --- [http-nio-8888-exec-3] c.m.c.i.d.F.selectFilesByFolderId        : ==>  Preparing: SELECT * FROM sys_file WHERE folder_id = ? AND deleted = 0
2023-08-23 10:06:14.833 DEBUG 4566 --- [http-nio-8888-exec-3] c.m.c.i.d.F.selectFilesByFolderId        : ==> Parameters: 1(Long)
2023-08-23 10:06:14.835 DEBUG 4566 --- [http-nio-8888-exec-3] c.m.c.i.d.F.selectFilesByFolderId        : <==      Total: 1
2023-08-23 10:06:14.835 DEBUG 4566 --- [http-nio-8888-exec-3] c.m.c.i.d.FolderMapper.selectSubFolders  : ==>  Preparing: SELECT * FROM sys_folder WHERE user_id = ? AND parent_id = ? AND deleted = 0
2023-08-23 10:06:14.836 DEBUG 4566 --- [http-nio-8888-exec-3] c.m.c.i.d.FolderMapper.selectSubFolders  : ==> Parameters: 1(Long), 1(Long)
2023-08-23 10:06:14.838 DEBUG 4566 --- [http-nio-8888-exec-3] c.m.c.i.d.FolderMapper.selectSubFolders  : <==      Total: 4
2023-08-23 10:06:14.838 DEBUG 4566 --- [http-nio-8888-exec-3] c.m.c.i.dao.FolderMapper.getFolderPath   : ==>  Preparing: SELECT id, name, parent_id FROM sys_folder WHERE find_in_set(id, get_parent_list(?))
2023-08-23 10:06:14.839 DEBUG 4566 --- [http-nio-8888-exec-3] c.m.c.i.dao.FolderMapper.getFolderPath   : ==> Parameters: 1(Long)
2023-08-23 10:06:14.841 DEBUG 4566 --- [http-nio-8888-exec-3] c.m.c.i.dao.FolderMapper.getFolderPath   : <==      Total: 1
2023-08-23 10:06:17.559 DEBUG 4566 --- [http-nio-8888-exec-6] c.m.c.i.d.F.selectFilesByFolderId        : ==>  Preparing: SELECT * FROM sys_file WHERE folder_id = ? AND deleted = 0
2023-08-23 10:06:17.559 DEBUG 4566 --- [http-nio-8888-exec-6] c.m.c.i.d.F.selectFilesByFolderId        : ==> Parameters: 1694169141520502785(Long)
2023-08-23 10:06:17.561 DEBUG 4566 --- [http-nio-8888-exec-6] c.m.c.i.d.F.selectFilesByFolderId        : <==      Total: 25
2023-08-23 10:06:17.562 DEBUG 4566 --- [http-nio-8888-exec-6] c.m.c.i.d.FolderMapper.selectSubFolders  : ==>  Preparing: SELECT * FROM sys_folder WHERE user_id = ? AND parent_id = ? AND deleted = 0
2023-08-23 10:06:17.562 DEBUG 4566 --- [http-nio-8888-exec-6] c.m.c.i.d.FolderMapper.selectSubFolders  : ==> Parameters: 1(Long), 1694169141520502785(Long)
2023-08-23 10:06:17.563 DEBUG 4566 --- [http-nio-8888-exec-6] c.m.c.i.d.FolderMapper.selectSubFolders  : <==      Total: 1
2023-08-23 10:06:17.563 DEBUG 4566 --- [http-nio-8888-exec-6] c.m.c.i.dao.FolderMapper.getFolderPath   : ==>  Preparing: SELECT id, name, parent_id FROM sys_folder WHERE find_in_set(id, get_parent_list(?))
2023-08-23 10:06:17.563 DEBUG 4566 --- [http-nio-8888-exec-6] c.m.c.i.dao.FolderMapper.getFolderPath   : ==> Parameters: 1694169141520502785(Long)
2023-08-23 10:06:17.565 DEBUG 4566 --- [http-nio-8888-exec-6] c.m.c.i.dao.FolderMapper.getFolderPath   : <==      Total: 2
2023-08-23 10:06:22.383 DEBUG 4566 --- [http-nio-8888-exec-10] c.m.c.i.d.F.selectFilesByFolderId        : ==>  Preparing: SELECT * FROM sys_file WHERE folder_id = ? AND deleted = 0
2023-08-23 10:06:22.384 DEBUG 4566 --- [http-nio-8888-exec-10] c.m.c.i.d.F.selectFilesByFolderId        : ==> Parameters: 1(Long)
2023-08-23 10:06:22.386 DEBUG 4566 --- [http-nio-8888-exec-10] c.m.c.i.d.F.selectFilesByFolderId        : <==      Total: 1
2023-08-23 10:06:22.386 DEBUG 4566 --- [http-nio-8888-exec-10] c.m.c.i.d.FolderMapper.selectSubFolders  : ==>  Preparing: SELECT * FROM sys_folder WHERE user_id = ? AND parent_id = ? AND deleted = 0
2023-08-23 10:06:22.386 DEBUG 4566 --- [http-nio-8888-exec-10] c.m.c.i.d.FolderMapper.selectSubFolders  : ==> Parameters: 1(Long), 1(Long)
2023-08-23 10:06:22.388 DEBUG 4566 --- [http-nio-8888-exec-10] c.m.c.i.d.FolderMapper.selectSubFolders  : <==      Total: 4
2023-08-23 10:06:22.388 DEBUG 4566 --- [http-nio-8888-exec-10] c.m.c.i.dao.FolderMapper.getFolderPath   : ==>  Preparing: SELECT id, name, parent_id FROM sys_folder WHERE find_in_set(id, get_parent_list(?))
2023-08-23 10:06:22.389 DEBUG 4566 --- [http-nio-8888-exec-10] c.m.c.i.dao.FolderMapper.getFolderPath   : ==> Parameters: 1(Long)
2023-08-23 10:06:22.390 DEBUG 4566 --- [http-nio-8888-exec-10] c.m.c.i.dao.FolderMapper.getFolderPath   : <==      Total: 1
2023-08-23 10:06:23.562 DEBUG 4566 --- [http-nio-8888-exec-4] c.m.c.i.dao.FileMapper.selectFileById    : ==>  Preparing: SELECT * FROM sys_file WHERE id = ? AND deleted = 0
2023-08-23 10:06:23.563 DEBUG 4566 --- [http-nio-8888-exec-4] c.m.c.i.dao.FileMapper.selectFileById    : ==> Parameters: 1694169141520502785(Long)
2023-08-23 10:06:23.564 DEBUG 4566 --- [http-nio-8888-exec-4] c.m.c.i.dao.FileMapper.selectFileById    : <==      Total: 0
2023-08-23 10:06:23.564 DEBUG 4566 --- [http-nio-8888-exec-4] c.m.c.i.d.FolderMapper.selectFolderById  : ==>  Preparing: SELECT * FROM sys_folder WHERE id = ? AND deleted = 0
2023-08-23 10:06:23.565 DEBUG 4566 --- [http-nio-8888-exec-4] c.m.c.i.d.FolderMapper.selectFolderById  : ==> Parameters: 1694169141520502785(Long)
2023-08-23 10:06:23.566 DEBUG 4566 --- [http-nio-8888-exec-4] c.m.c.i.d.FolderMapper.selectFolderById  : <==      Total: 1
2023-08-23 10:06:23.566 DEBUG 4566 --- [http-nio-8888-exec-4] c.m.c.i.d.FolderMapper.selectSubFolders  : ==>  Preparing: SELECT * FROM sys_folder WHERE user_id = ? AND parent_id = ? AND deleted = 0
2023-08-23 10:06:23.566 DEBUG 4566 --- [http-nio-8888-exec-4] c.m.c.i.d.FolderMapper.selectSubFolders  : ==> Parameters: 1(Long), 1694169141520502785(Long)
2023-08-23 10:06:23.568 DEBUG 4566 --- [http-nio-8888-exec-4] c.m.c.i.d.FolderMapper.selectSubFolders  : <==      Total: 1
2023-08-23 10:06:23.568 DEBUG 4566 --- [http-nio-8888-exec-4] c.m.c.i.d.F.selectFilesByFolderId        : ==>  Preparing: SELECT * FROM sys_file WHERE folder_id = ? AND deleted = 0
2023-08-23 10:06:23.568 DEBUG 4566 --- [http-nio-8888-exec-4] c.m.c.i.d.F.selectFilesByFolderId        : ==> Parameters: 1694169141520502785(Long)
2023-08-23 10:06:23.569 DEBUG 4566 --- [http-nio-8888-exec-4] c.m.c.i.d.F.selectFilesByFolderId        : <==      Total: 25
2023-08-23 10:06:23.570 DEBUG 4566 --- [http-nio-8888-exec-4] c.m.c.i.d.FolderMapper.selectFolderById  : ==>  Preparing: SELECT * FROM sys_folder WHERE id = ? AND deleted = 0
2023-08-23 10:06:23.570 DEBUG 4566 --- [http-nio-8888-exec-4] c.m.c.i.d.FolderMapper.selectFolderById  : ==> Parameters: 1694169141520502785(Long)
2023-08-23 10:06:23.571 DEBUG 4566 --- [http-nio-8888-exec-4] c.m.c.i.d.FolderMapper.selectFolderById  : <==      Total: 1
2023-08-23 10:06:23.571 DEBUG 4566 --- [http-nio-8888-exec-4] c.m.c.i.dao.FileMapper.selectFileById    : ==>  Preparing: SELECT * FROM sys_file WHERE id = ? AND deleted = 0
2023-08-23 10:06:23.571 DEBUG 4566 --- [http-nio-8888-exec-4] c.m.c.i.dao.FileMapper.selectFileById    : ==> Parameters: 1694169141583417344(Long)
2023-08-23 10:06:23.573 DEBUG 4566 --- [http-nio-8888-exec-4] c.m.c.i.dao.FileMapper.selectFileById    : <==      Total: 1
2023-08-23 10:06:23.575 DEBUG 4566 --- [http-nio-8888-exec-4] c.m.c.i.dao.FileMapper.selectFileById    : ==>  Preparing: SELECT * FROM sys_file WHERE id = ? AND deleted = 0
2023-08-23 10:06:23.575 DEBUG 4566 --- [http-nio-8888-exec-4] c.m.c.i.dao.FileMapper.selectFileById    : ==> Parameters: 1694169141625360384(Long)
2023-08-23 10:06:23.576 DEBUG 4566 --- [http-nio-8888-exec-4] c.m.c.i.dao.FileMapper.selectFileById    : <==      Total: 1
2023-08-23 10:06:23.577 DEBUG 4566 --- [http-nio-8888-exec-4] c.m.c.i.dao.FileMapper.selectFileById    : ==>  Preparing: SELECT * FROM sys_file WHERE id = ? AND deleted = 0
2023-08-23 10:06:23.577 DEBUG 4566 --- [http-nio-8888-exec-4] c.m.c.i.dao.FileMapper.selectFileById    : ==> Parameters: 1694169141705052160(Long)
2023-08-23 10:06:23.578 DEBUG 4566 --- [http-nio-8888-exec-4] c.m.c.i.dao.FileMapper.selectFileById    : <==      Total: 1
2023-08-23 10:06:23.580 DEBUG 4566 --- [http-nio-8888-exec-4] c.m.c.i.dao.FileMapper.selectFileById    : ==>  Preparing: SELECT * FROM sys_file WHERE id = ? AND deleted = 0
2023-08-23 10:06:23.580 DEBUG 4566 --- [http-nio-8888-exec-4] c.m.c.i.dao.FileMapper.selectFileById    : ==> Parameters: 1694169141751189504(Long)
2023-08-23 10:06:23.582 DEBUG 4566 --- [http-nio-8888-exec-4] c.m.c.i.dao.FileMapper.selectFileById    : <==      Total: 1
2023-08-23 10:06:23.582 DEBUG 4566 --- [http-nio-8888-exec-4] c.m.c.i.dao.FileMapper.selectFileById    : ==>  Preparing: SELECT * FROM sys_file WHERE id = ? AND deleted = 0
2023-08-23 10:06:23.583 DEBUG 4566 --- [http-nio-8888-exec-4] c.m.c.i.dao.FileMapper.selectFileById    : ==> Parameters: 1694169142929788928(Long)
2023-08-23 10:06:23.584 DEBUG 4566 --- [http-nio-8888-exec-4] c.m.c.i.dao.FileMapper.selectFileById    : <==      Total: 1
2023-08-23 10:06:23.588 DEBUG 4566 --- [http-nio-8888-exec-4] c.m.c.i.dao.FileMapper.selectFileById    : ==>  Preparing: SELECT * FROM sys_file WHERE id = ? AND deleted = 0
2023-08-23 10:06:23.588 DEBUG 4566 --- [http-nio-8888-exec-4] c.m.c.i.dao.FileMapper.selectFileById    : ==> Parameters: 1694169142988509184(Long)
2023-08-23 10:06:23.589 DEBUG 4566 --- [http-nio-8888-exec-4] c.m.c.i.dao.FileMapper.selectFileById    : <==      Total: 1
2023-08-23 10:06:23.590 DEBUG 4566 --- [http-nio-8888-exec-4] c.m.c.i.dao.FileMapper.selectFileById    : ==>  Preparing: SELECT * FROM sys_file WHERE id = ? AND deleted = 0
2023-08-23 10:06:23.590 DEBUG 4566 --- [http-nio-8888-exec-4] c.m.c.i.dao.FileMapper.selectFileById    : ==> Parameters: 1694169143055618048(Long)
2023-08-23 10:06:23.591 DEBUG 4566 --- [http-nio-8888-exec-4] c.m.c.i.dao.FileMapper.selectFileById    : <==      Total: 1
2023-08-23 10:06:23.593 DEBUG 4566 --- [http-nio-8888-exec-4] c.m.c.i.dao.FileMapper.selectFileById    : ==>  Preparing: SELECT * FROM sys_file WHERE id = ? AND deleted = 0
2023-08-23 10:06:23.593 DEBUG 4566 --- [http-nio-8888-exec-4] c.m.c.i.dao.FileMapper.selectFileById    : ==> Parameters: 1694169143110144000(Long)
2023-08-23 10:06:23.594 DEBUG 4566 --- [http-nio-8888-exec-4] c.m.c.i.dao.FileMapper.selectFileById    : <==      Total: 1
2023-08-23 10:06:23.595 DEBUG 4566 --- [http-nio-8888-exec-4] c.m.c.i.dao.FileMapper.selectFileById    : ==>  Preparing: SELECT * FROM sys_file WHERE id = ? AND deleted = 0
2023-08-23 10:06:23.595 DEBUG 4566 --- [http-nio-8888-exec-4] c.m.c.i.dao.FileMapper.selectFileById    : ==> Parameters: 1694169143164669952(Long)
2023-08-23 10:06:23.596 DEBUG 4566 --- [http-nio-8888-exec-4] c.m.c.i.dao.FileMapper.selectFileById    : <==      Total: 1
2023-08-23 10:06:23.597 DEBUG 4566 --- [http-nio-8888-exec-4] c.m.c.i.dao.FileMapper.selectFileById    : ==>  Preparing: SELECT * FROM sys_file WHERE id = ? AND deleted = 0
2023-08-23 10:06:23.597 DEBUG 4566 --- [http-nio-8888-exec-4] c.m.c.i.dao.FileMapper.selectFileById    : ==> Parameters: 1694169143219195904(Long)
2023-08-23 10:06:23.598 DEBUG 4566 --- [http-nio-8888-exec-4] c.m.c.i.dao.FileMapper.selectFileById    : <==      Total: 1
2023-08-23 10:06:23.599 DEBUG 4566 --- [http-nio-8888-exec-4] c.m.c.i.dao.FileMapper.selectFileById    : ==>  Preparing: SELECT * FROM sys_file WHERE id = ? AND deleted = 0
2023-08-23 10:06:23.600 DEBUG 4566 --- [http-nio-8888-exec-4] c.m.c.i.dao.FileMapper.selectFileById    : ==> Parameters: 1694169143273721856(Long)
2023-08-23 10:06:23.601 DEBUG 4566 --- [http-nio-8888-exec-4] c.m.c.i.dao.FileMapper.selectFileById    : <==      Total: 1
2023-08-23 10:06:23.601 DEBUG 4566 --- [http-nio-8888-exec-4] c.m.c.i.dao.FileMapper.selectFileById    : ==>  Preparing: SELECT * FROM sys_file WHERE id = ? AND deleted = 0
2023-08-23 10:06:23.601 DEBUG 4566 --- [http-nio-8888-exec-4] c.m.c.i.dao.FileMapper.selectFileById    : ==> Parameters: 1694169143328247808(Long)
2023-08-23 10:06:23.602 DEBUG 4566 --- [http-nio-8888-exec-4] c.m.c.i.dao.FileMapper.selectFileById    : <==      Total: 1
2023-08-23 10:06:23.603 DEBUG 4566 --- [http-nio-8888-exec-4] c.m.c.i.dao.FileMapper.selectFileById    : ==>  Preparing: SELECT * FROM sys_file WHERE id = ? AND deleted = 0
2023-08-23 10:06:23.603 DEBUG 4566 --- [http-nio-8888-exec-4] c.m.c.i.dao.FileMapper.selectFileById    : ==> Parameters: 1694169143374385152(Long)
2023-08-23 10:06:23.604 DEBUG 4566 --- [http-nio-8888-exec-4] c.m.c.i.dao.FileMapper.selectFileById    : <==      Total: 1
2023-08-23 10:06:23.605 DEBUG 4566 --- [http-nio-8888-exec-4] c.m.c.i.dao.FileMapper.selectFileById    : ==>  Preparing: SELECT * FROM sys_file WHERE id = ? AND deleted = 0
2023-08-23 10:06:23.605 DEBUG 4566 --- [http-nio-8888-exec-4] c.m.c.i.dao.FileMapper.selectFileById    : ==> Parameters: 1694169143420522496(Long)
2023-08-23 10:06:23.606 DEBUG 4566 --- [http-nio-8888-exec-4] c.m.c.i.dao.FileMapper.selectFileById    : <==      Total: 1
2023-08-23 10:06:23.607 DEBUG 4566 --- [http-nio-8888-exec-4] c.m.c.i.dao.FileMapper.selectFileById    : ==>  Preparing: SELECT * FROM sys_file WHERE id = ? AND deleted = 0
2023-08-23 10:06:23.607 DEBUG 4566 --- [http-nio-8888-exec-4] c.m.c.i.dao.FileMapper.selectFileById    : ==> Parameters: 1694169143475048448(Long)
2023-08-23 10:06:23.608 DEBUG 4566 --- [http-nio-8888-exec-4] c.m.c.i.dao.FileMapper.selectFileById    : <==      Total: 1
2023-08-23 10:06:23.609 DEBUG 4566 --- [http-nio-8888-exec-4] c.m.c.i.dao.FileMapper.selectFileById    : ==>  Preparing: SELECT * FROM sys_file WHERE id = ? AND deleted = 0
2023-08-23 10:06:23.609 DEBUG 4566 --- [http-nio-8888-exec-4] c.m.c.i.dao.FileMapper.selectFileById    : ==> Parameters: 1694169143521185792(Long)
2023-08-23 10:06:23.611 DEBUG 4566 --- [http-nio-8888-exec-4] c.m.c.i.dao.FileMapper.selectFileById    : <==      Total: 1
2023-08-23 10:06:23.611 DEBUG 4566 --- [http-nio-8888-exec-4] c.m.c.i.dao.FileMapper.selectFileById    : ==>  Preparing: SELECT * FROM sys_file WHERE id = ? AND deleted = 0
2023-08-23 10:06:23.611 DEBUG 4566 --- [http-nio-8888-exec-4] c.m.c.i.dao.FileMapper.selectFileById    : ==> Parameters: 1694169143726706688(Long)
2023-08-23 10:06:23.612 DEBUG 4566 --- [http-nio-8888-exec-4] c.m.c.i.dao.FileMapper.selectFileById    : <==      Total: 1
2023-08-23 10:06:23.625 DEBUG 4566 --- [http-nio-8888-exec-4] c.m.c.i.dao.FileMapper.selectFileById    : ==>  Preparing: SELECT * FROM sys_file WHERE id = ? AND deleted = 0
2023-08-23 10:06:23.625 DEBUG 4566 --- [http-nio-8888-exec-4] c.m.c.i.dao.FileMapper.selectFileById    : ==> Parameters: 1694169143785426944(Long)
2023-08-23 10:06:23.627 DEBUG 4566 --- [http-nio-8888-exec-4] c.m.c.i.dao.FileMapper.selectFileById    : <==      Total: 1
2023-08-23 10:06:23.628 DEBUG 4566 --- [http-nio-8888-exec-4] c.m.c.i.dao.FileMapper.selectFileById    : ==>  Preparing: SELECT * FROM sys_file WHERE id = ? AND deleted = 0
2023-08-23 10:06:23.628 DEBUG 4566 --- [http-nio-8888-exec-4] c.m.c.i.dao.FileMapper.selectFileById    : ==> Parameters: 1694169143848341504(Long)
2023-08-23 10:06:23.629 DEBUG 4566 --- [http-nio-8888-exec-4] c.m.c.i.dao.FileMapper.selectFileById    : <==      Total: 1
2023-08-23 10:06:23.630 DEBUG 4566 --- [http-nio-8888-exec-4] c.m.c.i.dao.FileMapper.selectFileById    : ==>  Preparing: SELECT * FROM sys_file WHERE id = ? AND deleted = 0
2023-08-23 10:06:23.630 DEBUG 4566 --- [http-nio-8888-exec-4] c.m.c.i.dao.FileMapper.selectFileById    : ==> Parameters: 1694169143944810496(Long)
2023-08-23 10:06:23.632 DEBUG 4566 --- [http-nio-8888-exec-4] c.m.c.i.dao.FileMapper.selectFileById    : <==      Total: 1
2023-08-23 10:06:23.635 DEBUG 4566 --- [http-nio-8888-exec-4] c.m.c.i.dao.FileMapper.selectFileById    : ==>  Preparing: SELECT * FROM sys_file WHERE id = ? AND deleted = 0
2023-08-23 10:06:23.635 DEBUG 4566 --- [http-nio-8888-exec-4] c.m.c.i.dao.FileMapper.selectFileById    : ==> Parameters: 1694169144011919360(Long)
2023-08-23 10:06:23.636 DEBUG 4566 --- [http-nio-8888-exec-4] c.m.c.i.dao.FileMapper.selectFileById    : <==      Total: 1
2023-08-23 10:06:23.638 DEBUG 4566 --- [http-nio-8888-exec-4] c.m.c.i.dao.FileMapper.selectFileById    : ==>  Preparing: SELECT * FROM sys_file WHERE id = ? AND deleted = 0
2023-08-23 10:06:23.638 DEBUG 4566 --- [http-nio-8888-exec-4] c.m.c.i.dao.FileMapper.selectFileById    : ==> Parameters: 1694169144062251008(Long)
2023-08-23 10:06:23.640 DEBUG 4566 --- [http-nio-8888-exec-4] c.m.c.i.dao.FileMapper.selectFileById    : <==      Total: 1
2023-08-23 10:06:23.641 DEBUG 4566 --- [http-nio-8888-exec-4] c.m.c.i.dao.FileMapper.selectFileById    : ==>  Preparing: SELECT * FROM sys_file WHERE id = ? AND deleted = 0
2023-08-23 10:06:23.641 DEBUG 4566 --- [http-nio-8888-exec-4] c.m.c.i.dao.FileMapper.selectFileById    : ==> Parameters: 1694169144162914304(Long)
2023-08-23 10:06:23.642 DEBUG 4566 --- [http-nio-8888-exec-4] c.m.c.i.dao.FileMapper.selectFileById    : <==      Total: 1
2023-08-23 10:06:23.646 DEBUG 4566 --- [http-nio-8888-exec-4] c.m.c.i.dao.FileMapper.selectFileById    : ==>  Preparing: SELECT * FROM sys_file WHERE id = ? AND deleted = 0
2023-08-23 10:06:23.646 DEBUG 4566 --- [http-nio-8888-exec-4] c.m.c.i.dao.FileMapper.selectFileById    : ==> Parameters: 1694169144217440256(Long)
2023-08-23 10:06:23.648 DEBUG 4566 --- [http-nio-8888-exec-4] c.m.c.i.dao.FileMapper.selectFileById    : <==      Total: 1
2023-08-23 10:06:23.649 DEBUG 4566 --- [http-nio-8888-exec-4] c.m.c.i.dao.FileMapper.selectFileById    : ==>  Preparing: SELECT * FROM sys_file WHERE id = ? AND deleted = 0
2023-08-23 10:06:23.649 DEBUG 4566 --- [http-nio-8888-exec-4] c.m.c.i.dao.FileMapper.selectFileById    : ==> Parameters: 1694169144381018112(Long)
2023-08-23 10:06:23.651 DEBUG 4566 --- [http-nio-8888-exec-4] c.m.c.i.dao.FileMapper.selectFileById    : <==      Total: 1
2023-08-23 10:06:23.660 DEBUG 4566 --- [http-nio-8888-exec-4] c.m.c.i.d.FolderMapper.selectSubFolders  : ==>  Preparing: SELECT * FROM sys_folder WHERE user_id = ? AND parent_id = ? AND deleted = 0
2023-08-23 10:06:23.661 DEBUG 4566 --- [http-nio-8888-exec-4] c.m.c.i.d.FolderMapper.selectSubFolders  : ==> Parameters: 1(Long), 1694169141520502786(Long)
2023-08-23 10:06:23.662 DEBUG 4566 --- [http-nio-8888-exec-4] c.m.c.i.d.FolderMapper.selectSubFolders  : <==      Total: 0
2023-08-23 10:06:23.662 DEBUG 4566 --- [http-nio-8888-exec-4] c.m.c.i.d.F.selectFilesByFolderId        : ==>  Preparing: SELECT * FROM sys_file WHERE folder_id = ? AND deleted = 0
2023-08-23 10:06:23.663 DEBUG 4566 --- [http-nio-8888-exec-4] c.m.c.i.d.F.selectFilesByFolderId        : ==> Parameters: 1694169141520502786(Long)
2023-08-23 10:06:23.664 DEBUG 4566 --- [http-nio-8888-exec-4] c.m.c.i.d.F.selectFilesByFolderId        : <==      Total: 1
2023-08-23 10:06:23.664 DEBUG 4566 --- [http-nio-8888-exec-4] c.m.c.i.d.FolderMapper.selectFolderById  : ==>  Preparing: SELECT * FROM sys_folder WHERE id = ? AND deleted = 0
2023-08-23 10:06:23.664 DEBUG 4566 --- [http-nio-8888-exec-4] c.m.c.i.d.FolderMapper.selectFolderById  : ==> Parameters: 1694169141520502786(Long)
2023-08-23 10:06:23.665 DEBUG 4566 --- [http-nio-8888-exec-4] c.m.c.i.d.FolderMapper.selectFolderById  : <==      Total: 1
2023-08-23 10:06:23.666 DEBUG 4566 --- [http-nio-8888-exec-4] c.m.c.i.dao.FileMapper.selectFileById    : ==>  Preparing: SELECT * FROM sys_file WHERE id = ? AND deleted = 0
2023-08-23 10:06:23.666 DEBUG 4566 --- [http-nio-8888-exec-4] c.m.c.i.dao.FileMapper.selectFileById    : ==> Parameters: 1694169142824931328(Long)
2023-08-23 10:06:23.667 DEBUG 4566 --- [http-nio-8888-exec-4] c.m.c.i.dao.FileMapper.selectFileById    : <==      Total: 1
2023-08-23 10:08:28.221 DEBUG 4566 --- [http-nio-8888-exec-5] c.m.c.i.dao.FileMapper.selectFileById    : ==>  Preparing: SELECT * FROM sys_file WHERE id = ? AND deleted = 0
2023-08-23 10:08:28.222 DEBUG 4566 --- [http-nio-8888-exec-5] c.m.c.i.dao.FileMapper.selectFileById    : ==> Parameters: 1693970571102130176(Long)
2023-08-23 10:08:28.223 DEBUG 4566 --- [http-nio-8888-exec-5] c.m.c.i.dao.FileMapper.selectFileById    : <==      Total: 1
2023-08-23 10:08:31.803 DEBUG 4566 --- [http-nio-8888-exec-9] c.m.c.i.dao.FileMapper.selectFileById    : ==>  Preparing: SELECT * FROM sys_file WHERE id = ? AND deleted = 0
2023-08-23 10:08:31.803 DEBUG 4566 --- [http-nio-8888-exec-9] c.m.c.i.dao.FileMapper.selectFileById    : ==> Parameters: 1693970596246982656(Long)
2023-08-23 10:08:31.804 DEBUG 4566 --- [http-nio-8888-exec-9] c.m.c.i.dao.FileMapper.selectFileById    : <==      Total: 0
2023-08-23 10:08:31.805 DEBUG 4566 --- [http-nio-8888-exec-9] c.m.c.i.d.FolderMapper.selectFolderById  : ==>  Preparing: SELECT * FROM sys_folder WHERE id = ? AND deleted = 0
2023-08-23 10:08:31.805 DEBUG 4566 --- [http-nio-8888-exec-9] c.m.c.i.d.FolderMapper.selectFolderById  : ==> Parameters: 1693970596246982656(Long)
2023-08-23 10:08:31.806 DEBUG 4566 --- [http-nio-8888-exec-9] c.m.c.i.d.FolderMapper.selectFolderById  : <==      Total: 1
2023-08-23 10:08:31.807 DEBUG 4566 --- [http-nio-8888-exec-9] c.m.c.i.d.FolderMapper.selectSubFolders  : ==>  Preparing: SELECT * FROM sys_folder WHERE user_id = ? AND parent_id = ? AND deleted = 0
2023-08-23 10:08:31.807 DEBUG 4566 --- [http-nio-8888-exec-9] c.m.c.i.d.FolderMapper.selectSubFolders  : ==> Parameters: 1(Long), 1693970596246982656(Long)
2023-08-23 10:08:31.808 DEBUG 4566 --- [http-nio-8888-exec-9] c.m.c.i.d.FolderMapper.selectSubFolders  : <==      Total: 1
2023-08-23 10:08:31.808 DEBUG 4566 --- [http-nio-8888-exec-9] c.m.c.i.d.F.selectFilesByFolderId        : ==>  Preparing: SELECT * FROM sys_file WHERE folder_id = ? AND deleted = 0
2023-08-23 10:08:31.808 DEBUG 4566 --- [http-nio-8888-exec-9] c.m.c.i.d.F.selectFilesByFolderId        : ==> Parameters: 1693970596246982656(Long)
2023-08-23 10:08:31.809 DEBUG 4566 --- [http-nio-8888-exec-9] c.m.c.i.d.F.selectFilesByFolderId        : <==      Total: 3
2023-08-23 10:08:31.809 DEBUG 4566 --- [http-nio-8888-exec-9] c.m.c.i.d.FolderMapper.selectFolderById  : ==>  Preparing: SELECT * FROM sys_folder WHERE id = ? AND deleted = 0
2023-08-23 10:08:31.809 DEBUG 4566 --- [http-nio-8888-exec-9] c.m.c.i.d.FolderMapper.selectFolderById  : ==> Parameters: 1693970596246982656(Long)
2023-08-23 10:08:31.810 DEBUG 4566 --- [http-nio-8888-exec-9] c.m.c.i.d.FolderMapper.selectFolderById  : <==      Total: 1
2023-08-23 10:08:31.812 DEBUG 4566 --- [http-nio-8888-exec-9] c.m.c.i.dao.FileMapper.selectFileById    : ==>  Preparing: SELECT * FROM sys_file WHERE id = ? AND deleted = 0
2023-08-23 10:08:31.813 DEBUG 4566 --- [http-nio-8888-exec-9] c.m.c.i.dao.FileMapper.selectFileById    : ==> Parameters: 1693970596351840256(Long)
2023-08-23 10:08:31.814 DEBUG 4566 --- [http-nio-8888-exec-9] c.m.c.i.dao.FileMapper.selectFileById    : <==      Total: 1
2023-08-23 10:08:31.815 DEBUG 4566 --- [http-nio-8888-exec-9] c.m.c.i.dao.FileMapper.selectFileById    : ==>  Preparing: SELECT * FROM sys_file WHERE id = ? AND deleted = 0
2023-08-23 10:08:31.815 DEBUG 4566 --- [http-nio-8888-exec-9] c.m.c.i.dao.FileMapper.selectFileById    : ==> Parameters: 1693970596477669376(Long)
2023-08-23 10:08:31.816 DEBUG 4566 --- [http-nio-8888-exec-9] c.m.c.i.dao.FileMapper.selectFileById    : <==      Total: 1
2023-08-23 10:08:31.816 DEBUG 4566 --- [http-nio-8888-exec-9] c.m.c.i.dao.FileMapper.selectFileById    : ==>  Preparing: SELECT * FROM sys_file WHERE id = ? AND deleted = 0
2023-08-23 10:08:31.816 DEBUG 4566 --- [http-nio-8888-exec-9] c.m.c.i.dao.FileMapper.selectFileById    : ==> Parameters: 1693970596523806720(Long)
2023-08-23 10:08:31.818 DEBUG 4566 --- [http-nio-8888-exec-9] c.m.c.i.dao.FileMapper.selectFileById    : <==      Total: 1
2023-08-23 10:08:31.818 DEBUG 4566 --- [http-nio-8888-exec-9] c.m.c.i.d.FolderMapper.selectSubFolders  : ==>  Preparing: SELECT * FROM sys_folder WHERE user_id = ? AND parent_id = ? AND deleted = 0
2023-08-23 10:08:31.819 DEBUG 4566 --- [http-nio-8888-exec-9] c.m.c.i.d.FolderMapper.selectSubFolders  : ==> Parameters: 1(Long), 1693970596246982657(Long)
2023-08-23 10:08:31.820 DEBUG 4566 --- [http-nio-8888-exec-9] c.m.c.i.d.FolderMapper.selectSubFolders  : <==      Total: 0
2023-08-23 10:08:31.820 DEBUG 4566 --- [http-nio-8888-exec-9] c.m.c.i.d.F.selectFilesByFolderId        : ==>  Preparing: SELECT * FROM sys_file WHERE folder_id = ? AND deleted = 0
2023-08-23 10:08:31.820 DEBUG 4566 --- [http-nio-8888-exec-9] c.m.c.i.d.F.selectFilesByFolderId        : ==> Parameters: 1693970596246982657(Long)
2023-08-23 10:08:31.822 DEBUG 4566 --- [http-nio-8888-exec-9] c.m.c.i.d.F.selectFilesByFolderId        : <==      Total: 2
2023-08-23 10:08:31.822 DEBUG 4566 --- [http-nio-8888-exec-9] c.m.c.i.d.FolderMapper.selectFolderById  : ==>  Preparing: SELECT * FROM sys_folder WHERE id = ? AND deleted = 0
2023-08-23 10:08:31.822 DEBUG 4566 --- [http-nio-8888-exec-9] c.m.c.i.d.FolderMapper.selectFolderById  : ==> Parameters: 1693970596246982657(Long)
2023-08-23 10:08:31.823 DEBUG 4566 --- [http-nio-8888-exec-9] c.m.c.i.d.FolderMapper.selectFolderById  : <==      Total: 1
2023-08-23 10:08:31.824 DEBUG 4566 --- [http-nio-8888-exec-9] c.m.c.i.dao.FileMapper.selectFileById    : ==>  Preparing: SELECT * FROM sys_file WHERE id = ? AND deleted = 0
2023-08-23 10:08:31.824 DEBUG 4566 --- [http-nio-8888-exec-9] c.m.c.i.dao.FileMapper.selectFileById    : ==> Parameters: 1693970596410560512(Long)
2023-08-23 10:08:31.825 DEBUG 4566 --- [http-nio-8888-exec-9] c.m.c.i.dao.FileMapper.selectFileById    : <==      Total: 1
2023-08-23 10:08:31.826 DEBUG 4566 --- [http-nio-8888-exec-9] c.m.c.i.dao.FileMapper.selectFileById    : ==>  Preparing: SELECT * FROM sys_file WHERE id = ? AND deleted = 0
2023-08-23 10:08:31.826 DEBUG 4566 --- [http-nio-8888-exec-9] c.m.c.i.dao.FileMapper.selectFileById    : ==> Parameters: 1693970596586721280(Long)
2023-08-23 10:08:31.827 DEBUG 4566 --- [http-nio-8888-exec-9] c.m.c.i.dao.FileMapper.selectFileById    : <==      Total: 1
