2023-08-23 08:50:59.933 ERROR 3025 --- [http-nio-8888-exec-2] c.m.c.c.config.ExceptionHandlerConfig    ExceptionHandlerConfig.java:72: class cn.dev33.satoken.exception.NotLoginException: token 无效：0b8a80cf-caf2-49aa-a8de-fcecf73a55c8
2023-08-23 08:53:45.687 ERROR 3108 --- [http-nio-8888-exec-2] c.m.c.c.config.ExceptionHandlerConfig    ExceptionHandlerConfig.java:72: class cn.dev33.satoken.exception.NotLoginException: token 无效：2e8b1f5b-2226-4466-ae3b-295505a759fc
2023-08-23 09:13:25.441 ERROR 3494 --- [http-nio-8890-exec-1] c.m.c.c.config.ExceptionHandlerConfig    ExceptionHandlerConfig.java:72: class cn.dev33.satoken.exception.NotLoginException: token 无效：eb77c55e-5108-4b82-890f-62dc6a49f106
2023-08-23 09:13:28.640 ERROR 3494 --- [http-nio-8890-exec-2] c.m.c.c.config.ExceptionHandlerConfig    ExceptionHandlerConfig.java:72: class cn.dev33.satoken.exception.NotLoginException: token 无效：eb77c55e-5108-4b82-890f-62dc6a49f106
2023-08-23 09:13:40.227 ERROR 3494 --- [http-nio-8888-exec-1] c.m.c.c.config.ExceptionHandlerConfig    ExceptionHandlerConfig.java:72: class cn.dev33.satoken.exception.NotLoginException: token 无效：eb77c55e-5108-4b82-890f-62dc6a49f106
2023-08-23 09:15:21.416 ERROR 3528 --- [http-nio-8888-exec-4] c.m.c.c.config.ExceptionHandlerConfig    ExceptionHandlerConfig.java:72: class cn.dev33.satoken.exception.NotLoginException: token 无效：eb77c55e-5108-4b82-890f-62dc6a49f106
2023-08-23 09:15:37.208 ERROR 3528 --- [http-nio-8890-exec-4] c.m.c.c.config.ExceptionHandlerConfig    ExceptionHandlerConfig.java:72: class cn.dev33.satoken.exception.NotLoginException: token 无效：eb77c55e-5108-4b82-890f-62dc6a49f106
2023-08-23 09:16:31.434 ERROR 3564 --- [http-nio-8890-exec-3] c.m.c.c.config.ExceptionHandlerConfig    ExceptionHandlerConfig.java:72: class cn.dev33.satoken.exception.NotLoginException: token 无效：eb77c55e-5108-4b82-890f-62dc6a49f106
2023-08-23 09:18:03.431 ERROR 3592 --- [http-nio-8890-exec-5] c.m.c.c.config.ExceptionHandlerConfig    ExceptionHandlerConfig.java:72: class cn.dev33.satoken.exception.NotLoginException: token 无效：eb77c55e-5108-4b82-890f-62dc6a49f106
2023-08-23 09:26:31.804 ERROR 3740 --- [http-nio-8890-exec-4] c.m.c.c.config.ExceptionHandlerConfig    ExceptionHandlerConfig.java:72: class cn.dev33.satoken.exception.NotLoginException: token 无效：eb77c55e-5108-4b82-890f-62dc6a49f106
2023-08-23 09:31:21.458 ERROR 3828 --- [http-nio-8888-Acceptor] org.apache.tomcat.util.net.Acceptor      DirectJDKLog.java:175: Socket accept failed

java.nio.channels.AsynchronousCloseException: null
	at java.nio.channels.spi.AbstractInterruptibleChannel.end(AbstractInterruptibleChannel.java:205)
	at sun.nio.ch.ServerSocketChannelImpl.accept(ServerSocketChannelImpl.java:259)
	at org.apache.tomcat.util.net.NioEndpoint.serverSocketAccept(NioEndpoint.java:546)
	at org.apache.tomcat.util.net.NioEndpoint.serverSocketAccept(NioEndpoint.java:79)
	at org.apache.tomcat.util.net.Acceptor.run(Acceptor.java:129)
	at java.lang.Thread.run(Thread.java:750)

2023-08-23 09:31:21.486 ERROR 3828 --- [main] o.s.boot.SpringApplication               SpringApplication.java:824: Application run failed

org.springframework.context.ApplicationContextException: Failed to start bean 'documentationPluginsBootstrapper'; nested exception is java.lang.NullPointerException
	at org.springframework.context.support.DefaultLifecycleProcessor.doStart(DefaultLifecycleProcessor.java:181)
	at org.springframework.context.support.DefaultLifecycleProcessor.access$200(DefaultLifecycleProcessor.java:54)
	at org.springframework.context.support.DefaultLifecycleProcessor$LifecycleGroup.start(DefaultLifecycleProcessor.java:356)
	at java.lang.Iterable.forEach(Iterable.java:75)
	at org.springframework.context.support.DefaultLifecycleProcessor.startBeans(DefaultLifecycleProcessor.java:155)
	at org.springframework.context.support.DefaultLifecycleProcessor.onRefresh(DefaultLifecycleProcessor.java:123)
	at org.springframework.context.support.AbstractApplicationContext.finishRefresh(AbstractApplicationContext.java:935)
	at org.springframework.context.support.AbstractApplicationContext.refresh(AbstractApplicationContext.java:586)
	at org.springframework.boot.web.servlet.context.ServletWebServerApplicationContext.refresh(ServletWebServerApplicationContext.java:147)
	at org.springframework.boot.SpringApplication.refresh(SpringApplication.java:734)
	at org.springframework.boot.SpringApplication.refreshContext(SpringApplication.java:408)
	at org.springframework.boot.SpringApplication.run(SpringApplication.java:308)
	at org.springframework.boot.SpringApplication.run(SpringApplication.java:1306)
	at org.springframework.boot.SpringApplication.run(SpringApplication.java:1295)
	at com.mist.cloud.MistCloudApplication.main(MistCloudApplication.java:13)
Caused by: java.lang.NullPointerException: null
	at springfox.documentation.spring.web.WebMvcPatternsRequestConditionWrapper.getPatterns(WebMvcPatternsRequestConditionWrapper.java:56)
	at springfox.documentation.RequestHandler.sortedPaths(RequestHandler.java:113)
	at springfox.documentation.spi.service.contexts.Orderings.lambda$byPatternsCondition$3(Orderings.java:89)
	at java.util.Comparator.lambda$comparing$77a9974f$1(Comparator.java:469)
	at java.util.TimSort.countRunAndMakeAscending(TimSort.java:355)
	at java.util.TimSort.sort(TimSort.java:220)
	at java.util.Arrays.sort(Arrays.java:1512)
	at java.util.ArrayList.sort(ArrayList.java:1464)
	at java.util.stream.SortedOps$RefSortingSink.end(SortedOps.java:387)
	at java.util.stream.Sink$ChainedReference.end(Sink.java:258)
	at java.util.stream.Sink$ChainedReference.end(Sink.java:258)
	at java.util.stream.Sink$ChainedReference.end(Sink.java:258)
	at java.util.stream.Sink$ChainedReference.end(Sink.java:258)
	at java.util.stream.AbstractPipeline.copyInto(AbstractPipeline.java:483)
	at java.util.stream.AbstractPipeline.wrapAndCopyInto(AbstractPipeline.java:472)
	at java.util.stream.ReduceOps$ReduceOp.evaluateSequential(ReduceOps.java:708)
	at java.util.stream.AbstractPipeline.evaluate(AbstractPipeline.java:234)
	at java.util.stream.ReferencePipeline.collect(ReferencePipeline.java:499)
	at springfox.documentation.spring.web.plugins.WebMvcRequestHandlerProvider.requestHandlers(WebMvcRequestHandlerProvider.java:81)
	at java.util.stream.ReferencePipeline$3$1.accept(ReferencePipeline.java:193)
	at java.util.ArrayList$ArrayListSpliterator.forEachRemaining(ArrayList.java:1384)
	at java.util.stream.AbstractPipeline.copyInto(AbstractPipeline.java:482)
	at java.util.stream.AbstractPipeline.wrapAndCopyInto(AbstractPipeline.java:472)
	at java.util.stream.ReduceOps$ReduceOp.evaluateSequential(ReduceOps.java:708)
	at java.util.stream.AbstractPipeline.evaluate(AbstractPipeline.java:234)
	at java.util.stream.ReferencePipeline.collect(ReferencePipeline.java:499)
	at springfox.documentation.spring.web.plugins.AbstractDocumentationPluginsBootstrapper.withDefaults(AbstractDocumentationPluginsBootstrapper.java:107)
	at springfox.documentation.spring.web.plugins.AbstractDocumentationPluginsBootstrapper.buildContext(AbstractDocumentationPluginsBootstrapper.java:91)
	at springfox.documentation.spring.web.plugins.AbstractDocumentationPluginsBootstrapper.bootstrapDocumentationPlugins(AbstractDocumentationPluginsBootstrapper.java:82)
	at springfox.documentation.spring.web.plugins.DocumentationPluginsBootstrapper.start(DocumentationPluginsBootstrapper.java:100)
	at org.springframework.context.support.DefaultLifecycleProcessor.doStart(DefaultLifecycleProcessor.java:178)
	... 14 common frames omitted

2023-08-23 09:31:41.045 ERROR 3847 --- [http-nio-8888-exec-2] c.m.c.c.config.ExceptionHandlerConfig    ExceptionHandlerConfig.java:72: class cn.dev33.satoken.exception.NotLoginException: token 无效：eb77c55e-5108-4b82-890f-62dc6a49f106
2023-08-23 09:32:51.091 ERROR 3877 --- [http-nio-8888-exec-2] c.m.c.c.config.ExceptionHandlerConfig    ExceptionHandlerConfig.java:72: class cn.dev33.satoken.exception.NotLoginException: token 无效：11ed20cc-075e-4e4f-b4e0-05b9e35837b8
2023-08-23 09:45:27.626 ERROR 4163 --- [main] o.s.b.d.LoggingFailureAnalysisReporter   LoggingFailureAnalysisReporter.java:40: 

***************************
APPLICATION FAILED TO START
***************************

Description:

Failed to bind properties under 'sa-token.is-share' to java.lang.Boolean:

    Property: sa-token.is-share
    Value: random-64
    Origin: class path resource [application.yaml] - 52:13
    Reason: failed to convert java.lang.String to java.lang.Boolean (caused by java.lang.IllegalArgumentException: Invalid boolean value 'random-64')

Action:

Update your application's configuration

2023-08-23 09:46:27.662 ERROR 4178 --- [http-nio-8888-exec-2] c.m.c.c.config.ExceptionHandlerConfig    ExceptionHandlerConfig.java:72: class cn.dev33.satoken.exception.NotLoginException: token 无效：7667c0a1-33b4-41ce-92c5-aa76228abeae
2023-08-23 09:49:06.466 ERROR 4229 --- [http-nio-8888-exec-2] c.m.c.c.config.ExceptionHandlerConfig    ExceptionHandlerConfig.java:72: class cn.dev33.satoken.exception.NotLoginException: token 无效：2S3YTiGEIEgEzEpuMXUOVyyjyHPhQYvluDnGOTgRwzLXxixHoE8tmqF7J8qBfZlL
2023-08-23 09:51:43.809 ERROR 4285 --- [http-nio-8888-exec-1] c.m.c.c.config.ExceptionHandlerConfig    ExceptionHandlerConfig.java:72: class cn.dev33.satoken.exception.NotLoginException: token 无效：bFqYeyhtbUgFr1tSS1JLfl6FiqMvoTVRGRvWTKnXgmplqn5hX992oTxVhwpnj8lx
2023-08-23 09:51:44.413 ERROR 4285 --- [http-nio-8888-exec-5] c.m.c.c.config.ExceptionHandlerConfig    ExceptionHandlerConfig.java:63: class java.lang.IllegalArgumentException: Cannot find cache named 'files' for Builder[public java.util.List com.mist.cloud.infrastructure.repository.FolderRepository.findFiles(java.lang.Long)] caches=[files] | key='#folderId' | keyGenerator='' | cacheManager='' | cacheResolver='' | condition='' | unless='' | sync='false'
2023-08-23 09:51:59.601 ERROR 4285 --- [http-nio-8888-exec-7] c.m.c.c.config.ExceptionHandlerConfig    ExceptionHandlerConfig.java:63: class java.lang.IllegalArgumentException: Cannot find cache named 'files' for Builder[public java.util.List com.mist.cloud.infrastructure.repository.FolderRepository.findFiles(java.lang.Long)] caches=[files] | key='#folderId' | keyGenerator='' | cacheManager='' | cacheResolver='' | condition='' | unless='' | sync='false'
2023-08-23 09:54:17.909 ERROR 4335 --- [http-nio-8888-exec-2] c.m.c.c.config.ExceptionHandlerConfig    ExceptionHandlerConfig.java:72: class cn.dev33.satoken.exception.NotLoginException: token 无效：KEHMgpcA0FIG9ADTEmStMGvkoipW62R9ANYxdmCmKnaqScz5YXgsghU82Dvt3sCu
2023-08-23 09:54:19.362 ERROR 4335 --- [http-nio-8888-exec-5] c.m.c.c.config.ExceptionHandlerConfig    ExceptionHandlerConfig.java:63: class java.lang.IllegalArgumentException: Cannot find cache named 'subfolders' for Builder[public java.util.List com.mist.cloud.infrastructure.repository.FolderRepository.findSubFolders(java.lang.Long)] caches=[subfolders] | key='#folderId' | keyGenerator='' | cacheManager='' | cacheResolver='' | condition='' | unless='' | sync='false'
2023-08-23 09:54:20.933 ERROR 4335 --- [http-nio-8888-exec-6] c.m.c.c.config.ExceptionHandlerConfig    ExceptionHandlerConfig.java:63: class java.lang.IllegalArgumentException: Cannot find cache named 'subfolders' for Builder[public java.util.List com.mist.cloud.infrastructure.repository.FolderRepository.findSubFolders(java.lang.Long)] caches=[subfolders] | key='#folderId' | keyGenerator='' | cacheManager='' | cacheResolver='' | condition='' | unless='' | sync='false'
2023-08-23 10:03:16.406 ERROR 4491 --- [http-nio-8888-exec-2] c.m.c.c.config.ExceptionHandlerConfig    ExceptionHandlerConfig.java:72: class cn.dev33.satoken.exception.NotLoginException: token 无效：au8Din67WZgz35ch77iD4LGJRnMuJLt8IpJ4C9JKhrMbIflm65mtYs9oWHuI4b1f
2023-08-23 10:05:40.385 ERROR 4566 --- [http-nio-8888-exec-2] c.m.c.c.config.ExceptionHandlerConfig    ExceptionHandlerConfig.java:72: class cn.dev33.satoken.exception.NotLoginException: token 无效：LWq8KhH0dWKcVTcXeNqGy0BWJumht2PXaQ5RvjCJtTGCYQv6qGzoZEpRdq96hoUQ
2023-08-23 10:07:12.728 ERROR 4566 --- [http-nio-8888-exec-2] c.m.c.c.config.ExceptionHandlerConfig    ExceptionHandlerConfig.java:72: class cn.dev33.satoken.exception.NotLoginException: token 无效：undefined
