2023-08-23 08:11:30.049  INFO 2094 --- [main] com.mist.cloud.MistCloudApplication      : Starting MistCloudApplication using Java 1.8.0_361 on securemistdePro with PID 2094 (/Volumes/W_File/Project/mist_cloud/target/classes started by securemist in /Volumes/W_File/Project/mist_cloud)
2023-08-23 08:11:30.054  INFO 2094 --- [main] com.mist.cloud.MistCloudApplication      : No active profile set, falling back to 1 default profile: "default"
2023-08-23 08:11:33.798  INFO 2094 --- [main] o.s.b.w.embedded.tomcat.TomcatWebServer  : Tomcat initialized with port(s): 8888 (http)
2023-08-23 08:11:33.816  INFO 2094 --- [main] o.apache.catalina.core.StandardService   : Starting service [Tomcat]
2023-08-23 08:11:33.817  INFO 2094 --- [main] org.apache.catalina.core.StandardEngine  : Starting Servlet engine: [Apache Tomcat/9.0.64]
2023-08-23 08:11:34.044  INFO 2094 --- [main] o.a.c.c.C.[Tomcat].[localhost].[/]       : Initializing Spring embedded WebApplicationContext
2023-08-23 08:11:34.045  INFO 2094 --- [main] w.s.c.ServletWebServerApplicationContext : Root WebApplicationContext: initialization completed in 3909 ms
2023-08-23 08:11:36.611  INFO 2094 --- [main] o.s.b.w.embedded.tomcat.TomcatWebServer  : Tomcat started on port(s): 8888 (http) with context path ''
2023-08-23 08:11:37.493  INFO 2094 --- [main] com.mist.cloud.MistCloudApplication      : Started MistCloudApplication in 8.916 seconds (JVM running for 11.536)
2023-08-23 08:16:07.500  INFO 2094 --- [http-nio-8888-exec-1] o.a.c.c.C.[Tomcat].[localhost].[/]       : Initializing Spring DispatcherServlet 'dispatcherServlet'
2023-08-23 08:16:07.501  INFO 2094 --- [http-nio-8888-exec-1] o.s.web.servlet.DispatcherServlet        : Initializing Servlet 'dispatcherServlet'
2023-08-23 08:16:07.502  INFO 2094 --- [http-nio-8888-exec-1] o.s.web.servlet.DispatcherServlet        : Completed initialization in 1 ms
2023-08-23 08:16:07.658  INFO 2094 --- [http-nio-8888-exec-4] com.zaxxer.hikari.HikariDataSource       : HikariPool-1 - Starting...
2023-08-23 08:16:07.887  INFO 2094 --- [http-nio-8888-exec-4] com.zaxxer.hikari.HikariDataSource       : HikariPool-1 - Start completed.
2023-08-23 08:50:46.940  INFO 2094 --- [SpringApplicationShutdownHook] com.zaxxer.hikari.HikariDataSource       : HikariPool-1 - Shutdown initiated...
2023-08-23 08:50:46.950  INFO 2094 --- [SpringApplicationShutdownHook] com.zaxxer.hikari.HikariDataSource       : HikariPool-1 - Shutdown completed.
2023-08-23 08:50:52.397  INFO 3025 --- [main] com.mist.cloud.MistCloudApplication      : Starting MistCloudApplication using Java 1.8.0_361 on securemistdePro with PID 3025 (/Volumes/W_File/Project/mist_cloud/target/classes started by securemist in /Volumes/W_File/Project/mist_cloud)
2023-08-23 08:50:52.400  INFO 3025 --- [main] com.mist.cloud.MistCloudApplication      : No active profile set, falling back to 1 default profile: "default"
2023-08-23 08:50:53.223  INFO 3025 --- [main] o.s.b.w.embedded.tomcat.TomcatWebServer  : Tomcat initialized with port(s): 8888 (http)
2023-08-23 08:50:53.229  INFO 3025 --- [main] o.apache.catalina.core.StandardService   : Starting service [Tomcat]
2023-08-23 08:50:53.230  INFO 3025 --- [main] org.apache.catalina.core.StandardEngine  : Starting Servlet engine: [Apache Tomcat/9.0.64]
2023-08-23 08:50:53.312  INFO 3025 --- [main] o.a.c.c.C.[Tomcat].[localhost].[/]       : Initializing Spring embedded WebApplicationContext
2023-08-23 08:50:53.312  INFO 3025 --- [main] w.s.c.ServletWebServerApplicationContext : Root WebApplicationContext: initialization completed in 884 ms
2023-08-23 08:50:53.933  INFO 3025 --- [main] o.s.b.w.embedded.tomcat.TomcatWebServer  : Tomcat started on port(s): 8888 (http) with context path ''
2023-08-23 08:50:54.146  INFO 3025 --- [main] com.mist.cloud.MistCloudApplication      : Started MistCloudApplication in 2.102 seconds (JVM running for 2.434)
2023-08-23 08:50:59.903  INFO 3025 --- [http-nio-8888-exec-1] o.a.c.c.C.[Tomcat].[localhost].[/]       : Initializing Spring DispatcherServlet 'dispatcherServlet'
2023-08-23 08:50:59.904  INFO 3025 --- [http-nio-8888-exec-1] o.s.web.servlet.DispatcherServlet        : Initializing Servlet 'dispatcherServlet'
2023-08-23 08:50:59.905  INFO 3025 --- [http-nio-8888-exec-1] o.s.web.servlet.DispatcherServlet        : Completed initialization in 1 ms
2023-08-23 08:50:59.933 ERROR 3025 --- [http-nio-8888-exec-2] c.m.c.c.config.ExceptionHandlerConfig    : class cn.dev33.satoken.exception.NotLoginException: token 无效：0b8a80cf-caf2-49aa-a8de-fcecf73a55c8
2023-08-23 08:51:06.221  INFO 3025 --- [http-nio-8888-exec-6] com.zaxxer.hikari.HikariDataSource       : HikariPool-1 - Starting...
2023-08-23 08:51:06.433  INFO 3025 --- [http-nio-8888-exec-6] com.zaxxer.hikari.HikariDataSource       : HikariPool-1 - Start completed.
2023-08-23 08:53:32.968  INFO 3025 --- [SpringApplicationShutdownHook] com.zaxxer.hikari.HikariDataSource       : HikariPool-1 - Shutdown initiated...
2023-08-23 08:53:32.980  INFO 3025 --- [SpringApplicationShutdownHook] com.zaxxer.hikari.HikariDataSource       : HikariPool-1 - Shutdown completed.
2023-08-23 08:53:34.590  INFO 3108 --- [main] com.mist.cloud.MistCloudApplication      : Starting MistCloudApplication using Java 1.8.0_361 on securemistdePro with PID 3108 (/Volumes/W_File/Project/mist_cloud/target/classes started by securemist in /Volumes/W_File/Project/mist_cloud)
2023-08-23 08:53:34.592  INFO 3108 --- [main] com.mist.cloud.MistCloudApplication      : No active profile set, falling back to 1 default profile: "default"
2023-08-23 08:53:35.525  INFO 3108 --- [main] o.s.b.w.embedded.tomcat.TomcatWebServer  : Tomcat initialized with port(s): 8888 (http)
2023-08-23 08:53:35.533  INFO 3108 --- [main] o.apache.catalina.core.StandardService   : Starting service [Tomcat]
2023-08-23 08:53:35.533  INFO 3108 --- [main] org.apache.catalina.core.StandardEngine  : Starting Servlet engine: [Apache Tomcat/9.0.64]
2023-08-23 08:53:35.627  INFO 3108 --- [main] o.a.c.c.C.[Tomcat].[localhost].[/]       : Initializing Spring embedded WebApplicationContext
2023-08-23 08:53:35.628  INFO 3108 --- [main] w.s.c.ServletWebServerApplicationContext : Root WebApplicationContext: initialization completed in 1007 ms
2023-08-23 08:53:36.316  INFO 3108 --- [main] o.s.b.w.embedded.tomcat.TomcatWebServer  : Tomcat started on port(s): 8888 (http) with context path ''
2023-08-23 08:53:36.498  INFO 3108 --- [main] com.mist.cloud.MistCloudApplication      : Started MistCloudApplication in 2.326 seconds (JVM running for 2.712)
2023-08-23 08:53:45.660  INFO 3108 --- [http-nio-8888-exec-1] o.a.c.c.C.[Tomcat].[localhost].[/]       : Initializing Spring DispatcherServlet 'dispatcherServlet'
2023-08-23 08:53:45.661  INFO 3108 --- [http-nio-8888-exec-1] o.s.web.servlet.DispatcherServlet        : Initializing Servlet 'dispatcherServlet'
2023-08-23 08:53:45.662  INFO 3108 --- [http-nio-8888-exec-1] o.s.web.servlet.DispatcherServlet        : Completed initialization in 1 ms
2023-08-23 08:53:45.687 ERROR 3108 --- [http-nio-8888-exec-2] c.m.c.c.config.ExceptionHandlerConfig    : class cn.dev33.satoken.exception.NotLoginException: token 无效：2e8b1f5b-2226-4466-ae3b-295505a759fc
2023-08-23 08:53:50.523  INFO 3108 --- [http-nio-8888-exec-5] com.zaxxer.hikari.HikariDataSource       : HikariPool-1 - Starting...
2023-08-23 08:53:50.749  INFO 3108 --- [http-nio-8888-exec-5] com.zaxxer.hikari.HikariDataSource       : HikariPool-1 - Start completed.
2023-08-23 09:02:20.615  WARN 3108 --- [HikariPool-1 housekeeper] com.zaxxer.hikari.pool.HikariPool        : HikariPool-1 - Retrograde clock change detected (housekeeper delta=29s719ms), soft-evicting connections from pool.
2023-08-23 09:13:17.261  INFO 3108 --- [SpringApplicationShutdownHook] com.zaxxer.hikari.HikariDataSource       : HikariPool-1 - Shutdown initiated...
2023-08-23 09:13:17.273  INFO 3108 --- [SpringApplicationShutdownHook] com.zaxxer.hikari.HikariDataSource       : HikariPool-1 - Shutdown completed.
2023-08-23 09:13:22.583  INFO 3494 --- [main] com.mist.cloud.MistCloudApplication      : Starting MistCloudApplication using Java 1.8.0_361 on securemistdePro with PID 3494 (/Volumes/W_File/Project/mist_cloud/target/classes started by securemist in /Volumes/W_File/Project/mist_cloud)
2023-08-23 09:13:22.587  INFO 3494 --- [main] com.mist.cloud.MistCloudApplication      : No active profile set, falling back to 1 default profile: "default"
2023-08-23 09:13:23.640  INFO 3494 --- [main] o.s.b.w.embedded.tomcat.TomcatWebServer  : Tomcat initialized with port(s): 8888 (http)
2023-08-23 09:13:23.646  INFO 3494 --- [main] o.apache.catalina.core.StandardService   : Starting service [Tomcat]
2023-08-23 09:13:23.646  INFO 3494 --- [main] org.apache.catalina.core.StandardEngine  : Starting Servlet engine: [Apache Tomcat/9.0.64]
2023-08-23 09:13:23.720  INFO 3494 --- [main] o.a.c.c.C.[Tomcat].[localhost].[/]       : Initializing Spring embedded WebApplicationContext
2023-08-23 09:13:23.720  INFO 3494 --- [main] w.s.c.ServletWebServerApplicationContext : Root WebApplicationContext: initialization completed in 1094 ms
2023-08-23 09:13:24.484  INFO 3494 --- [main] o.s.b.w.embedded.tomcat.TomcatWebServer  : Tomcat started on port(s): 8888 (http) with context path ''
2023-08-23 09:13:24.524  INFO 3494 --- [main] o.s.b.w.embedded.tomcat.TomcatWebServer  : Tomcat initialized with port(s): 8890 (http)
2023-08-23 09:13:24.525  INFO 3494 --- [main] o.apache.catalina.core.StandardService   : Starting service [Tomcat]
2023-08-23 09:13:24.525  INFO 3494 --- [main] org.apache.catalina.core.StandardEngine  : Starting Servlet engine: [Apache Tomcat/9.0.64]
2023-08-23 09:13:24.530  INFO 3494 --- [main] o.a.c.c.C.[Tomcat-1].[localhost].[/]     : Initializing Spring embedded WebApplicationContext
2023-08-23 09:13:24.530  INFO 3494 --- [main] w.s.c.ServletWebServerApplicationContext : Root WebApplicationContext: initialization completed in 42 ms
2023-08-23 09:13:24.537  INFO 3494 --- [main] o.s.b.a.e.web.EndpointLinksResolver      : Exposing 13 endpoint(s) beneath base path '/actuator'
2023-08-23 09:13:24.561  INFO 3494 --- [main] o.s.b.w.embedded.tomcat.TomcatWebServer  : Tomcat started on port(s): 8890 (http) with context path ''
2023-08-23 09:13:24.750  INFO 3494 --- [main] com.mist.cloud.MistCloudApplication      : Started MistCloudApplication in 2.562 seconds (JVM running for 2.958)
2023-08-23 09:13:25.043  INFO 3494 --- [RMI TCP Connection(2)-192.168.1.119] o.a.c.c.C.[Tomcat].[localhost].[/]       : Initializing Spring DispatcherServlet 'dispatcherServlet'
2023-08-23 09:13:25.044  INFO 3494 --- [RMI TCP Connection(2)-192.168.1.119] o.s.web.servlet.DispatcherServlet        : Initializing Servlet 'dispatcherServlet'
2023-08-23 09:13:25.043  INFO 3494 --- [RMI TCP Connection(1)-192.168.1.119] com.zaxxer.hikari.HikariDataSource       : HikariPool-1 - Starting...
2023-08-23 09:13:25.045  INFO 3494 --- [RMI TCP Connection(2)-192.168.1.119] o.s.web.servlet.DispatcherServlet        : Completed initialization in 1 ms
2023-08-23 09:13:25.237  INFO 3494 --- [RMI TCP Connection(1)-192.168.1.119] com.zaxxer.hikari.HikariDataSource       : HikariPool-1 - Start completed.
2023-08-23 09:13:25.404  INFO 3494 --- [http-nio-8890-exec-1] o.a.c.c.C.[Tomcat-1].[localhost].[/]     : Initializing Spring DispatcherServlet 'dispatcherServlet'
2023-08-23 09:13:25.404  INFO 3494 --- [http-nio-8890-exec-1] o.s.web.servlet.DispatcherServlet        : Initializing Servlet 'dispatcherServlet'
2023-08-23 09:13:25.409  INFO 3494 --- [http-nio-8890-exec-1] o.s.web.servlet.DispatcherServlet        : Completed initialization in 4 ms
2023-08-23 09:13:25.421  WARN 3494 --- [http-nio-8890-exec-1] o.s.web.servlet.PageNotFound             : No mapping for GET /
2023-08-23 09:13:25.441 ERROR 3494 --- [http-nio-8890-exec-1] c.m.c.c.config.ExceptionHandlerConfig    : class cn.dev33.satoken.exception.NotLoginException: token 无效：eb77c55e-5108-4b82-890f-62dc6a49f106
2023-08-23 09:13:28.638  WARN 3494 --- [http-nio-8890-exec-2] o.s.web.servlet.PageNotFound             : No mapping for GET /
2023-08-23 09:13:28.640 ERROR 3494 --- [http-nio-8890-exec-2] c.m.c.c.config.ExceptionHandlerConfig    : class cn.dev33.satoken.exception.NotLoginException: token 无效：eb77c55e-5108-4b82-890f-62dc6a49f106
2023-08-23 09:13:40.222  WARN 3494 --- [http-nio-8888-exec-1] o.s.web.servlet.PageNotFound             : No mapping for GET /
2023-08-23 09:13:40.227 ERROR 3494 --- [http-nio-8888-exec-1] c.m.c.c.config.ExceptionHandlerConfig    : class cn.dev33.satoken.exception.NotLoginException: token 无效：eb77c55e-5108-4b82-890f-62dc6a49f106
2023-08-23 09:15:07.816  INFO 3494 --- [SpringApplicationShutdownHook] com.zaxxer.hikari.HikariDataSource       : HikariPool-1 - Shutdown initiated...
2023-08-23 09:15:07.827  INFO 3494 --- [SpringApplicationShutdownHook] com.zaxxer.hikari.HikariDataSource       : HikariPool-1 - Shutdown completed.
2023-08-23 09:15:12.658  INFO 3528 --- [main] com.mist.cloud.MistCloudApplication      : Starting MistCloudApplication using Java 1.8.0_361 on securemistdePro with PID 3528 (/Volumes/W_File/Project/mist_cloud/target/classes started by securemist in /Volumes/W_File/Project/mist_cloud)
2023-08-23 09:15:12.661  INFO 3528 --- [main] com.mist.cloud.MistCloudApplication      : No active profile set, falling back to 1 default profile: "default"
2023-08-23 09:15:13.989  INFO 3528 --- [main] o.s.b.w.embedded.tomcat.TomcatWebServer  : Tomcat initialized with port(s): 8888 (http)
2023-08-23 09:15:13.996  INFO 3528 --- [main] o.apache.catalina.core.StandardService   : Starting service [Tomcat]
2023-08-23 09:15:13.996  INFO 3528 --- [main] org.apache.catalina.core.StandardEngine  : Starting Servlet engine: [Apache Tomcat/9.0.64]
2023-08-23 09:15:14.071  INFO 3528 --- [main] o.a.c.c.C.[Tomcat].[localhost].[/]       : Initializing Spring embedded WebApplicationContext
2023-08-23 09:15:14.072  INFO 3528 --- [main] w.s.c.ServletWebServerApplicationContext : Root WebApplicationContext: initialization completed in 1373 ms
2023-08-23 09:15:15.055  INFO 3528 --- [main] o.s.s.web.DefaultSecurityFilterChain     : Will secure any request with [org.springframework.security.web.session.DisableEncodeUrlFilter@6f655dbd, org.springframework.security.web.context.request.async.WebAsyncManagerIntegrationFilter@546083d6, org.springframework.security.web.context.SecurityContextPersistenceFilter@62794582, org.springframework.security.web.header.HeaderWriterFilter@2110684a, org.springframework.web.filter.CorsFilter@19ad75e5, org.springframework.security.web.csrf.CsrfFilter@51869ad6, org.springframework.security.web.authentication.logout.LogoutFilter@152891f8, org.springframework.security.web.authentication.UsernamePasswordAuthenticationFilter@5d3634c8, org.springframework.security.web.authentication.ui.DefaultLoginPageGeneratingFilter@638d2ce3, org.springframework.security.web.authentication.ui.DefaultLogoutPageGeneratingFilter@7ac1b6c0, org.springframework.security.web.authentication.www.BasicAuthenticationFilter@73da303e, org.springframework.security.web.savedrequest.RequestCacheAwareFilter@3f80d8c, org.springframework.security.web.servletapi.SecurityContextHolderAwareRequestFilter@2d3b0978, org.springframework.security.web.authentication.AnonymousAuthenticationFilter@3a751535, org.springframework.security.web.session.SessionManagementFilter@61d011e, org.springframework.security.web.access.ExceptionTranslationFilter@5af40e45, org.springframework.security.web.access.intercept.FilterSecurityInterceptor@7286827b]
2023-08-23 09:15:15.123  INFO 3528 --- [main] o.s.b.w.embedded.tomcat.TomcatWebServer  : Tomcat started on port(s): 8888 (http) with context path ''
2023-08-23 09:15:15.171  INFO 3528 --- [main] o.s.b.w.embedded.tomcat.TomcatWebServer  : Tomcat initialized with port(s): 8890 (http)
2023-08-23 09:15:15.171  INFO 3528 --- [main] o.apache.catalina.core.StandardService   : Starting service [Tomcat]
2023-08-23 09:15:15.172  INFO 3528 --- [main] org.apache.catalina.core.StandardEngine  : Starting Servlet engine: [Apache Tomcat/9.0.64]
2023-08-23 09:15:15.177  INFO 3528 --- [main] o.a.c.c.C.[Tomcat-1].[localhost].[/]     : Initializing Spring embedded WebApplicationContext
2023-08-23 09:15:15.178  INFO 3528 --- [main] w.s.c.ServletWebServerApplicationContext : Root WebApplicationContext: initialization completed in 52 ms
2023-08-23 09:15:15.186  INFO 3528 --- [main] o.s.b.a.e.web.EndpointLinksResolver      : Exposing 13 endpoint(s) beneath base path '/actuator'
2023-08-23 09:15:15.211  INFO 3528 --- [main] o.s.b.w.embedded.tomcat.TomcatWebServer  : Tomcat started on port(s): 8890 (http) with context path ''
2023-08-23 09:15:15.443  INFO 3528 --- [main] com.mist.cloud.MistCloudApplication      : Started MistCloudApplication in 3.185 seconds (JVM running for 3.508)
2023-08-23 09:15:15.663  INFO 3528 --- [RMI TCP Connection(1)-192.168.1.119] o.a.c.c.C.[Tomcat].[localhost].[/]       : Initializing Spring DispatcherServlet 'dispatcherServlet'
2023-08-23 09:15:15.663  INFO 3528 --- [RMI TCP Connection(1)-192.168.1.119] o.s.web.servlet.DispatcherServlet        : Initializing Servlet 'dispatcherServlet'
2023-08-23 09:15:15.663  INFO 3528 --- [RMI TCP Connection(2)-192.168.1.119] com.zaxxer.hikari.HikariDataSource       : HikariPool-1 - Starting...
2023-08-23 09:15:15.665  INFO 3528 --- [RMI TCP Connection(1)-192.168.1.119] o.s.web.servlet.DispatcherServlet        : Completed initialization in 2 ms
2023-08-23 09:15:15.896  INFO 3528 --- [RMI TCP Connection(2)-192.168.1.119] com.zaxxer.hikari.HikariDataSource       : HikariPool-1 - Start completed.
2023-08-23 09:15:21.399  WARN 3528 --- [http-nio-8888-exec-4] o.s.web.servlet.PageNotFound             : No mapping for GET /
2023-08-23 09:15:21.416 ERROR 3528 --- [http-nio-8888-exec-4] c.m.c.c.config.ExceptionHandlerConfig    : class cn.dev33.satoken.exception.NotLoginException: token 无效：eb77c55e-5108-4b82-890f-62dc6a49f106
2023-08-23 09:15:33.566  INFO 3528 --- [http-nio-8890-exec-1] o.a.c.c.C.[Tomcat-1].[localhost].[/]     : Initializing Spring DispatcherServlet 'dispatcherServlet'
2023-08-23 09:15:33.567  INFO 3528 --- [http-nio-8890-exec-1] o.s.web.servlet.DispatcherServlet        : Initializing Servlet 'dispatcherServlet'
2023-08-23 09:15:33.573  INFO 3528 --- [http-nio-8890-exec-1] o.s.web.servlet.DispatcherServlet        : Completed initialization in 6 ms
2023-08-23 09:15:37.205  WARN 3528 --- [http-nio-8890-exec-4] o.s.web.servlet.PageNotFound             : No mapping for GET /
2023-08-23 09:15:37.208 ERROR 3528 --- [http-nio-8890-exec-4] c.m.c.c.config.ExceptionHandlerConfig    : class cn.dev33.satoken.exception.NotLoginException: token 无效：eb77c55e-5108-4b82-890f-62dc6a49f106
2023-08-23 09:16:20.847  INFO 3528 --- [SpringApplicationShutdownHook] com.zaxxer.hikari.HikariDataSource       : HikariPool-1 - Shutdown initiated...
2023-08-23 09:16:20.857  INFO 3528 --- [SpringApplicationShutdownHook] com.zaxxer.hikari.HikariDataSource       : HikariPool-1 - Shutdown completed.
2023-08-23 09:16:23.724  INFO 3564 --- [main] com.mist.cloud.MistCloudApplication      : Starting MistCloudApplication using Java 1.8.0_361 on securemistdePro with PID 3564 (/Volumes/W_File/Project/mist_cloud/target/classes started by securemist in /Volumes/W_File/Project/mist_cloud)
2023-08-23 09:16:23.727  INFO 3564 --- [main] com.mist.cloud.MistCloudApplication      : No active profile set, falling back to 1 default profile: "default"
2023-08-23 09:16:24.786  INFO 3564 --- [main] o.s.b.w.embedded.tomcat.TomcatWebServer  : Tomcat initialized with port(s): 8888 (http)
2023-08-23 09:16:24.793  INFO 3564 --- [main] o.apache.catalina.core.StandardService   : Starting service [Tomcat]
2023-08-23 09:16:24.793  INFO 3564 --- [main] org.apache.catalina.core.StandardEngine  : Starting Servlet engine: [Apache Tomcat/9.0.64]
2023-08-23 09:16:24.873  INFO 3564 --- [main] o.a.c.c.C.[Tomcat].[localhost].[/]       : Initializing Spring embedded WebApplicationContext
2023-08-23 09:16:24.873  INFO 3564 --- [main] w.s.c.ServletWebServerApplicationContext : Root WebApplicationContext: initialization completed in 1109 ms
2023-08-23 09:16:25.751  INFO 3564 --- [main] o.s.s.web.DefaultSecurityFilterChain     : Will secure any request with [org.springframework.security.web.session.DisableEncodeUrlFilter@6ffbf0ac, org.springframework.security.web.context.request.async.WebAsyncManagerIntegrationFilter@ad5cffa, org.springframework.security.web.context.SecurityContextPersistenceFilter@43d6262c, org.springframework.security.web.header.HeaderWriterFilter@197d5a87, org.springframework.web.filter.CorsFilter@79add732, org.springframework.security.web.csrf.CsrfFilter@5b6cc344, org.springframework.security.web.authentication.logout.LogoutFilter@733fa95c, org.springframework.security.web.authentication.UsernamePasswordAuthenticationFilter@3a751535, org.springframework.security.web.authentication.ui.DefaultLoginPageGeneratingFilter@b56c222, org.springframework.security.web.authentication.ui.DefaultLogoutPageGeneratingFilter@237aa0c7, org.springframework.security.web.authentication.www.BasicAuthenticationFilter@1dfe5dd1, org.springframework.security.web.savedrequest.RequestCacheAwareFilter@38cf4497, org.springframework.security.web.servletapi.SecurityContextHolderAwareRequestFilter@7b4619a3, org.springframework.security.web.authentication.AnonymousAuthenticationFilter@1b8ee69d, org.springframework.security.web.session.SessionManagementFilter@616f81b5, org.springframework.security.web.access.ExceptionTranslationFilter@212e39ee, org.springframework.security.web.access.intercept.FilterSecurityInterceptor@32513dea]
2023-08-23 09:16:25.817  INFO 3564 --- [main] o.s.b.w.embedded.tomcat.TomcatWebServer  : Tomcat started on port(s): 8888 (http) with context path ''
2023-08-23 09:16:25.862  INFO 3564 --- [main] o.s.b.w.embedded.tomcat.TomcatWebServer  : Tomcat initialized with port(s): 8890 (http)
2023-08-23 09:16:25.863  INFO 3564 --- [main] o.apache.catalina.core.StandardService   : Starting service [Tomcat]
2023-08-23 09:16:25.863  INFO 3564 --- [main] org.apache.catalina.core.StandardEngine  : Starting Servlet engine: [Apache Tomcat/9.0.64]
2023-08-23 09:16:25.868  INFO 3564 --- [main] o.a.c.c.C.[Tomcat-1].[localhost].[/]     : Initializing Spring embedded WebApplicationContext
2023-08-23 09:16:25.868  INFO 3564 --- [main] w.s.c.ServletWebServerApplicationContext : Root WebApplicationContext: initialization completed in 49 ms
2023-08-23 09:16:25.876  INFO 3564 --- [main] o.s.b.a.e.web.EndpointLinksResolver      : Exposing 13 endpoint(s) beneath base path '/actuator'
2023-08-23 09:16:25.901  INFO 3564 --- [main] o.s.b.w.embedded.tomcat.TomcatWebServer  : Tomcat started on port(s): 8890 (http) with context path ''
2023-08-23 09:16:26.122  INFO 3564 --- [main] com.mist.cloud.MistCloudApplication      : Started MistCloudApplication in 2.842 seconds (JVM running for 3.207)
2023-08-23 09:16:26.636  INFO 3564 --- [RMI TCP Connection(4)-192.168.1.119] o.a.c.c.C.[Tomcat].[localhost].[/]       : Initializing Spring DispatcherServlet 'dispatcherServlet'
2023-08-23 09:16:26.636  INFO 3564 --- [RMI TCP Connection(4)-192.168.1.119] o.s.web.servlet.DispatcherServlet        : Initializing Servlet 'dispatcherServlet'
2023-08-23 09:16:26.636  INFO 3564 --- [RMI TCP Connection(3)-192.168.1.119] com.zaxxer.hikari.HikariDataSource       : HikariPool-1 - Starting...
2023-08-23 09:16:26.637  INFO 3564 --- [RMI TCP Connection(4)-192.168.1.119] o.s.web.servlet.DispatcherServlet        : Completed initialization in 1 ms
2023-08-23 09:16:26.829  INFO 3564 --- [RMI TCP Connection(3)-192.168.1.119] com.zaxxer.hikari.HikariDataSource       : HikariPool-1 - Start completed.
2023-08-23 09:16:27.412  INFO 3564 --- [http-nio-8890-exec-1] o.a.c.c.C.[Tomcat-1].[localhost].[/]     : Initializing Spring DispatcherServlet 'dispatcherServlet'
2023-08-23 09:16:27.413  INFO 3564 --- [http-nio-8890-exec-1] o.s.web.servlet.DispatcherServlet        : Initializing Servlet 'dispatcherServlet'
2023-08-23 09:16:27.417  INFO 3564 --- [http-nio-8890-exec-1] o.s.web.servlet.DispatcherServlet        : Completed initialization in 4 ms
2023-08-23 09:16:31.420  WARN 3564 --- [http-nio-8890-exec-3] o.s.web.servlet.PageNotFound             : No mapping for GET /
2023-08-23 09:16:31.434 ERROR 3564 --- [http-nio-8890-exec-3] c.m.c.c.config.ExceptionHandlerConfig    : class cn.dev33.satoken.exception.NotLoginException: token 无效：eb77c55e-5108-4b82-890f-62dc6a49f106
2023-08-23 09:17:52.605  INFO 3564 --- [SpringApplicationShutdownHook] com.zaxxer.hikari.HikariDataSource       : HikariPool-1 - Shutdown initiated...
2023-08-23 09:17:52.614  INFO 3564 --- [SpringApplicationShutdownHook] com.zaxxer.hikari.HikariDataSource       : HikariPool-1 - Shutdown completed.
2023-08-23 09:17:55.106  INFO 3592 --- [main] com.mist.cloud.MistCloudApplication      : Starting MistCloudApplication using Java 1.8.0_361 on securemistdePro with PID 3592 (/Volumes/W_File/Project/mist_cloud/target/classes started by securemist in /Volumes/W_File/Project/mist_cloud)
2023-08-23 09:17:55.108  INFO 3592 --- [main] com.mist.cloud.MistCloudApplication      : No active profile set, falling back to 1 default profile: "default"
2023-08-23 09:17:56.264  INFO 3592 --- [main] o.s.b.w.embedded.tomcat.TomcatWebServer  : Tomcat initialized with port(s): 8888 (http)
2023-08-23 09:17:56.271  INFO 3592 --- [main] o.apache.catalina.core.StandardService   : Starting service [Tomcat]
2023-08-23 09:17:56.272  INFO 3592 --- [main] org.apache.catalina.core.StandardEngine  : Starting Servlet engine: [Apache Tomcat/9.0.64]
2023-08-23 09:17:56.351  INFO 3592 --- [main] o.a.c.c.C.[Tomcat].[localhost].[/]       : Initializing Spring embedded WebApplicationContext
2023-08-23 09:17:56.351  INFO 3592 --- [main] w.s.c.ServletWebServerApplicationContext : Root WebApplicationContext: initialization completed in 1213 ms
2023-08-23 09:17:57.230  INFO 3592 --- [main] o.s.s.web.DefaultSecurityFilterChain     : Will secure any request with [org.springframework.security.web.session.DisableEncodeUrlFilter@131d977f, org.springframework.security.web.context.request.async.WebAsyncManagerIntegrationFilter@616f81b5, org.springframework.security.web.context.SecurityContextPersistenceFilter@25dcf1b6, org.springframework.security.web.header.HeaderWriterFilter@2ac05a33, org.springframework.web.filter.CorsFilter@7d484fcd, org.springframework.security.web.csrf.CsrfFilter@16f4a3c0, org.springframework.security.web.authentication.logout.LogoutFilter@1e4d8770, org.springframework.security.web.authentication.UsernamePasswordAuthenticationFilter@1926f962, org.springframework.security.web.authentication.ui.DefaultLoginPageGeneratingFilter@3ec7eb5, org.springframework.security.web.authentication.ui.DefaultLogoutPageGeneratingFilter@4f552aa2, org.springframework.security.web.authentication.www.BasicAuthenticationFilter@212e39ee, org.springframework.security.web.savedrequest.RequestCacheAwareFilter@4e10a320, org.springframework.security.web.servletapi.SecurityContextHolderAwareRequestFilter@773f3360, org.springframework.security.web.authentication.AnonymousAuthenticationFilter@3c8fe8ad, org.springframework.security.web.session.SessionManagementFilter@4cef0747, org.springframework.security.web.access.ExceptionTranslationFilter@54496c2d, org.springframework.security.web.access.intercept.FilterSecurityInterceptor@46591e98]
2023-08-23 09:17:57.296  INFO 3592 --- [main] o.s.b.w.embedded.tomcat.TomcatWebServer  : Tomcat started on port(s): 8888 (http) with context path ''
2023-08-23 09:17:57.336  INFO 3592 --- [main] o.s.b.w.embedded.tomcat.TomcatWebServer  : Tomcat initialized with port(s): 8890 (http)
2023-08-23 09:17:57.337  INFO 3592 --- [main] o.apache.catalina.core.StandardService   : Starting service [Tomcat]
2023-08-23 09:17:57.337  INFO 3592 --- [main] org.apache.catalina.core.StandardEngine  : Starting Servlet engine: [Apache Tomcat/9.0.64]
2023-08-23 09:17:57.342  INFO 3592 --- [main] o.a.c.c.C.[Tomcat-1].[localhost].[/]     : Initializing Spring embedded WebApplicationContext
2023-08-23 09:17:57.342  INFO 3592 --- [main] w.s.c.ServletWebServerApplicationContext : Root WebApplicationContext: initialization completed in 43 ms
2023-08-23 09:17:57.350  INFO 3592 --- [main] o.s.b.a.e.web.EndpointLinksResolver      : Exposing 13 endpoint(s) beneath base path '/actuator'
2023-08-23 09:17:57.374  INFO 3592 --- [main] o.s.b.w.embedded.tomcat.TomcatWebServer  : Tomcat started on port(s): 8890 (http) with context path ''
2023-08-23 09:17:57.577  INFO 3592 --- [main] com.mist.cloud.MistCloudApplication      : Started MistCloudApplication in 2.9 seconds (JVM running for 3.219)
2023-08-23 09:17:58.067  INFO 3592 --- [RMI TCP Connection(1)-192.168.1.119] o.a.c.c.C.[Tomcat].[localhost].[/]       : Initializing Spring DispatcherServlet 'dispatcherServlet'
2023-08-23 09:17:58.067  INFO 3592 --- [RMI TCP Connection(1)-192.168.1.119] o.s.web.servlet.DispatcherServlet        : Initializing Servlet 'dispatcherServlet'
2023-08-23 09:17:58.067  INFO 3592 --- [RMI TCP Connection(2)-192.168.1.119] com.zaxxer.hikari.HikariDataSource       : HikariPool-1 - Starting...
2023-08-23 09:17:58.069  INFO 3592 --- [RMI TCP Connection(1)-192.168.1.119] o.s.web.servlet.DispatcherServlet        : Completed initialization in 1 ms
2023-08-23 09:17:58.262  INFO 3592 --- [RMI TCP Connection(2)-192.168.1.119] com.zaxxer.hikari.HikariDataSource       : HikariPool-1 - Start completed.
2023-08-23 09:17:58.452  INFO 3592 --- [http-nio-8890-exec-1] o.a.c.c.C.[Tomcat-1].[localhost].[/]     : Initializing Spring DispatcherServlet 'dispatcherServlet'
2023-08-23 09:17:58.452  INFO 3592 --- [http-nio-8890-exec-1] o.s.web.servlet.DispatcherServlet        : Initializing Servlet 'dispatcherServlet'
2023-08-23 09:17:58.457  INFO 3592 --- [http-nio-8890-exec-1] o.s.web.servlet.DispatcherServlet        : Completed initialization in 5 ms
2023-08-23 09:18:03.416  WARN 3592 --- [http-nio-8890-exec-5] o.s.web.servlet.PageNotFound             : No mapping for GET /
2023-08-23 09:18:03.431 ERROR 3592 --- [http-nio-8890-exec-5] c.m.c.c.config.ExceptionHandlerConfig    : class cn.dev33.satoken.exception.NotLoginException: token 无效：eb77c55e-5108-4b82-890f-62dc6a49f106
2023-08-23 09:26:18.781  INFO 3592 --- [SpringApplicationShutdownHook] com.zaxxer.hikari.HikariDataSource       : HikariPool-1 - Shutdown initiated...
2023-08-23 09:26:18.792  INFO 3592 --- [SpringApplicationShutdownHook] com.zaxxer.hikari.HikariDataSource       : HikariPool-1 - Shutdown completed.
2023-08-23 09:26:22.112  INFO 3740 --- [main] com.mist.cloud.MistCloudApplication      : Starting MistCloudApplication using Java 1.8.0_361 on securemistdePro with PID 3740 (/Volumes/W_File/Project/mist_cloud/target/classes started by securemist in /Volumes/W_File/Project/mist_cloud)
2023-08-23 09:26:22.115  INFO 3740 --- [main] com.mist.cloud.MistCloudApplication      : No active profile set, falling back to 1 default profile: "default"
2023-08-23 09:26:23.214  INFO 3740 --- [main] o.s.b.w.embedded.tomcat.TomcatWebServer  : Tomcat initialized with port(s): 8888 (http)
2023-08-23 09:26:23.220  INFO 3740 --- [main] o.apache.catalina.core.StandardService   : Starting service [Tomcat]
2023-08-23 09:26:23.220  INFO 3740 --- [main] org.apache.catalina.core.StandardEngine  : Starting Servlet engine: [Apache Tomcat/9.0.64]
2023-08-23 09:26:23.348  INFO 3740 --- [main] o.a.c.c.C.[Tomcat].[localhost].[/]       : Initializing Spring embedded WebApplicationContext
2023-08-23 09:26:23.348  INFO 3740 --- [main] w.s.c.ServletWebServerApplicationContext : Root WebApplicationContext: initialization completed in 1186 ms
2023-08-23 09:26:24.346  INFO 3740 --- [main] o.s.s.web.DefaultSecurityFilterChain     : Will secure any request with [org.springframework.security.web.session.DisableEncodeUrlFilter@93f15f6, org.springframework.security.web.context.request.async.WebAsyncManagerIntegrationFilter@5034681f, org.springframework.security.web.context.SecurityContextPersistenceFilter@79617c3d, org.springframework.security.web.header.HeaderWriterFilter@5fe3b058, org.springframework.web.filter.CorsFilter@62ea8931, org.springframework.security.web.csrf.CsrfFilter@3ff26c9, org.springframework.security.web.authentication.logout.LogoutFilter@30bbe83, org.springframework.security.web.authentication.UsernamePasswordAuthenticationFilter@24068086, org.springframework.security.web.authentication.ui.DefaultLoginPageGeneratingFilter@7b4619a3, org.springframework.security.web.authentication.ui.DefaultLogoutPageGeneratingFilter@1dfe5dd1, org.springframework.security.web.authentication.www.BasicAuthenticationFilter@5896b9f5, org.springframework.security.web.savedrequest.RequestCacheAwareFilter@197d5a87, org.springframework.security.web.servletapi.SecurityContextHolderAwareRequestFilter@131d977f, org.springframework.security.web.authentication.AnonymousAuthenticationFilter@1fe05fff, org.springframework.security.web.session.SessionManagementFilter@1f75fd1d, org.springframework.security.web.access.ExceptionTranslationFilter@3f80d8c, org.springframework.security.web.access.intercept.FilterSecurityInterceptor@2295566b]
2023-08-23 09:26:24.409  INFO 3740 --- [main] o.s.b.w.embedded.tomcat.TomcatWebServer  : Tomcat started on port(s): 8888 (http) with context path ''
2023-08-23 09:26:24.449  INFO 3740 --- [main] o.s.b.w.embedded.tomcat.TomcatWebServer  : Tomcat initialized with port(s): 8890 (http)
2023-08-23 09:26:24.450  INFO 3740 --- [main] o.apache.catalina.core.StandardService   : Starting service [Tomcat]
2023-08-23 09:26:24.450  INFO 3740 --- [main] org.apache.catalina.core.StandardEngine  : Starting Servlet engine: [Apache Tomcat/9.0.64]
2023-08-23 09:26:24.455  INFO 3740 --- [main] o.a.c.c.C.[Tomcat-1].[localhost].[/]     : Initializing Spring embedded WebApplicationContext
2023-08-23 09:26:24.455  INFO 3740 --- [main] w.s.c.ServletWebServerApplicationContext : Root WebApplicationContext: initialization completed in 43 ms
2023-08-23 09:26:24.463  INFO 3740 --- [main] o.s.b.a.e.web.EndpointLinksResolver      : Exposing 13 endpoint(s) beneath base path '/actuator'
2023-08-23 09:26:24.484  INFO 3740 --- [main] o.s.b.w.embedded.tomcat.TomcatWebServer  : Tomcat started on port(s): 8890 (http) with context path ''
2023-08-23 09:26:24.688  INFO 3740 --- [main] com.mist.cloud.MistCloudApplication      : Started MistCloudApplication in 2.978 seconds (JVM running for 3.306)
2023-08-23 09:26:25.100  INFO 3740 --- [RMI TCP Connection(2)-192.168.1.119] o.a.c.c.C.[Tomcat].[localhost].[/]       : Initializing Spring DispatcherServlet 'dispatcherServlet'
2023-08-23 09:26:25.101  INFO 3740 --- [RMI TCP Connection(2)-192.168.1.119] o.s.web.servlet.DispatcherServlet        : Initializing Servlet 'dispatcherServlet'
2023-08-23 09:26:25.100  INFO 3740 --- [RMI TCP Connection(3)-192.168.1.119] com.zaxxer.hikari.HikariDataSource       : HikariPool-1 - Starting...
2023-08-23 09:26:25.102  INFO 3740 --- [RMI TCP Connection(2)-192.168.1.119] o.s.web.servlet.DispatcherServlet        : Completed initialization in 1 ms
2023-08-23 09:26:25.290  INFO 3740 --- [RMI TCP Connection(3)-192.168.1.119] com.zaxxer.hikari.HikariDataSource       : HikariPool-1 - Start completed.
2023-08-23 09:26:27.924  INFO 3740 --- [http-nio-8890-exec-1] o.a.c.c.C.[Tomcat-1].[localhost].[/]     : Initializing Spring DispatcherServlet 'dispatcherServlet'
2023-08-23 09:26:27.924  INFO 3740 --- [http-nio-8890-exec-1] o.s.web.servlet.DispatcherServlet        : Initializing Servlet 'dispatcherServlet'
2023-08-23 09:26:27.928  INFO 3740 --- [http-nio-8890-exec-1] o.s.web.servlet.DispatcherServlet        : Completed initialization in 3 ms
2023-08-23 09:26:31.790  WARN 3740 --- [http-nio-8890-exec-4] o.s.web.servlet.PageNotFound             : No mapping for GET /
2023-08-23 09:26:31.804 ERROR 3740 --- [http-nio-8890-exec-4] c.m.c.c.config.ExceptionHandlerConfig    : class cn.dev33.satoken.exception.NotLoginException: token 无效：eb77c55e-5108-4b82-890f-62dc6a49f106
2023-08-23 09:27:48.186  INFO 3740 --- [SpringApplicationShutdownHook] com.zaxxer.hikari.HikariDataSource       : HikariPool-1 - Shutdown initiated...
2023-08-23 09:27:48.197  INFO 3740 --- [SpringApplicationShutdownHook] com.zaxxer.hikari.HikariDataSource       : HikariPool-1 - Shutdown completed.
2023-08-23 09:27:50.764  INFO 3772 --- [main] com.mist.cloud.MistCloudApplication      : Starting MistCloudApplication using Java 1.8.0_361 on securemistdePro with PID 3772 (/Volumes/W_File/Project/mist_cloud/target/classes started by securemist in /Volumes/W_File/Project/mist_cloud)
2023-08-23 09:27:50.767  INFO 3772 --- [main] com.mist.cloud.MistCloudApplication      : No active profile set, falling back to 1 default profile: "default"
2023-08-23 09:27:51.815  INFO 3772 --- [main] o.s.b.w.embedded.tomcat.TomcatWebServer  : Tomcat initialized with port(s): 8888 (http)
2023-08-23 09:27:51.821  INFO 3772 --- [main] o.apache.catalina.core.StandardService   : Starting service [Tomcat]
2023-08-23 09:27:51.822  INFO 3772 --- [main] org.apache.catalina.core.StandardEngine  : Starting Servlet engine: [Apache Tomcat/9.0.64]
2023-08-23 09:27:51.893  INFO 3772 --- [main] o.a.c.c.C.[Tomcat].[localhost].[/]       : Initializing Spring embedded WebApplicationContext
2023-08-23 09:27:51.893  INFO 3772 --- [main] w.s.c.ServletWebServerApplicationContext : Root WebApplicationContext: initialization completed in 1096 ms
2023-08-23 09:27:52.693  INFO 3772 --- [main] o.s.s.web.DefaultSecurityFilterChain     : Will secure any request with [org.springframework.security.web.session.DisableEncodeUrlFilter@93f15f6, org.springframework.security.web.context.request.async.WebAsyncManagerIntegrationFilter@5034681f, org.springframework.security.web.context.SecurityContextPersistenceFilter@79617c3d, org.springframework.security.web.header.HeaderWriterFilter@5fe3b058, org.springframework.web.filter.CorsFilter@62ea8931, org.springframework.security.web.csrf.CsrfFilter@3ff26c9, org.springframework.security.web.authentication.logout.LogoutFilter@30bbe83, org.springframework.security.web.authentication.UsernamePasswordAuthenticationFilter@24068086, org.springframework.security.web.authentication.ui.DefaultLoginPageGeneratingFilter@7b4619a3, org.springframework.security.web.authentication.ui.DefaultLogoutPageGeneratingFilter@1dfe5dd1, org.springframework.security.web.authentication.www.BasicAuthenticationFilter@5896b9f5, org.springframework.security.web.savedrequest.RequestCacheAwareFilter@197d5a87, org.springframework.security.web.servletapi.SecurityContextHolderAwareRequestFilter@131d977f, org.springframework.security.web.authentication.AnonymousAuthenticationFilter@1fe05fff, org.springframework.security.web.session.SessionManagementFilter@1f75fd1d, org.springframework.security.web.access.ExceptionTranslationFilter@3f80d8c, org.springframework.security.web.access.intercept.FilterSecurityInterceptor@2295566b]
2023-08-23 09:27:52.757  INFO 3772 --- [main] o.s.b.w.embedded.tomcat.TomcatWebServer  : Tomcat started on port(s): 8888 (http) with context path ''
2023-08-23 09:27:52.798  INFO 3772 --- [main] o.s.b.w.embedded.tomcat.TomcatWebServer  : Tomcat initialized with port(s): 8890 (http)
2023-08-23 09:27:52.798  INFO 3772 --- [main] o.apache.catalina.core.StandardService   : Starting service [Tomcat]
2023-08-23 09:27:52.798  INFO 3772 --- [main] org.apache.catalina.core.StandardEngine  : Starting Servlet engine: [Apache Tomcat/9.0.64]
2023-08-23 09:27:52.804  INFO 3772 --- [main] o.a.c.c.C.[Tomcat-1].[localhost].[/]     : Initializing Spring embedded WebApplicationContext
2023-08-23 09:27:52.804  INFO 3772 --- [main] w.s.c.ServletWebServerApplicationContext : Root WebApplicationContext: initialization completed in 44 ms
2023-08-23 09:27:52.812  INFO 3772 --- [main] o.s.b.a.e.web.EndpointLinksResolver      : Exposing 13 endpoint(s) beneath base path '/actuator'
2023-08-23 09:27:52.834  INFO 3772 --- [main] o.s.b.w.embedded.tomcat.TomcatWebServer  : Tomcat started on port(s): 8890 (http) with context path ''
2023-08-23 09:27:53.054  INFO 3772 --- [main] com.mist.cloud.MistCloudApplication      : Started MistCloudApplication in 2.675 seconds (JVM running for 3.031)
2023-08-23 09:27:53.224  INFO 3772 --- [RMI TCP Connection(3)-192.168.1.119] o.a.c.c.C.[Tomcat].[localhost].[/]       : Initializing Spring DispatcherServlet 'dispatcherServlet'
2023-08-23 09:27:53.224  INFO 3772 --- [RMI TCP Connection(3)-192.168.1.119] o.s.web.servlet.DispatcherServlet        : Initializing Servlet 'dispatcherServlet'
2023-08-23 09:27:53.224  INFO 3772 --- [RMI TCP Connection(2)-192.168.1.119] com.zaxxer.hikari.HikariDataSource       : HikariPool-1 - Starting...
2023-08-23 09:27:53.225  INFO 3772 --- [RMI TCP Connection(3)-192.168.1.119] o.s.web.servlet.DispatcherServlet        : Completed initialization in 1 ms
2023-08-23 09:27:53.430  INFO 3772 --- [RMI TCP Connection(2)-192.168.1.119] com.zaxxer.hikari.HikariDataSource       : HikariPool-1 - Start completed.
2023-08-23 09:27:54.613  INFO 3772 --- [http-nio-8890-exec-1] o.a.c.c.C.[Tomcat-1].[localhost].[/]     : Initializing Spring DispatcherServlet 'dispatcherServlet'
2023-08-23 09:27:54.613  INFO 3772 --- [http-nio-8890-exec-1] o.s.web.servlet.DispatcherServlet        : Initializing Servlet 'dispatcherServlet'
2023-08-23 09:27:54.617  INFO 3772 --- [http-nio-8890-exec-1] o.s.web.servlet.DispatcherServlet        : Completed initialization in 4 ms
2023-08-23 09:27:58.639  WARN 3772 --- [http-nio-8890-exec-4] o.s.web.servlet.PageNotFound             : No mapping for GET /
2023-08-23 09:28:06.020  WARN 3772 --- [http-nio-8890-exec-5] o.s.web.servlet.PageNotFound             : No mapping for GET /sys
2023-08-23 09:29:55.493  WARN 3772 --- [http-nio-8888-exec-9] o.s.web.servlet.PageNotFound             : No mapping for GET /sys
2023-08-23 09:31:16.548  INFO 3772 --- [SpringApplicationShutdownHook] com.zaxxer.hikari.HikariDataSource       : HikariPool-1 - Shutdown initiated...
2023-08-23 09:31:16.560  INFO 3772 --- [SpringApplicationShutdownHook] com.zaxxer.hikari.HikariDataSource       : HikariPool-1 - Shutdown completed.
2023-08-23 09:31:18.199  INFO 3828 --- [main] com.mist.cloud.MistCloudApplication      : Starting MistCloudApplication using Java 1.8.0_361 on securemistdePro with PID 3828 (/Volumes/W_File/Project/mist_cloud/target/classes started by securemist in /Volumes/W_File/Project/mist_cloud)
2023-08-23 09:31:18.202  INFO 3828 --- [main] com.mist.cloud.MistCloudApplication      : No active profile set, falling back to 1 default profile: "default"
2023-08-23 09:31:19.386  INFO 3828 --- [main] o.s.b.w.embedded.tomcat.TomcatWebServer  : Tomcat initialized with port(s): 8888 (http)
2023-08-23 09:31:19.393  INFO 3828 --- [main] o.apache.catalina.core.StandardService   : Starting service [Tomcat]
2023-08-23 09:31:19.394  INFO 3828 --- [main] org.apache.catalina.core.StandardEngine  : Starting Servlet engine: [Apache Tomcat/9.0.64]
2023-08-23 09:31:19.474  INFO 3828 --- [main] o.a.c.c.C.[Tomcat].[localhost].[/]       : Initializing Spring embedded WebApplicationContext
2023-08-23 09:31:19.474  INFO 3828 --- [main] w.s.c.ServletWebServerApplicationContext : Root WebApplicationContext: initialization completed in 1244 ms
2023-08-23 09:31:20.047  INFO 3828 --- [main] o.s.b.a.e.web.EndpointLinksResolver      : Exposing 1 endpoint(s) beneath base path '/actuator'
2023-08-23 09:31:20.291  WARN 3828 --- [main] .s.s.UserDetailsServiceAutoConfiguration : 

Using generated security password: ba9dfd9c-8794-4218-8765-9c4d9f17bbc1

This generated password is for development use only. Your security configuration must be updated before running your application in production.

2023-08-23 09:31:20.370  INFO 3828 --- [main] o.s.s.web.DefaultSecurityFilterChain     : Will secure any request with [org.springframework.security.web.session.DisableEncodeUrlFilter@33891646, org.springframework.security.web.context.request.async.WebAsyncManagerIntegrationFilter@3bdbf8d3, org.springframework.security.web.context.SecurityContextPersistenceFilter@459e120b, org.springframework.security.web.header.HeaderWriterFilter@7c682e26, org.springframework.web.filter.CorsFilter@9b3be1c, org.springframework.security.web.csrf.CsrfFilter@17f41739, org.springframework.security.web.authentication.logout.LogoutFilter@3bf01a01, org.springframework.security.web.authentication.UsernamePasswordAuthenticationFilter@35f01759, org.springframework.security.web.authentication.ui.DefaultLoginPageGeneratingFilter@57927bc9, org.springframework.security.web.authentication.ui.DefaultLogoutPageGeneratingFilter@f2becb2, org.springframework.security.web.authentication.www.BasicAuthenticationFilter@472719df, org.springframework.security.web.savedrequest.RequestCacheAwareFilter@22429a11, org.springframework.security.web.servletapi.SecurityContextHolderAwareRequestFilter@126254ec, org.springframework.security.web.authentication.AnonymousAuthenticationFilter@7482309c, org.springframework.security.web.session.SessionManagementFilter@340fc1aa, org.springframework.security.web.access.ExceptionTranslationFilter@2833c093, org.springframework.security.web.access.intercept.FilterSecurityInterceptor@73234691]
2023-08-23 09:31:20.443  INFO 3828 --- [main] o.s.b.w.embedded.tomcat.TomcatWebServer  : Tomcat started on port(s): 8888 (http) with context path ''
2023-08-23 09:31:20.446  WARN 3828 --- [main] ConfigServletWebServerApplicationContext : Exception encountered during context initialization - cancelling refresh attempt: org.springframework.context.ApplicationContextException: Failed to start bean 'documentationPluginsBootstrapper'; nested exception is java.lang.NullPointerException
2023-08-23 09:31:21.456  WARN 3828 --- [main] org.apache.tomcat.util.net.NioEndpoint   : Failed to unlock acceptor for [http-nio-8888] because the local address was not available
2023-08-23 09:31:21.457  INFO 3828 --- [main] o.apache.catalina.core.StandardService   : Stopping service [Tomcat]
2023-08-23 09:31:21.458 ERROR 3828 --- [http-nio-8888-Acceptor] org.apache.tomcat.util.net.Acceptor      : Socket accept failed

java.nio.channels.AsynchronousCloseException: null
	at java.nio.channels.spi.AbstractInterruptibleChannel.end(AbstractInterruptibleChannel.java:205)
	at sun.nio.ch.ServerSocketChannelImpl.accept(ServerSocketChannelImpl.java:259)
	at org.apache.tomcat.util.net.NioEndpoint.serverSocketAccept(NioEndpoint.java:546)
	at org.apache.tomcat.util.net.NioEndpoint.serverSocketAccept(NioEndpoint.java:79)
	at org.apache.tomcat.util.net.Acceptor.run(Acceptor.java:129)
	at java.lang.Thread.run(Thread.java:750)

2023-08-23 09:31:21.469  INFO 3828 --- [main] ConditionEvaluationReportLoggingListener : 

Error starting ApplicationContext. To display the conditions report re-run your application with 'debug' enabled.
2023-08-23 09:31:21.486 ERROR 3828 --- [main] o.s.boot.SpringApplication               : Application run failed

org.springframework.context.ApplicationContextException: Failed to start bean 'documentationPluginsBootstrapper'; nested exception is java.lang.NullPointerException
	at org.springframework.context.support.DefaultLifecycleProcessor.doStart(DefaultLifecycleProcessor.java:181)
	at org.springframework.context.support.DefaultLifecycleProcessor.access$200(DefaultLifecycleProcessor.java:54)
	at org.springframework.context.support.DefaultLifecycleProcessor$LifecycleGroup.start(DefaultLifecycleProcessor.java:356)
	at java.lang.Iterable.forEach(Iterable.java:75)
	at org.springframework.context.support.DefaultLifecycleProcessor.startBeans(DefaultLifecycleProcessor.java:155)
	at org.springframework.context.support.DefaultLifecycleProcessor.onRefresh(DefaultLifecycleProcessor.java:123)
	at org.springframework.context.support.AbstractApplicationContext.finishRefresh(AbstractApplicationContext.java:935)
	at org.springframework.context.support.AbstractApplicationContext.refresh(AbstractApplicationContext.java:586)
	at org.springframework.boot.web.servlet.context.ServletWebServerApplicationContext.refresh(ServletWebServerApplicationContext.java:147)
	at org.springframework.boot.SpringApplication.refresh(SpringApplication.java:734)
	at org.springframework.boot.SpringApplication.refreshContext(SpringApplication.java:408)
	at org.springframework.boot.SpringApplication.run(SpringApplication.java:308)
	at org.springframework.boot.SpringApplication.run(SpringApplication.java:1306)
	at org.springframework.boot.SpringApplication.run(SpringApplication.java:1295)
	at com.mist.cloud.MistCloudApplication.main(MistCloudApplication.java:13)
Caused by: java.lang.NullPointerException: null
	at springfox.documentation.spring.web.WebMvcPatternsRequestConditionWrapper.getPatterns(WebMvcPatternsRequestConditionWrapper.java:56)
	at springfox.documentation.RequestHandler.sortedPaths(RequestHandler.java:113)
	at springfox.documentation.spi.service.contexts.Orderings.lambda$byPatternsCondition$3(Orderings.java:89)
	at java.util.Comparator.lambda$comparing$77a9974f$1(Comparator.java:469)
	at java.util.TimSort.countRunAndMakeAscending(TimSort.java:355)
	at java.util.TimSort.sort(TimSort.java:220)
	at java.util.Arrays.sort(Arrays.java:1512)
	at java.util.ArrayList.sort(ArrayList.java:1464)
	at java.util.stream.SortedOps$RefSortingSink.end(SortedOps.java:387)
	at java.util.stream.Sink$ChainedReference.end(Sink.java:258)
	at java.util.stream.Sink$ChainedReference.end(Sink.java:258)
	at java.util.stream.Sink$ChainedReference.end(Sink.java:258)
	at java.util.stream.Sink$ChainedReference.end(Sink.java:258)
	at java.util.stream.AbstractPipeline.copyInto(AbstractPipeline.java:483)
	at java.util.stream.AbstractPipeline.wrapAndCopyInto(AbstractPipeline.java:472)
	at java.util.stream.ReduceOps$ReduceOp.evaluateSequential(ReduceOps.java:708)
	at java.util.stream.AbstractPipeline.evaluate(AbstractPipeline.java:234)
	at java.util.stream.ReferencePipeline.collect(ReferencePipeline.java:499)
	at springfox.documentation.spring.web.plugins.WebMvcRequestHandlerProvider.requestHandlers(WebMvcRequestHandlerProvider.java:81)
	at java.util.stream.ReferencePipeline$3$1.accept(ReferencePipeline.java:193)
	at java.util.ArrayList$ArrayListSpliterator.forEachRemaining(ArrayList.java:1384)
	at java.util.stream.AbstractPipeline.copyInto(AbstractPipeline.java:482)
	at java.util.stream.AbstractPipeline.wrapAndCopyInto(AbstractPipeline.java:472)
	at java.util.stream.ReduceOps$ReduceOp.evaluateSequential(ReduceOps.java:708)
	at java.util.stream.AbstractPipeline.evaluate(AbstractPipeline.java:234)
	at java.util.stream.ReferencePipeline.collect(ReferencePipeline.java:499)
	at springfox.documentation.spring.web.plugins.AbstractDocumentationPluginsBootstrapper.withDefaults(AbstractDocumentationPluginsBootstrapper.java:107)
	at springfox.documentation.spring.web.plugins.AbstractDocumentationPluginsBootstrapper.buildContext(AbstractDocumentationPluginsBootstrapper.java:91)
	at springfox.documentation.spring.web.plugins.AbstractDocumentationPluginsBootstrapper.bootstrapDocumentationPlugins(AbstractDocumentationPluginsBootstrapper.java:82)
	at springfox.documentation.spring.web.plugins.DocumentationPluginsBootstrapper.start(DocumentationPluginsBootstrapper.java:100)
	at org.springframework.context.support.DefaultLifecycleProcessor.doStart(DefaultLifecycleProcessor.java:178)
	... 14 common frames omitted

2023-08-23 09:31:34.864  INFO 3847 --- [main] com.mist.cloud.MistCloudApplication      : Starting MistCloudApplication using Java 1.8.0_361 on securemistdePro with PID 3847 (/Volumes/W_File/Project/mist_cloud/target/classes started by securemist in /Volumes/W_File/Project/mist_cloud)
2023-08-23 09:31:34.867  INFO 3847 --- [main] com.mist.cloud.MistCloudApplication      : No active profile set, falling back to 1 default profile: "default"
2023-08-23 09:31:35.691  INFO 3847 --- [main] o.s.b.w.embedded.tomcat.TomcatWebServer  : Tomcat initialized with port(s): 8888 (http)
2023-08-23 09:31:35.697  INFO 3847 --- [main] o.apache.catalina.core.StandardService   : Starting service [Tomcat]
2023-08-23 09:31:35.697  INFO 3847 --- [main] org.apache.catalina.core.StandardEngine  : Starting Servlet engine: [Apache Tomcat/9.0.64]
2023-08-23 09:31:35.778  INFO 3847 --- [main] o.a.c.c.C.[Tomcat].[localhost].[/]       : Initializing Spring embedded WebApplicationContext
2023-08-23 09:31:35.778  INFO 3847 --- [main] w.s.c.ServletWebServerApplicationContext : Root WebApplicationContext: initialization completed in 877 ms
2023-08-23 09:31:36.389  INFO 3847 --- [main] o.s.b.w.embedded.tomcat.TomcatWebServer  : Tomcat started on port(s): 8888 (http) with context path ''
2023-08-23 09:31:36.573  INFO 3847 --- [main] com.mist.cloud.MistCloudApplication      : Started MistCloudApplication in 2.089 seconds (JVM running for 2.394)
2023-08-23 09:31:41.015  INFO 3847 --- [http-nio-8888-exec-1] o.a.c.c.C.[Tomcat].[localhost].[/]       : Initializing Spring DispatcherServlet 'dispatcherServlet'
2023-08-23 09:31:41.015  INFO 3847 --- [http-nio-8888-exec-1] o.s.web.servlet.DispatcherServlet        : Initializing Servlet 'dispatcherServlet'
2023-08-23 09:31:41.016  INFO 3847 --- [http-nio-8888-exec-1] o.s.web.servlet.DispatcherServlet        : Completed initialization in 0 ms
2023-08-23 09:31:41.045 ERROR 3847 --- [http-nio-8888-exec-2] c.m.c.c.config.ExceptionHandlerConfig    : class cn.dev33.satoken.exception.NotLoginException: token 无效：eb77c55e-5108-4b82-890f-62dc6a49f106
2023-08-23 09:31:42.818  INFO 3847 --- [http-nio-8888-exec-5] com.zaxxer.hikari.HikariDataSource       : HikariPool-1 - Starting...
2023-08-23 09:31:43.006  INFO 3847 --- [http-nio-8888-exec-5] com.zaxxer.hikari.HikariDataSource       : HikariPool-1 - Start completed.
2023-08-23 09:32:16.958  WARN 3847 --- [HikariPool-1 housekeeper] com.zaxxer.hikari.pool.HikariPool        : HikariPool-1 - Retrograde clock change detected (housekeeper delta=29s786ms), soft-evicting connections from pool.
2023-08-23 09:32:44.887  INFO 3847 --- [SpringApplicationShutdownHook] com.zaxxer.hikari.HikariDataSource       : HikariPool-1 - Shutdown initiated...
2023-08-23 09:32:44.905  INFO 3847 --- [SpringApplicationShutdownHook] com.zaxxer.hikari.HikariDataSource       : HikariPool-1 - Shutdown completed.
2023-08-23 09:32:46.480  INFO 3877 --- [main] com.mist.cloud.MistCloudApplication      : Starting MistCloudApplication using Java 1.8.0_361 on securemistdePro with PID 3877 (/Volumes/W_File/Project/mist_cloud/target/classes started by securemist in /Volumes/W_File/Project/mist_cloud)
2023-08-23 09:32:46.482  INFO 3877 --- [main] com.mist.cloud.MistCloudApplication      : No active profile set, falling back to 1 default profile: "default"
2023-08-23 09:32:47.418  INFO 3877 --- [main] o.s.b.w.embedded.tomcat.TomcatWebServer  : Tomcat initialized with port(s): 8888 (http)
2023-08-23 09:32:47.425  INFO 3877 --- [main] o.apache.catalina.core.StandardService   : Starting service [Tomcat]
2023-08-23 09:32:47.425  INFO 3877 --- [main] org.apache.catalina.core.StandardEngine  : Starting Servlet engine: [Apache Tomcat/9.0.64]
2023-08-23 09:32:47.510  INFO 3877 --- [main] o.a.c.c.C.[Tomcat].[localhost].[/]       : Initializing Spring embedded WebApplicationContext
2023-08-23 09:32:47.511  INFO 3877 --- [main] w.s.c.ServletWebServerApplicationContext : Root WebApplicationContext: initialization completed in 1000 ms
2023-08-23 09:32:48.165  INFO 3877 --- [main] o.s.b.w.embedded.tomcat.TomcatWebServer  : Tomcat started on port(s): 8888 (http) with context path ''
2023-08-23 09:32:48.389  INFO 3877 --- [main] com.mist.cloud.MistCloudApplication      : Started MistCloudApplication in 2.339 seconds (JVM running for 2.711)
2023-08-23 09:32:51.058  INFO 3877 --- [http-nio-8888-exec-1] o.a.c.c.C.[Tomcat].[localhost].[/]       : Initializing Spring DispatcherServlet 'dispatcherServlet'
2023-08-23 09:32:51.059  INFO 3877 --- [http-nio-8888-exec-1] o.s.web.servlet.DispatcherServlet        : Initializing Servlet 'dispatcherServlet'
2023-08-23 09:32:51.060  INFO 3877 --- [http-nio-8888-exec-1] o.s.web.servlet.DispatcherServlet        : Completed initialization in 1 ms
2023-08-23 09:32:51.091 ERROR 3877 --- [http-nio-8888-exec-2] c.m.c.c.config.ExceptionHandlerConfig    : class cn.dev33.satoken.exception.NotLoginException: token 无效：11ed20cc-075e-4e4f-b4e0-05b9e35837b8
2023-08-23 09:32:52.430  INFO 3877 --- [http-nio-8888-exec-5] com.zaxxer.hikari.HikariDataSource       : HikariPool-1 - Starting...
2023-08-23 09:32:52.614  INFO 3877 --- [http-nio-8888-exec-5] com.zaxxer.hikari.HikariDataSource       : HikariPool-1 - Start completed.
2023-08-23 09:33:46.139  WARN 3877 --- [HikariPool-1 housekeeper] com.zaxxer.hikari.pool.HikariPool        : HikariPool-1 - Thread starvation or clock leap detected (housekeeper delta=50s175ms).
2023-08-23 09:45:22.392  INFO 3877 --- [SpringApplicationShutdownHook] com.zaxxer.hikari.HikariDataSource       : HikariPool-1 - Shutdown initiated...
2023-08-23 09:45:22.405  INFO 3877 --- [SpringApplicationShutdownHook] com.zaxxer.hikari.HikariDataSource       : HikariPool-1 - Shutdown completed.
2023-08-23 09:45:25.996  INFO 4163 --- [main] com.mist.cloud.MistCloudApplication      : Starting MistCloudApplication using Java 1.8.0_361 on securemistdePro with PID 4163 (/Volumes/W_File/Project/mist_cloud/target/classes started by securemist in /Volumes/W_File/Project/mist_cloud)
2023-08-23 09:45:25.999  INFO 4163 --- [main] com.mist.cloud.MistCloudApplication      : No active profile set, falling back to 1 default profile: "default"
2023-08-23 09:45:26.907  INFO 4163 --- [main] o.s.b.w.embedded.tomcat.TomcatWebServer  : Tomcat initialized with port(s): 8888 (http)
2023-08-23 09:45:26.914  INFO 4163 --- [main] o.apache.catalina.core.StandardService   : Starting service [Tomcat]
2023-08-23 09:45:26.915  INFO 4163 --- [main] org.apache.catalina.core.StandardEngine  : Starting Servlet engine: [Apache Tomcat/9.0.64]
2023-08-23 09:45:26.999  INFO 4163 --- [main] o.a.c.c.C.[Tomcat].[localhost].[/]       : Initializing Spring embedded WebApplicationContext
2023-08-23 09:45:26.999  INFO 4163 --- [main] w.s.c.ServletWebServerApplicationContext : Root WebApplicationContext: initialization completed in 962 ms
2023-08-23 09:45:27.602  WARN 4163 --- [main] ConfigServletWebServerApplicationContext : Exception encountered during context initialization - cancelling refresh attempt: org.springframework.beans.factory.UnsatisfiedDependencyException: Error creating bean with name 'cn.dev33.satoken.spring.SaBeanInject': Unsatisfied dependency expressed through constructor parameter 1; nested exception is org.springframework.boot.context.properties.ConfigurationPropertiesBindException: Error creating bean with name 'getSaTokenConfig': Could not bind properties to 'SaTokenConfig' : prefix=sa-token, ignoreInvalidFields=false, ignoreUnknownFields=true; nested exception is org.springframework.boot.context.properties.bind.BindException: Failed to bind properties under 'sa-token.is-share' to java.lang.Boolean
2023-08-23 09:45:27.606  INFO 4163 --- [main] o.apache.catalina.core.StandardService   : Stopping service [Tomcat]
2023-08-23 09:45:27.613  INFO 4163 --- [main] ConditionEvaluationReportLoggingListener : 

Error starting ApplicationContext. To display the conditions report re-run your application with 'debug' enabled.
2023-08-23 09:45:27.626 ERROR 4163 --- [main] o.s.b.d.LoggingFailureAnalysisReporter   : 

***************************
APPLICATION FAILED TO START
***************************

Description:

Failed to bind properties under 'sa-token.is-share' to java.lang.Boolean:

    Property: sa-token.is-share
    Value: random-64
    Origin: class path resource [application.yaml] - 52:13
    Reason: failed to convert java.lang.String to java.lang.Boolean (caused by java.lang.IllegalArgumentException: Invalid boolean value 'random-64')

Action:

Update your application's configuration

2023-08-23 09:46:19.190  INFO 4178 --- [main] com.mist.cloud.MistCloudApplication      : Starting MistCloudApplication using Java 1.8.0_361 on securemistdePro with PID 4178 (/Volumes/W_File/Project/mist_cloud/target/classes started by securemist in /Volumes/W_File/Project/mist_cloud)
2023-08-23 09:46:19.192  INFO 4178 --- [main] com.mist.cloud.MistCloudApplication      : No active profile set, falling back to 1 default profile: "default"
2023-08-23 09:46:20.059  INFO 4178 --- [main] o.s.b.w.embedded.tomcat.TomcatWebServer  : Tomcat initialized with port(s): 8888 (http)
2023-08-23 09:46:20.066  INFO 4178 --- [main] o.apache.catalina.core.StandardService   : Starting service [Tomcat]
2023-08-23 09:46:20.066  INFO 4178 --- [main] org.apache.catalina.core.StandardEngine  : Starting Servlet engine: [Apache Tomcat/9.0.64]
2023-08-23 09:46:20.145  INFO 4178 --- [main] o.a.c.c.C.[Tomcat].[localhost].[/]       : Initializing Spring embedded WebApplicationContext
2023-08-23 09:46:20.145  INFO 4178 --- [main] w.s.c.ServletWebServerApplicationContext : Root WebApplicationContext: initialization completed in 919 ms
2023-08-23 09:46:20.751  INFO 4178 --- [main] o.s.b.w.embedded.tomcat.TomcatWebServer  : Tomcat started on port(s): 8888 (http) with context path ''
2023-08-23 09:46:20.926  INFO 4178 --- [main] com.mist.cloud.MistCloudApplication      : Started MistCloudApplication in 2.094 seconds (JVM running for 2.425)
2023-08-23 09:46:27.626  INFO 4178 --- [http-nio-8888-exec-1] o.a.c.c.C.[Tomcat].[localhost].[/]       : Initializing Spring DispatcherServlet 'dispatcherServlet'
2023-08-23 09:46:27.627  INFO 4178 --- [http-nio-8888-exec-1] o.s.web.servlet.DispatcherServlet        : Initializing Servlet 'dispatcherServlet'
2023-08-23 09:46:27.628  INFO 4178 --- [http-nio-8888-exec-1] o.s.web.servlet.DispatcherServlet        : Completed initialization in 1 ms
2023-08-23 09:46:27.662 ERROR 4178 --- [http-nio-8888-exec-2] c.m.c.c.config.ExceptionHandlerConfig    : class cn.dev33.satoken.exception.NotLoginException: token 无效：7667c0a1-33b4-41ce-92c5-aa76228abeae
2023-08-23 09:46:36.321  INFO 4178 --- [http-nio-8888-exec-5] com.zaxxer.hikari.HikariDataSource       : HikariPool-1 - Starting...
2023-08-23 09:46:39.381  INFO 4178 --- [http-nio-8888-exec-5] com.zaxxer.hikari.HikariDataSource       : HikariPool-1 - Start completed.
2023-08-23 09:48:59.011  INFO 4178 --- [SpringApplicationShutdownHook] com.zaxxer.hikari.HikariDataSource       : HikariPool-1 - Shutdown initiated...
2023-08-23 09:48:59.023  INFO 4178 --- [SpringApplicationShutdownHook] com.zaxxer.hikari.HikariDataSource       : HikariPool-1 - Shutdown completed.
2023-08-23 09:49:01.736  INFO 4229 --- [main] com.mist.cloud.MistCloudApplication      : Starting MistCloudApplication using Java 1.8.0_361 on securemistdePro with PID 4229 (/Volumes/W_File/Project/mist_cloud/target/classes started by securemist in /Volumes/W_File/Project/mist_cloud)
2023-08-23 09:49:01.739  INFO 4229 --- [main] com.mist.cloud.MistCloudApplication      : No active profile set, falling back to 1 default profile: "default"
2023-08-23 09:49:02.629  INFO 4229 --- [main] o.s.b.w.embedded.tomcat.TomcatWebServer  : Tomcat initialized with port(s): 8888 (http)
2023-08-23 09:49:02.635  INFO 4229 --- [main] o.apache.catalina.core.StandardService   : Starting service [Tomcat]
2023-08-23 09:49:02.635  INFO 4229 --- [main] org.apache.catalina.core.StandardEngine  : Starting Servlet engine: [Apache Tomcat/9.0.64]
2023-08-23 09:49:02.717  INFO 4229 --- [main] o.a.c.c.C.[Tomcat].[localhost].[/]       : Initializing Spring embedded WebApplicationContext
2023-08-23 09:49:02.718  INFO 4229 --- [main] w.s.c.ServletWebServerApplicationContext : Root WebApplicationContext: initialization completed in 949 ms
2023-08-23 09:49:03.395  INFO 4229 --- [main] o.s.b.w.embedded.tomcat.TomcatWebServer  : Tomcat started on port(s): 8888 (http) with context path ''
2023-08-23 09:49:03.586  INFO 4229 --- [main] com.mist.cloud.MistCloudApplication      : Started MistCloudApplication in 2.192 seconds (JVM running for 2.497)
2023-08-23 09:49:06.435  INFO 4229 --- [http-nio-8888-exec-1] o.a.c.c.C.[Tomcat].[localhost].[/]       : Initializing Spring DispatcherServlet 'dispatcherServlet'
2023-08-23 09:49:06.436  INFO 4229 --- [http-nio-8888-exec-1] o.s.web.servlet.DispatcherServlet        : Initializing Servlet 'dispatcherServlet'
2023-08-23 09:49:06.437  INFO 4229 --- [http-nio-8888-exec-1] o.s.web.servlet.DispatcherServlet        : Completed initialization in 1 ms
2023-08-23 09:49:06.466 ERROR 4229 --- [http-nio-8888-exec-2] c.m.c.c.config.ExceptionHandlerConfig    : class cn.dev33.satoken.exception.NotLoginException: token 无效：2S3YTiGEIEgEzEpuMXUOVyyjyHPhQYvluDnGOTgRwzLXxixHoE8tmqF7J8qBfZlL
2023-08-23 09:49:11.061  INFO 4229 --- [http-nio-8888-exec-5] com.zaxxer.hikari.HikariDataSource       : HikariPool-1 - Starting...
2023-08-23 09:49:11.260  INFO 4229 --- [http-nio-8888-exec-5] com.zaxxer.hikari.HikariDataSource       : HikariPool-1 - Start completed.
2023-08-23 09:51:05.485  INFO 4229 --- [SpringApplicationShutdownHook] com.zaxxer.hikari.HikariDataSource       : HikariPool-1 - Shutdown initiated...
2023-08-23 09:51:05.497  INFO 4229 --- [SpringApplicationShutdownHook] com.zaxxer.hikari.HikariDataSource       : HikariPool-1 - Shutdown completed.
2023-08-23 09:51:07.923  INFO 4285 --- [main] com.mist.cloud.MistCloudApplication      : Starting MistCloudApplication using Java 1.8.0_361 on securemistdePro with PID 4285 (/Volumes/W_File/Project/mist_cloud/target/classes started by securemist in /Volumes/W_File/Project/mist_cloud)
2023-08-23 09:51:07.925  INFO 4285 --- [main] com.mist.cloud.MistCloudApplication      : No active profile set, falling back to 1 default profile: "default"
2023-08-23 09:51:08.752  INFO 4285 --- [main] o.s.b.w.embedded.tomcat.TomcatWebServer  : Tomcat initialized with port(s): 8888 (http)
2023-08-23 09:51:08.758  INFO 4285 --- [main] o.apache.catalina.core.StandardService   : Starting service [Tomcat]
2023-08-23 09:51:08.758  INFO 4285 --- [main] org.apache.catalina.core.StandardEngine  : Starting Servlet engine: [Apache Tomcat/9.0.64]
2023-08-23 09:51:08.835  INFO 4285 --- [main] o.a.c.c.C.[Tomcat].[localhost].[/]       : Initializing Spring embedded WebApplicationContext
2023-08-23 09:51:08.836  INFO 4285 --- [main] w.s.c.ServletWebServerApplicationContext : Root WebApplicationContext: initialization completed in 880 ms
2023-08-23 09:51:09.535  INFO 4285 --- [main] o.s.b.w.embedded.tomcat.TomcatWebServer  : Tomcat started on port(s): 8888 (http) with context path ''
2023-08-23 09:51:09.711  INFO 4285 --- [main] com.mist.cloud.MistCloudApplication      : Started MistCloudApplication in 2.117 seconds (JVM running for 2.418)
2023-08-23 09:51:43.777  INFO 4285 --- [http-nio-8888-exec-2] o.a.c.c.C.[Tomcat].[localhost].[/]       : Initializing Spring DispatcherServlet 'dispatcherServlet'
2023-08-23 09:51:43.778  INFO 4285 --- [http-nio-8888-exec-2] o.s.web.servlet.DispatcherServlet        : Initializing Servlet 'dispatcherServlet'
2023-08-23 09:51:43.779  INFO 4285 --- [http-nio-8888-exec-2] o.s.web.servlet.DispatcherServlet        : Completed initialization in 1 ms
2023-08-23 09:51:43.809 ERROR 4285 --- [http-nio-8888-exec-1] c.m.c.c.config.ExceptionHandlerConfig    : class cn.dev33.satoken.exception.NotLoginException: token 无效：bFqYeyhtbUgFr1tSS1JLfl6FiqMvoTVRGRvWTKnXgmplqn5hX992oTxVhwpnj8lx
2023-08-23 09:51:44.413 ERROR 4285 --- [http-nio-8888-exec-5] c.m.c.c.config.ExceptionHandlerConfig    : class java.lang.IllegalArgumentException: Cannot find cache named 'files' for Builder[public java.util.List com.mist.cloud.infrastructure.repository.FolderRepository.findFiles(java.lang.Long)] caches=[files] | key='#folderId' | keyGenerator='' | cacheManager='' | cacheResolver='' | condition='' | unless='' | sync='false'
2023-08-23 09:51:59.601 ERROR 4285 --- [http-nio-8888-exec-7] c.m.c.c.config.ExceptionHandlerConfig    : class java.lang.IllegalArgumentException: Cannot find cache named 'files' for Builder[public java.util.List com.mist.cloud.infrastructure.repository.FolderRepository.findFiles(java.lang.Long)] caches=[files] | key='#folderId' | keyGenerator='' | cacheManager='' | cacheResolver='' | condition='' | unless='' | sync='false'
2023-08-23 09:54:10.883  INFO 4335 --- [main] com.mist.cloud.MistCloudApplication      : Starting MistCloudApplication using Java 1.8.0_361 on securemistdePro with PID 4335 (/Volumes/W_File/Project/mist_cloud/target/classes started by securemist in /Volumes/W_File/Project/mist_cloud)
2023-08-23 09:54:10.885  INFO 4335 --- [main] com.mist.cloud.MistCloudApplication      : No active profile set, falling back to 1 default profile: "default"
2023-08-23 09:54:11.759  INFO 4335 --- [main] o.s.b.w.embedded.tomcat.TomcatWebServer  : Tomcat initialized with port(s): 8888 (http)
2023-08-23 09:54:11.765  INFO 4335 --- [main] o.apache.catalina.core.StandardService   : Starting service [Tomcat]
2023-08-23 09:54:11.766  INFO 4335 --- [main] org.apache.catalina.core.StandardEngine  : Starting Servlet engine: [Apache Tomcat/9.0.64]
2023-08-23 09:54:11.847  INFO 4335 --- [main] o.a.c.c.C.[Tomcat].[localhost].[/]       : Initializing Spring embedded WebApplicationContext
2023-08-23 09:54:11.847  INFO 4335 --- [main] w.s.c.ServletWebServerApplicationContext : Root WebApplicationContext: initialization completed in 926 ms
2023-08-23 09:54:12.539  INFO 4335 --- [main] o.s.b.w.embedded.tomcat.TomcatWebServer  : Tomcat started on port(s): 8888 (http) with context path ''
2023-08-23 09:54:12.723  INFO 4335 --- [main] com.mist.cloud.MistCloudApplication      : Started MistCloudApplication in 2.22 seconds (JVM running for 2.52)
2023-08-23 09:54:17.879  INFO 4335 --- [http-nio-8888-exec-1] o.a.c.c.C.[Tomcat].[localhost].[/]       : Initializing Spring DispatcherServlet 'dispatcherServlet'
2023-08-23 09:54:17.880  INFO 4335 --- [http-nio-8888-exec-1] o.s.web.servlet.DispatcherServlet        : Initializing Servlet 'dispatcherServlet'
2023-08-23 09:54:17.881  INFO 4335 --- [http-nio-8888-exec-1] o.s.web.servlet.DispatcherServlet        : Completed initialization in 1 ms
2023-08-23 09:54:17.909 ERROR 4335 --- [http-nio-8888-exec-2] c.m.c.c.config.ExceptionHandlerConfig    : class cn.dev33.satoken.exception.NotLoginException: token 无效：KEHMgpcA0FIG9ADTEmStMGvkoipW62R9ANYxdmCmKnaqScz5YXgsghU82Dvt3sCu
2023-08-23 09:54:19.103  INFO 4335 --- [http-nio-8888-exec-5] com.zaxxer.hikari.HikariDataSource       : HikariPool-1 - Starting...
2023-08-23 09:54:19.322  INFO 4335 --- [http-nio-8888-exec-5] com.zaxxer.hikari.HikariDataSource       : HikariPool-1 - Start completed.
2023-08-23 09:54:19.362 ERROR 4335 --- [http-nio-8888-exec-5] c.m.c.c.config.ExceptionHandlerConfig    : class java.lang.IllegalArgumentException: Cannot find cache named 'subfolders' for Builder[public java.util.List com.mist.cloud.infrastructure.repository.FolderRepository.findSubFolders(java.lang.Long)] caches=[subfolders] | key='#folderId' | keyGenerator='' | cacheManager='' | cacheResolver='' | condition='' | unless='' | sync='false'
2023-08-23 09:54:20.933 ERROR 4335 --- [http-nio-8888-exec-6] c.m.c.c.config.ExceptionHandlerConfig    : class java.lang.IllegalArgumentException: Cannot find cache named 'subfolders' for Builder[public java.util.List com.mist.cloud.infrastructure.repository.FolderRepository.findSubFolders(java.lang.Long)] caches=[subfolders] | key='#folderId' | keyGenerator='' | cacheManager='' | cacheResolver='' | condition='' | unless='' | sync='false'
2023-08-23 09:56:27.990  INFO 4335 --- [SpringApplicationShutdownHook] com.zaxxer.hikari.HikariDataSource       : HikariPool-1 - Shutdown initiated...
2023-08-23 09:56:28.001  INFO 4335 --- [SpringApplicationShutdownHook] com.zaxxer.hikari.HikariDataSource       : HikariPool-1 - Shutdown completed.
2023-08-23 09:56:29.399  INFO 4376 --- [main] com.mist.cloud.MistCloudApplication      : Starting MistCloudApplication using Java 1.8.0_361 on securemistdePro with PID 4376 (/Volumes/W_File/Project/mist_cloud/target/classes started by securemist in /Volumes/W_File/Project/mist_cloud)
2023-08-23 09:56:29.401  INFO 4376 --- [main] com.mist.cloud.MistCloudApplication      : No active profile set, falling back to 1 default profile: "default"
2023-08-23 09:56:30.268  INFO 4376 --- [main] o.s.b.w.embedded.tomcat.TomcatWebServer  : Tomcat initialized with port(s): 8888 (http)
2023-08-23 09:56:30.274  INFO 4376 --- [main] o.apache.catalina.core.StandardService   : Starting service [Tomcat]
2023-08-23 09:56:30.274  INFO 4376 --- [main] org.apache.catalina.core.StandardEngine  : Starting Servlet engine: [Apache Tomcat/9.0.64]
2023-08-23 09:56:30.352  INFO 4376 --- [main] o.a.c.c.C.[Tomcat].[localhost].[/]       : Initializing Spring embedded WebApplicationContext
2023-08-23 09:56:30.352  INFO 4376 --- [main] w.s.c.ServletWebServerApplicationContext : Root WebApplicationContext: initialization completed in 921 ms
2023-08-23 09:56:31.057  INFO 4376 --- [main] o.s.b.w.embedded.tomcat.TomcatWebServer  : Tomcat started on port(s): 8888 (http) with context path ''
2023-08-23 09:56:31.231  INFO 4376 --- [main] com.mist.cloud.MistCloudApplication      : Started MistCloudApplication in 2.176 seconds (JVM running for 2.474)
2023-08-23 10:03:10.588  INFO 4491 --- [main] com.mist.cloud.MistCloudApplication      : Starting MistCloudApplication using Java 1.8.0_361 on securemistdePro with PID 4491 (/Volumes/W_File/Project/mist_cloud/target/classes started by securemist in /Volumes/W_File/Project/mist_cloud)
2023-08-23 10:03:10.591  INFO 4491 --- [main] com.mist.cloud.MistCloudApplication      : No active profile set, falling back to 1 default profile: "default"
2023-08-23 10:03:11.519  INFO 4491 --- [main] o.s.b.w.embedded.tomcat.TomcatWebServer  : Tomcat initialized with port(s): 8888 (http)
2023-08-23 10:03:11.526  INFO 4491 --- [main] o.apache.catalina.core.StandardService   : Starting service [Tomcat]
2023-08-23 10:03:11.527  INFO 4491 --- [main] org.apache.catalina.core.StandardEngine  : Starting Servlet engine: [Apache Tomcat/9.0.64]
2023-08-23 10:03:11.612  INFO 4491 --- [main] o.a.c.c.C.[Tomcat].[localhost].[/]       : Initializing Spring embedded WebApplicationContext
2023-08-23 10:03:11.612  INFO 4491 --- [main] w.s.c.ServletWebServerApplicationContext : Root WebApplicationContext: initialization completed in 991 ms
2023-08-23 10:03:12.221  INFO 4491 --- [main] o.s.b.w.embedded.tomcat.TomcatWebServer  : Tomcat started on port(s): 8888 (http) with context path ''
2023-08-23 10:03:12.448  INFO 4491 --- [main] com.mist.cloud.MistCloudApplication      : Started MistCloudApplication in 2.231 seconds (JVM running for 2.594)
2023-08-23 10:03:16.371  INFO 4491 --- [http-nio-8888-exec-1] o.a.c.c.C.[Tomcat].[localhost].[/]       : Initializing Spring DispatcherServlet 'dispatcherServlet'
2023-08-23 10:03:16.372  INFO 4491 --- [http-nio-8888-exec-1] o.s.web.servlet.DispatcherServlet        : Initializing Servlet 'dispatcherServlet'
2023-08-23 10:03:16.374  INFO 4491 --- [http-nio-8888-exec-1] o.s.web.servlet.DispatcherServlet        : Completed initialization in 2 ms
2023-08-23 10:03:16.406 ERROR 4491 --- [http-nio-8888-exec-2] c.m.c.c.config.ExceptionHandlerConfig    : class cn.dev33.satoken.exception.NotLoginException: token 无效：au8Din67WZgz35ch77iD4LGJRnMuJLt8IpJ4C9JKhrMbIflm65mtYs9oWHuI4b1f
2023-08-23 10:03:17.643  INFO 4491 --- [http-nio-8888-exec-5] com.zaxxer.hikari.HikariDataSource       : HikariPool-1 - Starting...
2023-08-23 10:03:17.848  INFO 4491 --- [http-nio-8888-exec-5] com.zaxxer.hikari.HikariDataSource       : HikariPool-1 - Start completed.
2023-08-23 10:03:22.755  WARN 4491 --- [http-nio-8888-exec-7] o.s.w.c.request.async.WebAsyncManager    : 
!!!
An Executor is required to handle java.util.concurrent.Callable return values.
Please, configure a TaskExecutor in the MVC config under "async support".
The SimpleAsyncTaskExecutor currently in use is not suitable under load.
-------------------------------
Request URI: '/download'
!!!
2023-08-23 10:05:08.459  INFO 4491 --- [SpringApplicationShutdownHook] com.zaxxer.hikari.HikariDataSource       : HikariPool-1 - Shutdown initiated...
2023-08-23 10:05:08.472  INFO 4491 --- [SpringApplicationShutdownHook] com.zaxxer.hikari.HikariDataSource       : HikariPool-1 - Shutdown completed.
2023-08-23 10:05:11.086  INFO 4566 --- [main] com.mist.cloud.MistCloudApplication      : Starting MistCloudApplication using Java 1.8.0_361 on securemistdePro with PID 4566 (/Volumes/W_File/Project/mist_cloud/target/classes started by securemist in /Volumes/W_File/Project/mist_cloud)
2023-08-23 10:05:11.089  INFO 4566 --- [main] com.mist.cloud.MistCloudApplication      : No active profile set, falling back to 1 default profile: "default"
2023-08-23 10:05:11.972  INFO 4566 --- [main] o.s.b.w.embedded.tomcat.TomcatWebServer  : Tomcat initialized with port(s): 8888 (http)
2023-08-23 10:05:11.979  INFO 4566 --- [main] o.apache.catalina.core.StandardService   : Starting service [Tomcat]
2023-08-23 10:05:11.980  INFO 4566 --- [main] org.apache.catalina.core.StandardEngine  : Starting Servlet engine: [Apache Tomcat/9.0.64]
2023-08-23 10:05:12.069  INFO 4566 --- [main] o.a.c.c.C.[Tomcat].[localhost].[/]       : Initializing Spring embedded WebApplicationContext
2023-08-23 10:05:12.069  INFO 4566 --- [main] w.s.c.ServletWebServerApplicationContext : Root WebApplicationContext: initialization completed in 947 ms
2023-08-23 10:05:12.719  INFO 4566 --- [main] o.s.b.w.embedded.tomcat.TomcatWebServer  : Tomcat started on port(s): 8888 (http) with context path ''
2023-08-23 10:05:12.902  INFO 4566 --- [main] com.mist.cloud.MistCloudApplication      : Started MistCloudApplication in 2.177 seconds (JVM running for 2.515)
2023-08-23 10:05:40.357  INFO 4566 --- [http-nio-8888-exec-1] o.a.c.c.C.[Tomcat].[localhost].[/]       : Initializing Spring DispatcherServlet 'dispatcherServlet'
2023-08-23 10:05:40.358  INFO 4566 --- [http-nio-8888-exec-1] o.s.web.servlet.DispatcherServlet        : Initializing Servlet 'dispatcherServlet'
2023-08-23 10:05:40.359  INFO 4566 --- [http-nio-8888-exec-1] o.s.web.servlet.DispatcherServlet        : Completed initialization in 1 ms
2023-08-23 10:05:40.385 ERROR 4566 --- [http-nio-8888-exec-2] c.m.c.c.config.ExceptionHandlerConfig    : class cn.dev33.satoken.exception.NotLoginException: token 无效：LWq8KhH0dWKcVTcXeNqGy0BWJumht2PXaQ5RvjCJtTGCYQv6qGzoZEpRdq96hoUQ
2023-08-23 10:05:41.414  INFO 4566 --- [http-nio-8888-exec-5] com.zaxxer.hikari.HikariDataSource       : HikariPool-1 - Starting...
2023-08-23 10:05:41.619  INFO 4566 --- [http-nio-8888-exec-5] com.zaxxer.hikari.HikariDataSource       : HikariPool-1 - Start completed.
2023-08-23 10:06:00.038  INFO 4566 --- [http-nio-8888-exec-5] c.m.c.d.t.contoller.UploadController     : 文件上传成功, 文件位置: /Users/securemist/Downloads/mist_cloud/file/4K-Moving-Stars-Live-Wallpaper+(1).mp4
2023-08-23 10:06:14.157  INFO 4566 --- [http-nio-8888-exec-9] c.m.c.d.t.contoller.UploadController     : 文件上传成功, 文件位置: /Users/securemist/Downloads/mist_cloud/file/1609063819209.jpg
2023-08-23 10:06:14.168  INFO 4566 --- [http-nio-8888-exec-9] c.m.c.d.t.contoller.UploadController     : 文件上传成功, 文件位置: /Users/securemist/Downloads/mist_cloud/file/1609499623213.jpg
2023-08-23 10:06:14.186  INFO 4566 --- [http-nio-8888-exec-9] c.m.c.d.t.contoller.UploadController     : 文件上传成功, 文件位置: /Users/securemist/Downloads/mist_cloud/file/bg1546.jpg
2023-08-23 10:06:14.198  INFO 4566 --- [http-nio-8888-exec-9] c.m.c.d.t.contoller.UploadController     : 文件上传成功, 文件位置: /Users/securemist/Downloads/mist_cloud/file/1609063706942.jpg
2023-08-23 10:06:14.454  INFO 4566 --- [http-nio-8888-exec-9] c.m.c.d.t.contoller.UploadController     : 文件上传成功, 文件位置: /Users/securemist/Downloads/mist_cloud/file/4K-Moving-Stars-Live-Wallpaper+(1).mp4
2023-08-23 10:06:14.481  INFO 4566 --- [http-nio-8888-exec-9] c.m.c.d.t.contoller.UploadController     : 文件上传成功, 文件位置: /Users/securemist/Downloads/mist_cloud/file/架子鼓.jpg
2023-08-23 10:06:14.493  INFO 4566 --- [http-nio-8888-exec-9] c.m.c.d.t.contoller.UploadController     : 文件上传成功, 文件位置: /Users/securemist/Downloads/mist_cloud/file/1609499455807.jpg
2023-08-23 10:06:14.508  INFO 4566 --- [http-nio-8888-exec-9] c.m.c.d.t.contoller.UploadController     : 文件上传成功, 文件位置: /Users/securemist/Downloads/mist_cloud/file/1609063531713.jpg
2023-08-23 10:06:14.522  INFO 4566 --- [http-nio-8888-exec-9] c.m.c.d.t.contoller.UploadController     : 文件上传成功, 文件位置: /Users/securemist/Downloads/mist_cloud/file/psc.jpg
2023-08-23 10:06:14.534  INFO 4566 --- [http-nio-8888-exec-9] c.m.c.d.t.contoller.UploadController     : 文件上传成功, 文件位置: /Users/securemist/Downloads/mist_cloud/file/bg3.jpg
2023-08-23 10:06:14.548  INFO 4566 --- [http-nio-8888-exec-9] c.m.c.d.t.contoller.UploadController     : 文件上传成功, 文件位置: /Users/securemist/Downloads/mist_cloud/file/1607224717833.jpg
2023-08-23 10:06:14.560  INFO 4566 --- [http-nio-8888-exec-9] c.m.c.d.t.contoller.UploadController     : 文件上传成功, 文件位置: /Users/securemist/Downloads/mist_cloud/file/1609063611307.jpg
2023-08-23 10:06:14.573  INFO 4566 --- [http-nio-8888-exec-9] c.m.c.d.t.contoller.UploadController     : 文件上传成功, 文件位置: /Users/securemist/Downloads/mist_cloud/file/1609499436379.jpg
2023-08-23 10:06:14.584  INFO 4566 --- [http-nio-8888-exec-9] c.m.c.d.t.contoller.UploadController     : 文件上传成功, 文件位置: /Users/securemist/Downloads/mist_cloud/file/1609063761987.jpg
2023-08-23 10:06:14.595  INFO 4566 --- [http-nio-8888-exec-9] c.m.c.d.t.contoller.UploadController     : 文件上传成功, 文件位置: /Users/securemist/Downloads/mist_cloud/file/1609063772740.jpg
2023-08-23 10:06:14.609  INFO 4566 --- [http-nio-8888-exec-9] c.m.c.d.t.contoller.UploadController     : 文件上传成功, 文件位置: /Users/securemist/Downloads/mist_cloud/file/魔幻森林壁纸.jpg
2023-08-23 10:06:14.620  INFO 4566 --- [http-nio-8888-exec-9] c.m.c.d.t.contoller.UploadController     : 文件上传成功, 文件位置: /Users/securemist/Downloads/mist_cloud/file/1609499462669.jpg
2023-08-23 10:06:14.669  INFO 4566 --- [http-nio-8888-exec-9] c.m.c.d.t.contoller.UploadController     : 文件上传成功, 文件位置: /Users/securemist/Downloads/mist_cloud/file/bg15461.jpg
2023-08-23 10:06:14.684  INFO 4566 --- [http-nio-8888-exec-9] c.m.c.d.t.contoller.UploadController     : 文件上传成功, 文件位置: /Users/securemist/Downloads/mist_cloud/file/IMG_20210102_104509.jpg
2023-08-23 10:06:14.698  INFO 4566 --- [http-nio-8888-exec-9] c.m.c.d.t.contoller.UploadController     : 文件上传成功, 文件位置: /Users/securemist/Downloads/mist_cloud/file/Snipaste_2023-01-17_19-22-58.jpg
2023-08-23 10:06:14.720  INFO 4566 --- [http-nio-8888-exec-9] c.m.c.d.t.contoller.UploadController     : 文件上传成功, 文件位置: /Users/securemist/Downloads/mist_cloud/file/马尾2.jpg
2023-08-23 10:06:14.737  INFO 4566 --- [http-nio-8888-exec-9] c.m.c.d.t.contoller.UploadController     : 文件上传成功, 文件位置: /Users/securemist/Downloads/mist_cloud/file/bg2.jpg
2023-08-23 10:06:14.748  INFO 4566 --- [http-nio-8888-exec-9] c.m.c.d.t.contoller.UploadController     : 文件上传成功, 文件位置: /Users/securemist/Downloads/mist_cloud/file/1609499596722.jpg
2023-08-23 10:06:14.773  INFO 4566 --- [http-nio-8888-exec-9] c.m.c.d.t.contoller.UploadController     : 文件上传成功, 文件位置: /Users/securemist/Downloads/mist_cloud/file/极简壁纸02.png
2023-08-23 10:06:14.785  INFO 4566 --- [http-nio-8888-exec-9] c.m.c.d.t.contoller.UploadController     : 文件上传成功, 文件位置: /Users/securemist/Downloads/mist_cloud/file/极简壁纸01.jpg
2023-08-23 10:06:14.825  INFO 4566 --- [http-nio-8888-exec-9] c.m.c.d.t.contoller.UploadController     : 文件上传成功, 文件位置: /Users/securemist/Downloads/mist_cloud/file/Snipaste_2022-09-18_00-31-32.png
2023-08-23 10:06:26.291  WARN 4566 --- [http-nio-8888-exec-4] o.s.w.c.request.async.WebAsyncManager    : 
!!!
An Executor is required to handle java.util.concurrent.Callable return values.
Please, configure a TaskExecutor in the MVC config under "async support".
The SimpleAsyncTaskExecutor currently in use is not suitable under load.
-------------------------------
Request URI: '/download'
!!!
2023-08-23 10:07:12.728 ERROR 4566 --- [http-nio-8888-exec-2] c.m.c.c.config.ExceptionHandlerConfig    : class cn.dev33.satoken.exception.NotLoginException: token 无效：undefined
2023-08-23 10:17:11.605  WARN 4566 --- [HikariPool-1 housekeeper] com.zaxxer.hikari.pool.HikariPool        : HikariPool-1 - Retrograde clock change detected (housekeeper delta=29s825ms), soft-evicting connections from pool.
2023-08-23 10:17:59.752  INFO 4566 --- [SpringApplicationShutdownHook] com.zaxxer.hikari.HikariDataSource       : HikariPool-1 - Shutdown initiated...
2023-08-23 10:17:59.764  INFO 4566 --- [SpringApplicationShutdownHook] com.zaxxer.hikari.HikariDataSource       : HikariPool-1 - Shutdown completed.
